nohup: ignoring input
Watching for file changes with StatReloader
[19/Sep/2025 01:02:58] "GET / HTTP/1.1" 302 0
[19/Sep/2025 01:02:58] "GET /admin/ HTTP/1.1" 200 13746
[19/Sep/2025 01:02:58] "GET /static/admin/css/base.css HTTP/1.1" 304 0
[19/Sep/2025 01:02:58] "GET /static/admin/css/responsive.css HTTP/1.1" 304 0
[19/Sep/2025 01:02:58] "GET /static/admin/css/dark_mode.css HTTP/1.1" 304 0
[19/Sep/2025 01:02:58] "GET /static/admin/css/nav_sidebar.css HTTP/1.1" 304 0
[19/Sep/2025 01:02:58] "GET /static/admin/js/theme.js HTTP/1.1" 304 0
[19/Sep/2025 01:02:58] "GET /static/admin/js/nav_sidebar.js HTTP/1.1" 304 0
[19/Sep/2025 01:02:58] "GET /static/admin/img/icon-addlink.svg HTTP/1.1" 304 0
[19/Sep/2025 01:03:08] "GET /admin/patients/ HTTP/1.1" 200 13795
[19/Sep/2025 01:03:10] "GET /admin/patients/doctor/ HTTP/1.1" 200 16833
[19/Sep/2025 01:03:10] "GET /static/admin/css/changelists.css HTTP/1.1" 304 0
[19/Sep/2025 01:03:10] "GET /static/admin/js/vendor/jquery/jquery.js HTTP/1.1" 304 0
[19/Sep/2025 01:03:10] "GET /static/admin/js/admin/RelatedObjectLookups.js HTTP/1.1" 304 0
[19/Sep/2025 01:03:10] "GET /static/admin/js/jquery.init.js HTTP/1.1" 304 0
[19/Sep/2025 01:03:10] "GET /static/admin/js/urlify.js HTTP/1.1" 304 0
[19/Sep/2025 01:03:10] "GET /static/admin/js/actions.js HTTP/1.1" 304 0
[19/Sep/2025 01:03:10] "GET /static/admin/js/core.js HTTP/1.1" 304 0
[19/Sep/2025 01:03:10] "GET /static/admin/js/vendor/xregexp/xregexp.js HTTP/1.1" 304 0
[19/Sep/2025 01:03:10] "GET /static/admin/js/prepopulate.js HTTP/1.1" 304 0
[19/Sep/2025 01:03:10] "GET /static/admin/img/search.svg HTTP/1.1" 304 0
[19/Sep/2025 01:03:10] "GET /static/admin/js/filters.js HTTP/1.1" 304 0
[19/Sep/2025 01:03:10] "GET /static/admin/img/tooltag-add.svg HTTP/1.1" 304 0
[19/Sep/2025 01:03:36] "GET /admin/patients/doctor/ HTTP/1.1" 200 16833
[19/Sep/2025 01:03:36] "GET /static/admin/css/base.css HTTP/1.1" 304 0
[19/Sep/2025 01:03:36] "GET /static/admin/js/vendor/jquery/jquery.js HTTP/1.1" 304 0
[19/Sep/2025 01:03:36] "GET /static/admin/css/responsive.css HTTP/1.1" 304 0
[19/Sep/2025 01:03:36] "GET /static/admin/css/nav_sidebar.css HTTP/1.1" 304 0
[19/Sep/2025 01:03:36] "GET /static/admin/js/theme.js HTTP/1.1" 304 0
[19/Sep/2025 01:03:36] "GET /static/admin/css/changelists.css HTTP/1.1" 304 0
[19/Sep/2025 01:03:36] "GET /static/admin/css/dark_mode.css HTTP/1.1" 304 0
[19/Sep/2025 01:03:36] "GET /static/admin/js/actions.js HTTP/1.1" 304 0
[19/Sep/2025 01:03:36] "GET /static/admin/js/core.js HTTP/1.1" 304 0
[19/Sep/2025 01:03:36] "GET /static/admin/js/jquery.init.js HTTP/1.1" 304 0
[19/Sep/2025 01:03:36] "GET /static/admin/js/admin/RelatedObjectLookups.js HTTP/1.1" 304 0
[19/Sep/2025 01:03:36] "GET /static/admin/js/urlify.js HTTP/1.1" 304 0
[19/Sep/2025 01:03:36] "GET /static/admin/js/prepopulate.js HTTP/1.1" 304 0
[19/Sep/2025 01:03:36] "GET /static/admin/js/vendor/xregexp/xregexp.js HTTP/1.1" 304 0
[19/Sep/2025 01:03:36] "GET /static/admin/img/search.svg HTTP/1.1" 304 0
[19/Sep/2025 01:03:36] "GET /static/admin/js/nav_sidebar.js HTTP/1.1" 304 0
[19/Sep/2025 01:03:36] "GET /static/admin/js/filters.js HTTP/1.1" 304 0
[19/Sep/2025 01:03:37] "GET /static/admin/img/icon-addlink.svg HTTP/1.1" 304 0
[19/Sep/2025 01:04:16] "GET /admin/patients/patient/ HTTP/1.1" 200 21301
[19/Sep/2025 01:04:16] "GET /static/admin/css/base.css HTTP/1.1" 304 0
[19/Sep/2025 01:04:16] "GET /static/admin/css/dark_mode.css HTTP/1.1" 304 0
[19/Sep/2025 01:04:16] "GET /static/admin/css/responsive.css HTTP/1.1" 304 0
[19/Sep/2025 01:04:16] "GET /static/admin/css/changelists.css HTTP/1.1" 304 0
[19/Sep/2025 01:04:16] "GET /static/admin/js/theme.js HTTP/1.1" 304 0
[19/Sep/2025 01:04:16] "GET /static/admin/css/nav_sidebar.css HTTP/1.1" 304 0
[19/Sep/2025 01:04:16] "GET /static/admin/js/admin/RelatedObjectLookups.js HTTP/1.1" 304 0
[19/Sep/2025 01:04:16] "GET /static/admin/js/core.js HTTP/1.1" 304 0
[19/Sep/2025 01:04:16] "GET /admin/jsi18n/ HTTP/1.1" 200 3342
[19/Sep/2025 01:04:16] "GET /static/admin/js/jquery.init.js HTTP/1.1" 304 0
[19/Sep/2025 01:04:16] "GET /static/admin/js/vendor/jquery/jquery.js HTTP/1.1" 304 0
[19/Sep/2025 01:04:16] "GET /static/admin/js/actions.js HTTP/1.1" 304 0
[19/Sep/2025 01:04:16] "GET /static/admin/js/urlify.js HTTP/1.1" 304 0
[19/Sep/2025 01:04:16] "GET /static/admin/js/prepopulate.js HTTP/1.1" 304 0
[19/Sep/2025 01:04:16] "GET /static/admin/js/vendor/xregexp/xregexp.js HTTP/1.1" 304 0
[19/Sep/2025 01:04:16] "GET /static/admin/img/search.svg HTTP/1.1" 304 0
[19/Sep/2025 01:04:16] "GET /static/admin/js/nav_sidebar.js HTTP/1.1" 304 0
[19/Sep/2025 01:04:16] "GET /static/admin/js/filters.js HTTP/1.1" 304 0
[19/Sep/2025 01:04:16] "GET /static/admin/img/icon-viewlink.svg HTTP/1.1" 304 0
[19/Sep/2025 01:04:16] "GET /static/admin/img/sorting-icons.svg HTTP/1.1" 304 0
[19/Sep/2025 01:04:17] "GET /static/admin/img/icon-addlink.svg HTTP/1.1" 304 0
[19/Sep/2025 01:04:18] "GET /admin/analyses/analysisresultslink/ HTTP/1.1" 302 0
[19/Sep/2025 01:04:18] "GET /analyses/results/ HTTP/1.1" 200 6881
[19/Sep/2025 01:04:19] "GET /admin/patients/patient/ HTTP/1.1" 200 21301
[19/Sep/2025 01:04:20] "GET /admin/analyses/analysis/ HTTP/1.1" 200 26494
[19/Sep/2025 01:04:20] "GET /static/analysis_dynamic_fields.js HTTP/1.1" 200 147
[19/Sep/2025 01:04:20] "GET /admin/jsi18n/ HTTP/1.1" 200 3342
[19/Sep/2025 01:04:22] "GET /admin/analyses/analysisrequest/ HTTP/1.1" 200 19461
[19/Sep/2025 01:04:22] "GET /admin/jsi18n/ HTTP/1.1" 200 3342
[19/Sep/2025 01:04:24] "GET /admin/analyses/todaysanalysis/ HTTP/1.1" 200 20174
[19/Sep/2025 01:04:24] "GET /static/analyses/css/todays_analysis_admin.css HTTP/1.1" 404 1928
[19/Sep/2025 01:04:24] "GET /static/admin/img/icon-yes.svg HTTP/1.1" 304 0
[19/Sep/2025 01:04:26] "GET /admin/analyses/testcatalog/ HTTP/1.1" 200 41283
[19/Sep/2025 01:04:27] "GET /admin/jsi18n/ HTTP/1.1" 200 3342
[19/Sep/2025 01:04:47] "GET /admin/ HTTP/1.1" 302 0
[19/Sep/2025 01:05:27] "GET /admin/ HTTP/1.1" 302 0
[19/Sep/2025 01:05:37] "GET /admin/analyses/testcatalog/ HTTP/1.1" 200 44672
[19/Sep/2025 01:05:37] "GET /static/admin/css/dark_mode.css HTTP/1.1" 304 0
[19/Sep/2025 01:05:37] "GET /static/admin/css/nav_sidebar.css HTTP/1.1" 304 0
[19/Sep/2025 01:05:37] "GET /static/admin/css/base.css HTTP/1.1" 304 0
[19/Sep/2025 01:05:37] "GET /static/admin/css/responsive.css HTTP/1.1" 304 0
[19/Sep/2025 01:05:37] "GET /static/admin/css/changelists.css HTTP/1.1" 304 0
[19/Sep/2025 01:05:37] "GET /admin/jsi18n/ HTTP/1.1" 200 3342
[19/Sep/2025 01:05:37] "GET /static/admin/js/core.js HTTP/1.1" 304 0
[19/Sep/2025 01:05:37] "GET /static/admin/js/vendor/jquery/jquery.js HTTP/1.1" 304 0
[19/Sep/2025 01:05:37] "GET /static/admin/js/admin/RelatedObjectLookups.js HTTP/1.1" 304 0
[19/Sep/2025 01:05:37] "GET /static/admin/js/theme.js HTTP/1.1" 304 0
[19/Sep/2025 01:05:37] "GET /static/admin/js/jquery.init.js HTTP/1.1" 304 0
[19/Sep/2025 01:05:38] "GET /static/admin/js/actions.js HTTP/1.1" 304 0
[19/Sep/2025 01:05:38] "GET /static/admin/js/prepopulate.js HTTP/1.1" 304 0
[19/Sep/2025 01:05:38] "GET /static/admin/img/search.svg HTTP/1.1" 304 0
[19/Sep/2025 01:05:38] "GET /static/admin/js/urlify.js HTTP/1.1" 304 0
[19/Sep/2025 01:05:38] "GET /static/admin/js/vendor/xregexp/xregexp.js HTTP/1.1" 304 0
[19/Sep/2025 01:05:38] "GET /static/admin/js/nav_sidebar.js HTTP/1.1" 304 0
[19/Sep/2025 01:05:38] "GET /static/admin/js/filters.js HTTP/1.1" 304 0
[19/Sep/2025 01:05:38] "GET /static/admin/img/icon-addlink.svg HTTP/1.1" 304 0
[19/Sep/2025 01:06:00] "GET /admin/analyses/analysis/ HTTP/1.1" 200 29883
[19/Sep/2025 01:06:00] "GET /admin/jsi18n/ HTTP/1.1" 200 3342
[19/Sep/2025 01:07:30] "GET /admin/analyses/analysis/ HTTP/1.1" 200 29883
[19/Sep/2025 01:07:31] "GET /static/admin/css/base.css HTTP/1.1" 304 0
[19/Sep/2025 01:07:31] "GET /static/admin/css/dark_mode.css HTTP/1.1" 304 0
[19/Sep/2025 01:07:31] "GET /static/admin/js/theme.js HTTP/1.1" 304 0
[19/Sep/2025 01:07:31] "GET /static/admin/css/changelists.css HTTP/1.1" 304 0
[19/Sep/2025 01:07:31] "GET /static/admin/js/vendor/jquery/jquery.js HTTP/1.1" 304 0
[19/Sep/2025 01:07:31] "GET /static/admin/js/jquery.init.js HTTP/1.1" 304 0
[19/Sep/2025 01:07:31] "GET /static/admin/css/nav_sidebar.css HTTP/1.1" 304 0
[19/Sep/2025 01:07:31] "GET /static/admin/css/responsive.css HTTP/1.1" 304 0
[19/Sep/2025 01:07:31] "GET /static/admin/js/core.js HTTP/1.1" 304 0
[19/Sep/2025 01:07:31] "GET /static/admin/js/admin/RelatedObjectLookups.js HTTP/1.1" 304 0
[19/Sep/2025 01:07:31] "GET /admin/jsi18n/ HTTP/1.1" 200 3342
[19/Sep/2025 01:07:31] "GET /static/admin/js/actions.js HTTP/1.1" 304 0
[19/Sep/2025 01:07:31] "GET /static/admin/js/urlify.js HTTP/1.1" 304 0
[19/Sep/2025 01:07:31] "GET /static/admin/js/prepopulate.js HTTP/1.1" 304 0
[19/Sep/2025 01:07:31] "GET /static/admin/js/vendor/xregexp/xregexp.js HTTP/1.1" 304 0
[19/Sep/2025 01:07:31] "GET /static/admin/img/search.svg HTTP/1.1" 304 0
[19/Sep/2025 01:07:31] "GET /static/admin/js/nav_sidebar.js HTTP/1.1" 304 0
[19/Sep/2025 01:07:31] "GET /static/admin/js/filters.js HTTP/1.1" 304 0
[19/Sep/2025 01:07:31] "GET /static/admin/img/icon-addlink.svg HTTP/1.1" 304 0
[19/Sep/2025 01:07:44] "GET /admin/ HTTP/1.1" 302 0
[19/Sep/2025 01:08:08] "GET /admin/login/?next=/admin/ HTTP/1.1" 200 10535
Forbidden (CSRF token missing.): /admin/login/
[19/Sep/2025 01:08:08] "POST /admin/login/?next=/admin/ HTTP/1.1" 403 2491
[19/Sep/2025 01:08:08] "GET /admin/ HTTP/1.1" 302 0
[19/Sep/2025 01:08:19] "GET /admin/analyses/analysis/ HTTP/1.1" 200 29883
[19/Sep/2025 01:08:19] "GET /admin/jsi18n/ HTTP/1.1" 200 3342
[19/Sep/2025 01:08:21] "GET /admin/analyses/testcatalog/ HTTP/1.1" 200 44672
[19/Sep/2025 01:08:21] "GET /static/admin/css/changelists.css HTTP/1.1" 304 0
[19/Sep/2025 01:08:21] "GET /static/admin/js/theme.js HTTP/1.1" 304 0
[19/Sep/2025 01:08:21] "GET /static/admin/css/dark_mode.css HTTP/1.1" 304 0
[19/Sep/2025 01:08:21] "GET /static/admin/css/nav_sidebar.css HTTP/1.1" 304 0
[19/Sep/2025 01:08:21] "GET /static/admin/css/base.css HTTP/1.1" 304 0
[19/Sep/2025 01:08:21] "GET /admin/jsi18n/ HTTP/1.1" 200 3342
[19/Sep/2025 01:08:21] "GET /static/admin/js/jquery.init.js HTTP/1.1" 304 0
[19/Sep/2025 01:08:21] "GET /static/admin/js/core.js HTTP/1.1" 304 0
[19/Sep/2025 01:08:21] "GET /static/admin/js/vendor/jquery/jquery.js HTTP/1.1" 304 0
[19/Sep/2025 01:08:21] "GET /static/admin/js/admin/RelatedObjectLookups.js HTTP/1.1" 304 0
[19/Sep/2025 01:08:21] "GET /static/admin/css/responsive.css HTTP/1.1" 304 0
[19/Sep/2025 01:08:21] "GET /static/admin/js/actions.js HTTP/1.1" 304 0
[19/Sep/2025 01:08:21] "GET /static/admin/js/vendor/xregexp/xregexp.js HTTP/1.1" 304 0
[19/Sep/2025 01:08:21] "GET /static/admin/js/prepopulate.js HTTP/1.1" 304 0
[19/Sep/2025 01:08:21] "GET /static/admin/img/search.svg HTTP/1.1" 304 0
[19/Sep/2025 01:08:21] "GET /static/admin/js/urlify.js HTTP/1.1" 304 0
[19/Sep/2025 01:08:21] "GET /static/admin/js/nav_sidebar.js HTTP/1.1" 304 0
[19/Sep/2025 01:08:21] "GET /static/admin/js/filters.js HTTP/1.1" 304 0
[19/Sep/2025 01:08:21] "GET /static/admin/img/icon-addlink.svg HTTP/1.1" 304 0
[19/Sep/2025 01:08:24] "GET /admin/auth/user/ HTTP/1.1" 200 23309
[19/Sep/2025 01:08:24] "GET /static/admin/img/icon-yes.svg HTTP/1.1" 304 0
[19/Sep/2025 01:08:24] "GET /admin/jsi18n/ HTTP/1.1" 200 3342
[19/Sep/2025 01:08:47] "GET /admin/ HTTP/1.1" 302 0
[19/Sep/2025 01:09:04] "GET /admin/auth/user/ HTTP/1.1" 200 25920
[19/Sep/2025 01:09:04] "GET /admin/jsi18n/ HTTP/1.1" 200 3342
[19/Sep/2025 01:10:22] "GET /admin/ HTTP/1.1" 302 0
[19/Sep/2025 01:10:29] "GET /admin/auth/user/ HTTP/1.1" 200 25920
[19/Sep/2025 01:10:29] "GET /static/admin/css/base.css HTTP/1.1" 304 0
[19/Sep/2025 01:10:29] "GET /static/admin/css/changelists.css HTTP/1.1" 304 0
[19/Sep/2025 01:10:29] "GET /static/admin/css/dark_mode.css HTTP/1.1" 304 0
[19/Sep/2025 01:10:29] "GET /static/admin/css/responsive.css HTTP/1.1" 304 0
[19/Sep/2025 01:10:29] "GET /static/admin/js/theme.js HTTP/1.1" 304 0
[19/Sep/2025 01:10:29] "GET /static/admin/css/nav_sidebar.css HTTP/1.1" 304 0
[19/Sep/2025 01:10:29] "GET /admin/jsi18n/ HTTP/1.1" 200 3342
[19/Sep/2025 01:10:29] "GET /static/admin/js/actions.js HTTP/1.1" 304 0
[19/Sep/2025 01:10:29] "GET /static/admin/js/vendor/jquery/jquery.js HTTP/1.1" 304 0
[19/Sep/2025 01:10:29] "GET /static/admin/js/jquery.init.js HTTP/1.1" 304 0
[19/Sep/2025 01:10:29] "GET /static/admin/js/admin/RelatedObjectLookups.js HTTP/1.1" 304 0
[19/Sep/2025 01:10:29] "GET /static/admin/js/core.js HTTP/1.1" 304 0
[19/Sep/2025 01:10:29] "GET /static/admin/js/urlify.js HTTP/1.1" 304 0
[19/Sep/2025 01:10:29] "GET /static/admin/js/vendor/xregexp/xregexp.js HTTP/1.1" 304 0
[19/Sep/2025 01:10:29] "GET /static/admin/img/icon-yes.svg HTTP/1.1" 304 0
[19/Sep/2025 01:10:29] "GET /static/admin/js/prepopulate.js HTTP/1.1" 304 0
[19/Sep/2025 01:10:29] "GET /static/admin/img/search.svg HTTP/1.1" 304 0
[19/Sep/2025 01:10:29] "GET /static/admin/js/nav_sidebar.js HTTP/1.1" 304 0
[19/Sep/2025 01:10:29] "GET /static/admin/js/filters.js HTTP/1.1" 304 0
[19/Sep/2025 01:10:29] "GET /static/admin/img/icon-addlink.svg HTTP/1.1" 304 0
[19/Sep/2025 01:10:30] "GET /admin/auth/user/ HTTP/1.1" 200 25920
[19/Sep/2025 01:10:30] "GET /admin/jsi18n/ HTTP/1.1" 200 3342
[19/Sep/2025 01:11:00] "GET /admin/auth/user/ HTTP/1.1" 200 25920
[19/Sep/2025 01:11:00] "GET /admin/jsi18n/ HTTP/1.1" 200 3342
[19/Sep/2025 01:11:01] "GET /admin/auth/user/ HTTP/1.1" 200 25920
[19/Sep/2025 01:11:01] "GET /admin/jsi18n/ HTTP/1.1" 200 3342
[19/Sep/2025 01:11:04] "GET /admin/analyses/analysisrequest/ HTTP/1.1" 200 25461
[19/Sep/2025 01:11:04] "GET /admin/jsi18n/ HTTP/1.1" 200 3342
[19/Sep/2025 01:11:08] "GET /admin/analyses/todaysanalysis/ HTTP/1.1" 200 26174
[19/Sep/2025 01:11:08] "GET /static/analyses/css/todays_analysis_admin.css HTTP/1.1" 404 1928
[19/Sep/2025 01:11:08] "GET /static/admin/img/icon-viewlink.svg HTTP/1.1" 304 0
[19/Sep/2025 01:12:20] "GET /admin/ HTTP/1.1" 302 0
[19/Sep/2025 01:12:38] "GET /admin/analyses/todaysanalysis/ HTTP/1.1" 200 26174
[19/Sep/2025 01:12:38] "GET /static/admin/css/base.css HTTP/1.1" 304 0
[19/Sep/2025 01:12:38] "GET /static/admin/css/nav_sidebar.css HTTP/1.1" 304 0
[19/Sep/2025 01:12:38] "GET /static/admin/css/dark_mode.css HTTP/1.1" 304 0
[19/Sep/2025 01:12:38] "GET /static/admin/css/responsive.css HTTP/1.1" 304 0
[19/Sep/2025 01:12:38] "GET /static/analyses/css/todays_analysis_admin.css HTTP/1.1" 404 1928
[19/Sep/2025 01:12:38] "GET /static/admin/css/changelists.css HTTP/1.1" 304 0
[19/Sep/2025 01:12:38] "GET /static/admin/js/admin/RelatedObjectLookups.js HTTP/1.1" 304 0
[19/Sep/2025 01:12:38] "GET /static/admin/js/vendor/jquery/jquery.js HTTP/1.1" 304 0
[19/Sep/2025 01:12:38] "GET /static/admin/js/core.js HTTP/1.1" 304 0
[19/Sep/2025 01:12:38] "GET /static/admin/js/theme.js HTTP/1.1" 304 0
[19/Sep/2025 01:12:38] "GET /static/admin/js/jquery.init.js HTTP/1.1" 304 0
[19/Sep/2025 01:12:38] "GET /static/admin/js/actions.js HTTP/1.1" 304 0
[19/Sep/2025 01:12:38] "GET /static/admin/js/urlify.js HTTP/1.1" 304 0
[19/Sep/2025 01:12:38] "GET /static/admin/img/icon-yes.svg HTTP/1.1" 304 0
[19/Sep/2025 01:12:38] "GET /static/admin/js/prepopulate.js HTTP/1.1" 304 0
[19/Sep/2025 01:12:38] "GET /static/admin/js/vendor/xregexp/xregexp.js HTTP/1.1" 304 0
[19/Sep/2025 01:12:38] "GET /static/admin/img/search.svg HTTP/1.1" 304 0
[19/Sep/2025 01:12:38] "GET /static/admin/js/nav_sidebar.js HTTP/1.1" 304 0
[19/Sep/2025 01:12:38] "GET /static/admin/js/filters.js HTTP/1.1" 304 0
[19/Sep/2025 01:12:38] "GET /static/admin/img/icon-addlink.svg HTTP/1.1" 304 0
[19/Sep/2025 01:12:38] "GET /static/admin/img/icon-viewlink.svg HTTP/1.1" 304 0
[19/Sep/2025 01:12:39] "GET /admin/analyses/todaysanalysis/ HTTP/1.1" 200 26174
[19/Sep/2025 01:12:39] "GET /static/analyses/css/todays_analysis_admin.css HTTP/1.1" 404 1928
[19/Sep/2025 01:14:02] "GET /admin/analyses/todaysanalysis/ HTTP/1.1" 200 26174
[19/Sep/2025 01:14:02] "GET /static/admin/css/changelists.css HTTP/1.1" 304 0
[19/Sep/2025 01:14:02] "GET /static/admin/css/nav_sidebar.css HTTP/1.1" 304 0
[19/Sep/2025 01:14:02] "GET /static/admin/css/base.css HTTP/1.1" 304 0
[19/Sep/2025 01:14:02] "GET /static/analyses/css/todays_analysis_admin.css HTTP/1.1" 404 1928
[19/Sep/2025 01:14:02] "GET /static/admin/css/dark_mode.css HTTP/1.1" 304 0
[19/Sep/2025 01:14:02] "GET /static/admin/css/responsive.css HTTP/1.1" 304 0
[19/Sep/2025 01:14:02] "GET /static/admin/js/jquery.init.js HTTP/1.1" 304 0
[19/Sep/2025 01:14:02] "GET /static/admin/js/vendor/jquery/jquery.js HTTP/1.1" 304 0
[19/Sep/2025 01:14:02] "GET /static/admin/js/core.js HTTP/1.1" 304 0
[19/Sep/2025 01:14:02] "GET /static/admin/js/admin/RelatedObjectLookups.js HTTP/1.1" 304 0
[19/Sep/2025 01:14:02] "GET /static/admin/js/actions.js HTTP/1.1" 304 0
[19/Sep/2025 01:14:02] "GET /static/admin/js/theme.js HTTP/1.1" 304 0
[19/Sep/2025 01:14:02] "GET /static/admin/js/urlify.js HTTP/1.1" 304 0
[19/Sep/2025 01:14:02] "GET /static/admin/img/search.svg HTTP/1.1" 304 0
[19/Sep/2025 01:14:02] "GET /static/admin/js/vendor/xregexp/xregexp.js HTTP/1.1" 304 0
[19/Sep/2025 01:14:02] "GET /static/admin/js/prepopulate.js HTTP/1.1" 304 0
[19/Sep/2025 01:14:02] "GET /static/admin/img/icon-yes.svg HTTP/1.1" 304 0
[19/Sep/2025 01:14:02] "GET /static/admin/js/nav_sidebar.js HTTP/1.1" 304 0
[19/Sep/2025 01:14:02] "GET /static/admin/js/filters.js HTTP/1.1" 304 0
[19/Sep/2025 01:14:03] "GET /static/admin/img/icon-addlink.svg HTTP/1.1" 304 0
[19/Sep/2025 01:14:03] "GET /static/admin/img/icon-viewlink.svg HTTP/1.1" 304 0
[19/Sep/2025 01:14:09] "GET /admin/analyses/analysis/5/change/ HTTP/1.1" 200 27279
[19/Sep/2025 01:14:09] "GET /static/admin/js/autocomplete.js HTTP/1.1" 200 1060
[19/Sep/2025 01:14:09] "GET /static/admin/js/vendor/select2/i18n/en.js HTTP/1.1" 200 844
[19/Sep/2025 01:14:09] "GET /static/admin/css/vendor/select2/select2.css HTTP/1.1" 200 17358
[19/Sep/2025 01:14:09] "GET /static/admin/css/autocomplete.css HTTP/1.1" 200 9185
[19/Sep/2025 01:14:09] "GET /admin/jsi18n/ HTTP/1.1" 200 3342
[19/Sep/2025 01:14:09] "GET /static/admin/js/prepopulate_init.js HTTP/1.1" 304 0
[19/Sep/2025 01:14:09] "GET /static/admin/css/forms.css HTTP/1.1" 304 0
[19/Sep/2025 01:14:09] "GET /static/admin/js/vendor/select2/select2.full.js HTTP/1.1" 200 173566
[19/Sep/2025 01:14:09] "GET /static/admin/css/widgets.css HTTP/1.1" 304 0
[19/Sep/2025 01:14:09] "GET /static/admin/img/icon-changelink.svg HTTP/1.1" 200 380
[19/Sep/2025 01:14:09] "GET /static/admin/js/change_form.js HTTP/1.1" 304 0
[19/Sep/2025 01:14:09] "GET /analyses/test-price/157/ HTTP/1.1" 200 19
[19/Sep/2025 01:14:09] "GET /analyses/test-price/157/ HTTP/1.1" 200 19
[19/Sep/2025 01:14:10] "GET /admin/analyses/todaysanalysis/ HTTP/1.1" 200 26174
[19/Sep/2025 01:14:10] "GET /static/analyses/css/todays_analysis_admin.css HTTP/1.1" 404 1928
[19/Sep/2025 01:14:12] "GET /admin/analyses/analysis/5/change/ HTTP/1.1" 200 27279
[19/Sep/2025 01:14:12] "GET /admin/jsi18n/ HTTP/1.1" 200 3342
[19/Sep/2025 01:14:12] "GET /analyses/test-price/157/ HTTP/1.1" 200 19
[19/Sep/2025 01:14:12] "GET /analyses/test-price/157/ HTTP/1.1" 200 19
[19/Sep/2025 01:14:13] "GET /admin/analyses/todaysanalysis/ HTTP/1.1" 200 26174
[19/Sep/2025 01:14:22] "GET /admin/analyses/analysisrequest/ HTTP/1.1" 200 25461
[19/Sep/2025 01:14:22] "GET /admin/jsi18n/ HTTP/1.1" 200 3342
Internal Server Error: /admin/analyses/analysisrequest/
Traceback (most recent call last):
  File "/home/mohamed/Desktop/Lab System/.venv/lib64/python3.13/site-packages/django/core/handlers/exception.py", line 55, in inner
    response = get_response(request)
  File "/home/mohamed/Desktop/Lab System/.venv/lib64/python3.13/site-packages/django/core/handlers/base.py", line 220, in _get_response
    response = response.render()
  File "/home/mohamed/Desktop/Lab System/.venv/lib64/python3.13/site-packages/django/template/response.py", line 114, in render
    self.content = self.rendered_content
                   ^^^^^^^^^^^^^^^^^^^^^
  File "/home/mohamed/Desktop/Lab System/.venv/lib64/python3.13/site-packages/django/template/response.py", line 92, in rendered_content
    return template.render(context, self._request)
           ~~~~~~~~~~~~~~~^^^^^^^^^^^^^^^^^^^^^^^^
  File "/home/mohamed/Desktop/Lab System/.venv/lib64/python3.13/site-packages/django/template/backends/django.py", line 107, in render
    return self.template.render(context)
           ~~~~~~~~~~~~~~~~~~~~^^^^^^^^^
  File "/home/mohamed/Desktop/Lab System/.venv/lib64/python3.13/site-packages/django/template/base.py", line 171, in render
    return self._render(context)
           ~~~~~~~~~~~~^^^^^^^^^
  File "/home/mohamed/Desktop/Lab System/.venv/lib64/python3.13/site-packages/django/template/base.py", line 163, in _render
    return self.nodelist.render(context)
           ~~~~~~~~~~~~~~~~~~~~^^^^^^^^^
  File "/home/mohamed/Desktop/Lab System/.venv/lib64/python3.13/site-packages/django/template/base.py", line 1016, in render
    return SafeString("".join([node.render_annotated(context) for node in self]))
                               ~~~~~~~~~~~~~~~~~~~~~^^^^^^^^^
  File "/home/mohamed/Desktop/Lab System/.venv/lib64/python3.13/site-packages/django/template/base.py", line 977, in render_annotated
    return self.render(context)
           ~~~~~~~~~~~^^^^^^^^^
  File "/home/mohamed/Desktop/Lab System/.venv/lib64/python3.13/site-packages/django/template/loader_tags.py", line 134, in render
    compiled_parent = self.get_parent(context)
  File "/home/mohamed/Desktop/Lab System/.venv/lib64/python3.13/site-packages/django/template/loader_tags.py", line 131, in get_parent
    return self.find_template(parent, context)
           ~~~~~~~~~~~~~~~~~~^^^^^^^^^^^^^^^^^
  File "/home/mohamed/Desktop/Lab System/.venv/lib64/python3.13/site-packages/django/template/loader_tags.py", line 109, in find_template
    template, origin = context.template.engine.find_template(
                       ~~~~~~~~~~~~~~~~~~~~~~~~~~~~~~~~~~~~~^
        template_name,
        ^^^^^^^^^^^^^^
        skip=history,
        ^^^^^^^^^^^^^
    )
    ^
  File "/home/mohamed/Desktop/Lab System/.venv/lib64/python3.13/site-packages/django/template/engine.py", line 159, in find_template
    template = loader.get_template(name, skip=skip)
  File "/home/mohamed/Desktop/Lab System/.venv/lib64/python3.13/site-packages/django/template/loaders/cached.py", line 57, in get_template
    template = super().get_template(template_name, skip)
  File "/home/mohamed/Desktop/Lab System/.venv/lib64/python3.13/site-packages/django/template/loaders/base.py", line 28, in get_template
    return Template(
        contents,
    ...<2 lines>...
        self.engine,
    )
  File "/home/mohamed/Desktop/Lab System/.venv/lib64/python3.13/site-packages/django/template/base.py", line 154, in __init__
    self.nodelist = self.compile_nodelist()
                    ~~~~~~~~~~~~~~~~~~~~~^^
  File "/home/mohamed/Desktop/Lab System/.venv/lib64/python3.13/site-packages/django/template/base.py", line 196, in compile_nodelist
    nodelist = parser.parse()
  File "/home/mohamed/Desktop/Lab System/.venv/lib64/python3.13/site-packages/django/template/base.py", line 518, in parse
    raise self.error(token, e)
  File "/home/mohamed/Desktop/Lab System/.venv/lib64/python3.13/site-packages/django/template/base.py", line 516, in parse
    compiled_result = compile_func(self, token)
  File "/home/mohamed/Desktop/Lab System/.venv/lib64/python3.13/site-packages/django/template/loader_tags.py", line 299, in do_extends
    nodelist = parser.parse()
  File "/home/mohamed/Desktop/Lab System/.venv/lib64/python3.13/site-packages/django/template/base.py", line 518, in parse
    raise self.error(token, e)
  File "/home/mohamed/Desktop/Lab System/.venv/lib64/python3.13/site-packages/django/template/base.py", line 516, in parse
    compiled_result = compile_func(self, token)
  File "/home/mohamed/Desktop/Lab System/.venv/lib64/python3.13/site-packages/django/template/loader_tags.py", line 234, in do_block
    nodelist = parser.parse(("endblock",))
  File "/home/mohamed/Desktop/Lab System/.venv/lib64/python3.13/site-packages/django/template/base.py", line 518, in parse
    raise self.error(token, e)
  File "/home/mohamed/Desktop/Lab System/.venv/lib64/python3.13/site-packages/django/template/base.py", line 516, in parse
    compiled_result = compile_func(self, token)
  File "/home/mohamed/Desktop/Lab System/.venv/lib64/python3.13/site-packages/django/template/loader_tags.py", line 299, in do_extends
    nodelist = parser.parse()
  File "/home/mohamed/Desktop/Lab System/.venv/lib64/python3.13/site-packages/django/template/base.py", line 518, in parse
    raise self.error(token, e)
  File "/home/mohamed/Desktop/Lab System/.venv/lib64/python3.13/site-packages/django/template/base.py", line 516, in parse
    compiled_result = compile_func(self, token)
  File "/home/mohamed/Desktop/Lab System/.venv/lib64/python3.13/site-packages/django/template/loader_tags.py", line 228, in do_block
    raise TemplateSyntaxError(
        "'%s' tag with name '%s' appears more than once" % (bits[0], block_name)
    )
django.template.exceptions.TemplateSyntaxError: 'block' tag with name 'extrahead' appears more than once
[19/Sep/2025 01:15:22] "GET /admin/analyses/analysisrequest/ HTTP/1.1" 500 296398
Internal Server Error: /admin/analyses/analysisrequest/
Traceback (most recent call last):
  File "/home/mohamed/Desktop/Lab System/.venv/lib64/python3.13/site-packages/django/core/handlers/exception.py", line 55, in inner
    response = get_response(request)
  File "/home/mohamed/Desktop/Lab System/.venv/lib64/python3.13/site-packages/django/core/handlers/base.py", line 220, in _get_response
    response = response.render()
  File "/home/mohamed/Desktop/Lab System/.venv/lib64/python3.13/site-packages/django/template/response.py", line 114, in render
    self.content = self.rendered_content
                   ^^^^^^^^^^^^^^^^^^^^^
  File "/home/mohamed/Desktop/Lab System/.venv/lib64/python3.13/site-packages/django/template/response.py", line 92, in rendered_content
    return template.render(context, self._request)
           ~~~~~~~~~~~~~~~^^^^^^^^^^^^^^^^^^^^^^^^
  File "/home/mohamed/Desktop/Lab System/.venv/lib64/python3.13/site-packages/django/template/backends/django.py", line 107, in render
    return self.template.render(context)
           ~~~~~~~~~~~~~~~~~~~~^^^^^^^^^
  File "/home/mohamed/Desktop/Lab System/.venv/lib64/python3.13/site-packages/django/template/base.py", line 171, in render
    return self._render(context)
           ~~~~~~~~~~~~^^^^^^^^^
  File "/home/mohamed/Desktop/Lab System/.venv/lib64/python3.13/site-packages/django/template/base.py", line 163, in _render
    return self.nodelist.render(context)
           ~~~~~~~~~~~~~~~~~~~~^^^^^^^^^
  File "/home/mohamed/Desktop/Lab System/.venv/lib64/python3.13/site-packages/django/template/base.py", line 1016, in render
    return SafeString("".join([node.render_annotated(context) for node in self]))
                               ~~~~~~~~~~~~~~~~~~~~~^^^^^^^^^
  File "/home/mohamed/Desktop/Lab System/.venv/lib64/python3.13/site-packages/django/template/base.py", line 977, in render_annotated
    return self.render(context)
           ~~~~~~~~~~~^^^^^^^^^
  File "/home/mohamed/Desktop/Lab System/.venv/lib64/python3.13/site-packages/django/template/loader_tags.py", line 134, in render
    compiled_parent = self.get_parent(context)
  File "/home/mohamed/Desktop/Lab System/.venv/lib64/python3.13/site-packages/django/template/loader_tags.py", line 131, in get_parent
    return self.find_template(parent, context)
           ~~~~~~~~~~~~~~~~~~^^^^^^^^^^^^^^^^^
  File "/home/mohamed/Desktop/Lab System/.venv/lib64/python3.13/site-packages/django/template/loader_tags.py", line 109, in find_template
    template, origin = context.template.engine.find_template(
                       ~~~~~~~~~~~~~~~~~~~~~~~~~~~~~~~~~~~~~^
        template_name,
        ^^^^^^^^^^^^^^
        skip=history,
        ^^^^^^^^^^^^^
    )
    ^
  File "/home/mohamed/Desktop/Lab System/.venv/lib64/python3.13/site-packages/django/template/engine.py", line 159, in find_template
    template = loader.get_template(name, skip=skip)
  File "/home/mohamed/Desktop/Lab System/.venv/lib64/python3.13/site-packages/django/template/loaders/cached.py", line 57, in get_template
    template = super().get_template(template_name, skip)
  File "/home/mohamed/Desktop/Lab System/.venv/lib64/python3.13/site-packages/django/template/loaders/base.py", line 28, in get_template
    return Template(
        contents,
    ...<2 lines>...
        self.engine,
    )
  File "/home/mohamed/Desktop/Lab System/.venv/lib64/python3.13/site-packages/django/template/base.py", line 154, in __init__
    self.nodelist = self.compile_nodelist()
                    ~~~~~~~~~~~~~~~~~~~~~^^
  File "/home/mohamed/Desktop/Lab System/.venv/lib64/python3.13/site-packages/django/template/base.py", line 196, in compile_nodelist
    nodelist = parser.parse()
  File "/home/mohamed/Desktop/Lab System/.venv/lib64/python3.13/site-packages/django/template/base.py", line 518, in parse
    raise self.error(token, e)
  File "/home/mohamed/Desktop/Lab System/.venv/lib64/python3.13/site-packages/django/template/base.py", line 516, in parse
    compiled_result = compile_func(self, token)
  File "/home/mohamed/Desktop/Lab System/.venv/lib64/python3.13/site-packages/django/template/loader_tags.py", line 299, in do_extends
    nodelist = parser.parse()
  File "/home/mohamed/Desktop/Lab System/.venv/lib64/python3.13/site-packages/django/template/base.py", line 518, in parse
    raise self.error(token, e)
  File "/home/mohamed/Desktop/Lab System/.venv/lib64/python3.13/site-packages/django/template/base.py", line 516, in parse
    compiled_result = compile_func(self, token)
  File "/home/mohamed/Desktop/Lab System/.venv/lib64/python3.13/site-packages/django/template/loader_tags.py", line 234, in do_block
    nodelist = parser.parse(("endblock",))
  File "/home/mohamed/Desktop/Lab System/.venv/lib64/python3.13/site-packages/django/template/base.py", line 518, in parse
    raise self.error(token, e)
  File "/home/mohamed/Desktop/Lab System/.venv/lib64/python3.13/site-packages/django/template/base.py", line 516, in parse
    compiled_result = compile_func(self, token)
  File "/home/mohamed/Desktop/Lab System/.venv/lib64/python3.13/site-packages/django/template/loader_tags.py", line 299, in do_extends
    nodelist = parser.parse()
  File "/home/mohamed/Desktop/Lab System/.venv/lib64/python3.13/site-packages/django/template/base.py", line 518, in parse
    raise self.error(token, e)
  File "/home/mohamed/Desktop/Lab System/.venv/lib64/python3.13/site-packages/django/template/base.py", line 516, in parse
    compiled_result = compile_func(self, token)
  File "/home/mohamed/Desktop/Lab System/.venv/lib64/python3.13/site-packages/django/template/loader_tags.py", line 228, in do_block
    raise TemplateSyntaxError(
        "'%s' tag with name '%s' appears more than once" % (bits[0], block_name)
    )
django.template.exceptions.TemplateSyntaxError: 'block' tag with name 'extrahead' appears more than once
[19/Sep/2025 01:15:23] "GET /admin/analyses/analysisrequest/ HTTP/1.1" 500 296398
Internal Server Error: /admin/analyses/todaysanalysis/
Traceback (most recent call last):
  File "/home/mohamed/Desktop/Lab System/.venv/lib64/python3.13/site-packages/django/core/handlers/exception.py", line 55, in inner
    response = get_response(request)
  File "/home/mohamed/Desktop/Lab System/.venv/lib64/python3.13/site-packages/django/core/handlers/base.py", line 220, in _get_response
    response = response.render()
  File "/home/mohamed/Desktop/Lab System/.venv/lib64/python3.13/site-packages/django/template/response.py", line 114, in render
    self.content = self.rendered_content
                   ^^^^^^^^^^^^^^^^^^^^^
  File "/home/mohamed/Desktop/Lab System/.venv/lib64/python3.13/site-packages/django/template/response.py", line 92, in rendered_content
    return template.render(context, self._request)
           ~~~~~~~~~~~~~~~^^^^^^^^^^^^^^^^^^^^^^^^
  File "/home/mohamed/Desktop/Lab System/.venv/lib64/python3.13/site-packages/django/template/backends/django.py", line 107, in render
    return self.template.render(context)
           ~~~~~~~~~~~~~~~~~~~~^^^^^^^^^
  File "/home/mohamed/Desktop/Lab System/.venv/lib64/python3.13/site-packages/django/template/base.py", line 171, in render
    return self._render(context)
           ~~~~~~~~~~~~^^^^^^^^^
  File "/home/mohamed/Desktop/Lab System/.venv/lib64/python3.13/site-packages/django/template/base.py", line 163, in _render
    return self.nodelist.render(context)
           ~~~~~~~~~~~~~~~~~~~~^^^^^^^^^
  File "/home/mohamed/Desktop/Lab System/.venv/lib64/python3.13/site-packages/django/template/base.py", line 1016, in render
    return SafeString("".join([node.render_annotated(context) for node in self]))
                               ~~~~~~~~~~~~~~~~~~~~~^^^^^^^^^
  File "/home/mohamed/Desktop/Lab System/.venv/lib64/python3.13/site-packages/django/template/base.py", line 977, in render_annotated
    return self.render(context)
           ~~~~~~~~~~~^^^^^^^^^
  File "/home/mohamed/Desktop/Lab System/.venv/lib64/python3.13/site-packages/django/template/loader_tags.py", line 159, in render
    return compiled_parent._render(context)
           ~~~~~~~~~~~~~~~~~~~~~~~^^^^^^^^^
  File "/home/mohamed/Desktop/Lab System/.venv/lib64/python3.13/site-packages/django/template/base.py", line 163, in _render
    return self.nodelist.render(context)
           ~~~~~~~~~~~~~~~~~~~~^^^^^^^^^
  File "/home/mohamed/Desktop/Lab System/.venv/lib64/python3.13/site-packages/django/template/base.py", line 1016, in render
    return SafeString("".join([node.render_annotated(context) for node in self]))
                               ~~~~~~~~~~~~~~~~~~~~~^^^^^^^^^
  File "/home/mohamed/Desktop/Lab System/.venv/lib64/python3.13/site-packages/django/template/base.py", line 977, in render_annotated
    return self.render(context)
           ~~~~~~~~~~~^^^^^^^^^
  File "/home/mohamed/Desktop/Lab System/.venv/lib64/python3.13/site-packages/django/template/loader_tags.py", line 134, in render
    compiled_parent = self.get_parent(context)
  File "/home/mohamed/Desktop/Lab System/.venv/lib64/python3.13/site-packages/django/template/loader_tags.py", line 131, in get_parent
    return self.find_template(parent, context)
           ~~~~~~~~~~~~~~~~~~^^^^^^^^^^^^^^^^^
  File "/home/mohamed/Desktop/Lab System/.venv/lib64/python3.13/site-packages/django/template/loader_tags.py", line 109, in find_template
    template, origin = context.template.engine.find_template(
                       ~~~~~~~~~~~~~~~~~~~~~~~~~~~~~~~~~~~~~^
        template_name,
        ^^^^^^^^^^^^^^
        skip=history,
        ^^^^^^^^^^^^^
    )
    ^
  File "/home/mohamed/Desktop/Lab System/.venv/lib64/python3.13/site-packages/django/template/engine.py", line 159, in find_template
    template = loader.get_template(name, skip=skip)
  File "/home/mohamed/Desktop/Lab System/.venv/lib64/python3.13/site-packages/django/template/loaders/cached.py", line 57, in get_template
    template = super().get_template(template_name, skip)
  File "/home/mohamed/Desktop/Lab System/.venv/lib64/python3.13/site-packages/django/template/loaders/base.py", line 28, in get_template
    return Template(
        contents,
    ...<2 lines>...
        self.engine,
    )
  File "/home/mohamed/Desktop/Lab System/.venv/lib64/python3.13/site-packages/django/template/base.py", line 154, in __init__
    self.nodelist = self.compile_nodelist()
                    ~~~~~~~~~~~~~~~~~~~~~^^
  File "/home/mohamed/Desktop/Lab System/.venv/lib64/python3.13/site-packages/django/template/base.py", line 196, in compile_nodelist
    nodelist = parser.parse()
  File "/home/mohamed/Desktop/Lab System/.venv/lib64/python3.13/site-packages/django/template/base.py", line 518, in parse
    raise self.error(token, e)
  File "/home/mohamed/Desktop/Lab System/.venv/lib64/python3.13/site-packages/django/template/base.py", line 516, in parse
    compiled_result = compile_func(self, token)
  File "/home/mohamed/Desktop/Lab System/.venv/lib64/python3.13/site-packages/django/template/loader_tags.py", line 299, in do_extends
    nodelist = parser.parse()
  File "/home/mohamed/Desktop/Lab System/.venv/lib64/python3.13/site-packages/django/template/base.py", line 518, in parse
    raise self.error(token, e)
  File "/home/mohamed/Desktop/Lab System/.venv/lib64/python3.13/site-packages/django/template/base.py", line 516, in parse
    compiled_result = compile_func(self, token)
  File "/home/mohamed/Desktop/Lab System/.venv/lib64/python3.13/site-packages/django/template/loader_tags.py", line 234, in do_block
    nodelist = parser.parse(("endblock",))
  File "/home/mohamed/Desktop/Lab System/.venv/lib64/python3.13/site-packages/django/template/base.py", line 518, in parse
    raise self.error(token, e)
  File "/home/mohamed/Desktop/Lab System/.venv/lib64/python3.13/site-packages/django/template/base.py", line 516, in parse
    compiled_result = compile_func(self, token)
  File "/home/mohamed/Desktop/Lab System/.venv/lib64/python3.13/site-packages/django/template/loader_tags.py", line 299, in do_extends
    nodelist = parser.parse()
  File "/home/mohamed/Desktop/Lab System/.venv/lib64/python3.13/site-packages/django/template/base.py", line 518, in parse
    raise self.error(token, e)
  File "/home/mohamed/Desktop/Lab System/.venv/lib64/python3.13/site-packages/django/template/base.py", line 516, in parse
    compiled_result = compile_func(self, token)
  File "/home/mohamed/Desktop/Lab System/.venv/lib64/python3.13/site-packages/django/template/loader_tags.py", line 228, in do_block
    raise TemplateSyntaxError(
        "'%s' tag with name '%s' appears more than once" % (bits[0], block_name)
    )
django.template.exceptions.TemplateSyntaxError: 'block' tag with name 'extrahead' appears more than once
[19/Sep/2025 01:15:24] "GET /admin/analyses/todaysanalysis/ HTTP/1.1" 500 339378
Internal Server Error: /admin/auth/user/
Traceback (most recent call last):
  File "/home/mohamed/Desktop/Lab System/.venv/lib64/python3.13/site-packages/django/core/handlers/exception.py", line 55, in inner
    response = get_response(request)
  File "/home/mohamed/Desktop/Lab System/.venv/lib64/python3.13/site-packages/django/core/handlers/base.py", line 220, in _get_response
    response = response.render()
  File "/home/mohamed/Desktop/Lab System/.venv/lib64/python3.13/site-packages/django/template/response.py", line 114, in render
    self.content = self.rendered_content
                   ^^^^^^^^^^^^^^^^^^^^^
  File "/home/mohamed/Desktop/Lab System/.venv/lib64/python3.13/site-packages/django/template/response.py", line 92, in rendered_content
    return template.render(context, self._request)
           ~~~~~~~~~~~~~~~^^^^^^^^^^^^^^^^^^^^^^^^
  File "/home/mohamed/Desktop/Lab System/.venv/lib64/python3.13/site-packages/django/template/backends/django.py", line 107, in render
    return self.template.render(context)
           ~~~~~~~~~~~~~~~~~~~~^^^^^^^^^
  File "/home/mohamed/Desktop/Lab System/.venv/lib64/python3.13/site-packages/django/template/base.py", line 171, in render
    return self._render(context)
           ~~~~~~~~~~~~^^^^^^^^^
  File "/home/mohamed/Desktop/Lab System/.venv/lib64/python3.13/site-packages/django/template/base.py", line 163, in _render
    return self.nodelist.render(context)
           ~~~~~~~~~~~~~~~~~~~~^^^^^^^^^
  File "/home/mohamed/Desktop/Lab System/.venv/lib64/python3.13/site-packages/django/template/base.py", line 1016, in render
    return SafeString("".join([node.render_annotated(context) for node in self]))
                               ~~~~~~~~~~~~~~~~~~~~~^^^^^^^^^
  File "/home/mohamed/Desktop/Lab System/.venv/lib64/python3.13/site-packages/django/template/base.py", line 977, in render_annotated
    return self.render(context)
           ~~~~~~~~~~~^^^^^^^^^
  File "/home/mohamed/Desktop/Lab System/.venv/lib64/python3.13/site-packages/django/template/loader_tags.py", line 134, in render
    compiled_parent = self.get_parent(context)
  File "/home/mohamed/Desktop/Lab System/.venv/lib64/python3.13/site-packages/django/template/loader_tags.py", line 131, in get_parent
    return self.find_template(parent, context)
           ~~~~~~~~~~~~~~~~~~^^^^^^^^^^^^^^^^^
  File "/home/mohamed/Desktop/Lab System/.venv/lib64/python3.13/site-packages/django/template/loader_tags.py", line 109, in find_template
    template, origin = context.template.engine.find_template(
                       ~~~~~~~~~~~~~~~~~~~~~~~~~~~~~~~~~~~~~^
        template_name,
        ^^^^^^^^^^^^^^
        skip=history,
        ^^^^^^^^^^^^^
    )
    ^
  File "/home/mohamed/Desktop/Lab System/.venv/lib64/python3.13/site-packages/django/template/engine.py", line 159, in find_template
    template = loader.get_template(name, skip=skip)
  File "/home/mohamed/Desktop/Lab System/.venv/lib64/python3.13/site-packages/django/template/loaders/cached.py", line 57, in get_template
    template = super().get_template(template_name, skip)
  File "/home/mohamed/Desktop/Lab System/.venv/lib64/python3.13/site-packages/django/template/loaders/base.py", line 28, in get_template
    return Template(
        contents,
    ...<2 lines>...
        self.engine,
    )
  File "/home/mohamed/Desktop/Lab System/.venv/lib64/python3.13/site-packages/django/template/base.py", line 154, in __init__
    self.nodelist = self.compile_nodelist()
                    ~~~~~~~~~~~~~~~~~~~~~^^
  File "/home/mohamed/Desktop/Lab System/.venv/lib64/python3.13/site-packages/django/template/base.py", line 196, in compile_nodelist
    nodelist = parser.parse()
  File "/home/mohamed/Desktop/Lab System/.venv/lib64/python3.13/site-packages/django/template/base.py", line 518, in parse
    raise self.error(token, e)
  File "/home/mohamed/Desktop/Lab System/.venv/lib64/python3.13/site-packages/django/template/base.py", line 516, in parse
    compiled_result = compile_func(self, token)
  File "/home/mohamed/Desktop/Lab System/.venv/lib64/python3.13/site-packages/django/template/loader_tags.py", line 299, in do_extends
    nodelist = parser.parse()
  File "/home/mohamed/Desktop/Lab System/.venv/lib64/python3.13/site-packages/django/template/base.py", line 518, in parse
    raise self.error(token, e)
  File "/home/mohamed/Desktop/Lab System/.venv/lib64/python3.13/site-packages/django/template/base.py", line 516, in parse
    compiled_result = compile_func(self, token)
  File "/home/mohamed/Desktop/Lab System/.venv/lib64/python3.13/site-packages/django/template/loader_tags.py", line 234, in do_block
    nodelist = parser.parse(("endblock",))
  File "/home/mohamed/Desktop/Lab System/.venv/lib64/python3.13/site-packages/django/template/base.py", line 518, in parse
    raise self.error(token, e)
  File "/home/mohamed/Desktop/Lab System/.venv/lib64/python3.13/site-packages/django/template/base.py", line 516, in parse
    compiled_result = compile_func(self, token)
  File "/home/mohamed/Desktop/Lab System/.venv/lib64/python3.13/site-packages/django/template/loader_tags.py", line 299, in do_extends
    nodelist = parser.parse()
  File "/home/mohamed/Desktop/Lab System/.venv/lib64/python3.13/site-packages/django/template/base.py", line 518, in parse
    raise self.error(token, e)
  File "/home/mohamed/Desktop/Lab System/.venv/lib64/python3.13/site-packages/django/template/base.py", line 516, in parse
    compiled_result = compile_func(self, token)
  File "/home/mohamed/Desktop/Lab System/.venv/lib64/python3.13/site-packages/django/template/loader_tags.py", line 228, in do_block
    raise TemplateSyntaxError(
        "'%s' tag with name '%s' appears more than once" % (bits[0], block_name)
    )
django.template.exceptions.TemplateSyntaxError: 'block' tag with name 'extrahead' appears more than once
[19/Sep/2025 01:15:25] "GET /admin/auth/user/ HTTP/1.1" 500 296052
Internal Server Error: /admin/analyses/testcatalog/
Traceback (most recent call last):
  File "/home/mohamed/Desktop/Lab System/.venv/lib64/python3.13/site-packages/django/core/handlers/exception.py", line 55, in inner
    response = get_response(request)
  File "/home/mohamed/Desktop/Lab System/.venv/lib64/python3.13/site-packages/django/core/handlers/base.py", line 220, in _get_response
    response = response.render()
  File "/home/mohamed/Desktop/Lab System/.venv/lib64/python3.13/site-packages/django/template/response.py", line 114, in render
    self.content = self.rendered_content
                   ^^^^^^^^^^^^^^^^^^^^^
  File "/home/mohamed/Desktop/Lab System/.venv/lib64/python3.13/site-packages/django/template/response.py", line 92, in rendered_content
    return template.render(context, self._request)
           ~~~~~~~~~~~~~~~^^^^^^^^^^^^^^^^^^^^^^^^
  File "/home/mohamed/Desktop/Lab System/.venv/lib64/python3.13/site-packages/django/template/backends/django.py", line 107, in render
    return self.template.render(context)
           ~~~~~~~~~~~~~~~~~~~~^^^^^^^^^
  File "/home/mohamed/Desktop/Lab System/.venv/lib64/python3.13/site-packages/django/template/base.py", line 171, in render
    return self._render(context)
           ~~~~~~~~~~~~^^^^^^^^^
  File "/home/mohamed/Desktop/Lab System/.venv/lib64/python3.13/site-packages/django/template/base.py", line 163, in _render
    return self.nodelist.render(context)
           ~~~~~~~~~~~~~~~~~~~~^^^^^^^^^
  File "/home/mohamed/Desktop/Lab System/.venv/lib64/python3.13/site-packages/django/template/base.py", line 1016, in render
    return SafeString("".join([node.render_annotated(context) for node in self]))
                               ~~~~~~~~~~~~~~~~~~~~~^^^^^^^^^
  File "/home/mohamed/Desktop/Lab System/.venv/lib64/python3.13/site-packages/django/template/base.py", line 977, in render_annotated
    return self.render(context)
           ~~~~~~~~~~~^^^^^^^^^
  File "/home/mohamed/Desktop/Lab System/.venv/lib64/python3.13/site-packages/django/template/loader_tags.py", line 134, in render
    compiled_parent = self.get_parent(context)
  File "/home/mohamed/Desktop/Lab System/.venv/lib64/python3.13/site-packages/django/template/loader_tags.py", line 131, in get_parent
    return self.find_template(parent, context)
           ~~~~~~~~~~~~~~~~~~^^^^^^^^^^^^^^^^^
  File "/home/mohamed/Desktop/Lab System/.venv/lib64/python3.13/site-packages/django/template/loader_tags.py", line 109, in find_template
    template, origin = context.template.engine.find_template(
                       ~~~~~~~~~~~~~~~~~~~~~~~~~~~~~~~~~~~~~^
        template_name,
        ^^^^^^^^^^^^^^
        skip=history,
        ^^^^^^^^^^^^^
    )
    ^
  File "/home/mohamed/Desktop/Lab System/.venv/lib64/python3.13/site-packages/django/template/engine.py", line 159, in find_template
    template = loader.get_template(name, skip=skip)
  File "/home/mohamed/Desktop/Lab System/.venv/lib64/python3.13/site-packages/django/template/loaders/cached.py", line 57, in get_template
    template = super().get_template(template_name, skip)
  File "/home/mohamed/Desktop/Lab System/.venv/lib64/python3.13/site-packages/django/template/loaders/base.py", line 28, in get_template
    return Template(
        contents,
    ...<2 lines>...
        self.engine,
    )
  File "/home/mohamed/Desktop/Lab System/.venv/lib64/python3.13/site-packages/django/template/base.py", line 154, in __init__
    self.nodelist = self.compile_nodelist()
                    ~~~~~~~~~~~~~~~~~~~~~^^
  File "/home/mohamed/Desktop/Lab System/.venv/lib64/python3.13/site-packages/django/template/base.py", line 196, in compile_nodelist
    nodelist = parser.parse()
  File "/home/mohamed/Desktop/Lab System/.venv/lib64/python3.13/site-packages/django/template/base.py", line 518, in parse
    raise self.error(token, e)
  File "/home/mohamed/Desktop/Lab System/.venv/lib64/python3.13/site-packages/django/template/base.py", line 516, in parse
    compiled_result = compile_func(self, token)
  File "/home/mohamed/Desktop/Lab System/.venv/lib64/python3.13/site-packages/django/template/loader_tags.py", line 299, in do_extends
    nodelist = parser.parse()
  File "/home/mohamed/Desktop/Lab System/.venv/lib64/python3.13/site-packages/django/template/base.py", line 518, in parse
    raise self.error(token, e)
  File "/home/mohamed/Desktop/Lab System/.venv/lib64/python3.13/site-packages/django/template/base.py", line 516, in parse
    compiled_result = compile_func(self, token)
  File "/home/mohamed/Desktop/Lab System/.venv/lib64/python3.13/site-packages/django/template/loader_tags.py", line 234, in do_block
    nodelist = parser.parse(("endblock",))
  File "/home/mohamed/Desktop/Lab System/.venv/lib64/python3.13/site-packages/django/template/base.py", line 518, in parse
    raise self.error(token, e)
  File "/home/mohamed/Desktop/Lab System/.venv/lib64/python3.13/site-packages/django/template/base.py", line 516, in parse
    compiled_result = compile_func(self, token)
  File "/home/mohamed/Desktop/Lab System/.venv/lib64/python3.13/site-packages/django/template/loader_tags.py", line 299, in do_extends
    nodelist = parser.parse()
  File "/home/mohamed/Desktop/Lab System/.venv/lib64/python3.13/site-packages/django/template/base.py", line 518, in parse
    raise self.error(token, e)
  File "/home/mohamed/Desktop/Lab System/.venv/lib64/python3.13/site-packages/django/template/base.py", line 516, in parse
    compiled_result = compile_func(self, token)
  File "/home/mohamed/Desktop/Lab System/.venv/lib64/python3.13/site-packages/django/template/loader_tags.py", line 228, in do_block
    raise TemplateSyntaxError(
        "'%s' tag with name '%s' appears more than once" % (bits[0], block_name)
    )
django.template.exceptions.TemplateSyntaxError: 'block' tag with name 'extrahead' appears more than once
[19/Sep/2025 01:15:25] "GET /admin/analyses/testcatalog/ HTTP/1.1" 500 296156
Internal Server Error: /admin/analyses/analysis/
Traceback (most recent call last):
  File "/home/mohamed/Desktop/Lab System/.venv/lib64/python3.13/site-packages/django/core/handlers/exception.py", line 55, in inner
    response = get_response(request)
  File "/home/mohamed/Desktop/Lab System/.venv/lib64/python3.13/site-packages/django/core/handlers/base.py", line 220, in _get_response
    response = response.render()
  File "/home/mohamed/Desktop/Lab System/.venv/lib64/python3.13/site-packages/django/template/response.py", line 114, in render
    self.content = self.rendered_content
                   ^^^^^^^^^^^^^^^^^^^^^
  File "/home/mohamed/Desktop/Lab System/.venv/lib64/python3.13/site-packages/django/template/response.py", line 92, in rendered_content
    return template.render(context, self._request)
           ~~~~~~~~~~~~~~~^^^^^^^^^^^^^^^^^^^^^^^^
  File "/home/mohamed/Desktop/Lab System/.venv/lib64/python3.13/site-packages/django/template/backends/django.py", line 107, in render
    return self.template.render(context)
           ~~~~~~~~~~~~~~~~~~~~^^^^^^^^^
  File "/home/mohamed/Desktop/Lab System/.venv/lib64/python3.13/site-packages/django/template/base.py", line 171, in render
    return self._render(context)
           ~~~~~~~~~~~~^^^^^^^^^
  File "/home/mohamed/Desktop/Lab System/.venv/lib64/python3.13/site-packages/django/template/base.py", line 163, in _render
    return self.nodelist.render(context)
           ~~~~~~~~~~~~~~~~~~~~^^^^^^^^^
  File "/home/mohamed/Desktop/Lab System/.venv/lib64/python3.13/site-packages/django/template/base.py", line 1016, in render
    return SafeString("".join([node.render_annotated(context) for node in self]))
                               ~~~~~~~~~~~~~~~~~~~~~^^^^^^^^^
  File "/home/mohamed/Desktop/Lab System/.venv/lib64/python3.13/site-packages/django/template/base.py", line 977, in render_annotated
    return self.render(context)
           ~~~~~~~~~~~^^^^^^^^^
  File "/home/mohamed/Desktop/Lab System/.venv/lib64/python3.13/site-packages/django/template/loader_tags.py", line 134, in render
    compiled_parent = self.get_parent(context)
  File "/home/mohamed/Desktop/Lab System/.venv/lib64/python3.13/site-packages/django/template/loader_tags.py", line 131, in get_parent
    return self.find_template(parent, context)
           ~~~~~~~~~~~~~~~~~~^^^^^^^^^^^^^^^^^
  File "/home/mohamed/Desktop/Lab System/.venv/lib64/python3.13/site-packages/django/template/loader_tags.py", line 109, in find_template
    template, origin = context.template.engine.find_template(
                       ~~~~~~~~~~~~~~~~~~~~~~~~~~~~~~~~~~~~~^
        template_name,
        ^^^^^^^^^^^^^^
        skip=history,
        ^^^^^^^^^^^^^
    )
    ^
  File "/home/mohamed/Desktop/Lab System/.venv/lib64/python3.13/site-packages/django/template/engine.py", line 159, in find_template
    template = loader.get_template(name, skip=skip)
  File "/home/mohamed/Desktop/Lab System/.venv/lib64/python3.13/site-packages/django/template/loaders/cached.py", line 57, in get_template
    template = super().get_template(template_name, skip)
  File "/home/mohamed/Desktop/Lab System/.venv/lib64/python3.13/site-packages/django/template/loaders/base.py", line 28, in get_template
    return Template(
        contents,
    ...<2 lines>...
        self.engine,
    )
  File "/home/mohamed/Desktop/Lab System/.venv/lib64/python3.13/site-packages/django/template/base.py", line 154, in __init__
    self.nodelist = self.compile_nodelist()
                    ~~~~~~~~~~~~~~~~~~~~~^^
  File "/home/mohamed/Desktop/Lab System/.venv/lib64/python3.13/site-packages/django/template/base.py", line 196, in compile_nodelist
    nodelist = parser.parse()
  File "/home/mohamed/Desktop/Lab System/.venv/lib64/python3.13/site-packages/django/template/base.py", line 518, in parse
    raise self.error(token, e)
  File "/home/mohamed/Desktop/Lab System/.venv/lib64/python3.13/site-packages/django/template/base.py", line 516, in parse
    compiled_result = compile_func(self, token)
  File "/home/mohamed/Desktop/Lab System/.venv/lib64/python3.13/site-packages/django/template/loader_tags.py", line 299, in do_extends
    nodelist = parser.parse()
  File "/home/mohamed/Desktop/Lab System/.venv/lib64/python3.13/site-packages/django/template/base.py", line 518, in parse
    raise self.error(token, e)
  File "/home/mohamed/Desktop/Lab System/.venv/lib64/python3.13/site-packages/django/template/base.py", line 516, in parse
    compiled_result = compile_func(self, token)
  File "/home/mohamed/Desktop/Lab System/.venv/lib64/python3.13/site-packages/django/template/loader_tags.py", line 234, in do_block
    nodelist = parser.parse(("endblock",))
  File "/home/mohamed/Desktop/Lab System/.venv/lib64/python3.13/site-packages/django/template/base.py", line 518, in parse
    raise self.error(token, e)
  File "/home/mohamed/Desktop/Lab System/.venv/lib64/python3.13/site-packages/django/template/base.py", line 516, in parse
    compiled_result = compile_func(self, token)
  File "/home/mohamed/Desktop/Lab System/.venv/lib64/python3.13/site-packages/django/template/loader_tags.py", line 299, in do_extends
    nodelist = parser.parse()
  File "/home/mohamed/Desktop/Lab System/.venv/lib64/python3.13/site-packages/django/template/base.py", line 518, in parse
    raise self.error(token, e)
  File "/home/mohamed/Desktop/Lab System/.venv/lib64/python3.13/site-packages/django/template/base.py", line 516, in parse
    compiled_result = compile_func(self, token)
  File "/home/mohamed/Desktop/Lab System/.venv/lib64/python3.13/site-packages/django/template/loader_tags.py", line 228, in do_block
    raise TemplateSyntaxError(
        "'%s' tag with name '%s' appears more than once" % (bits[0], block_name)
    )
django.template.exceptions.TemplateSyntaxError: 'block' tag with name 'extrahead' appears more than once
[19/Sep/2025 01:15:26] "GET /admin/analyses/analysis/ HTTP/1.1" 500 296252
[19/Sep/2025 01:15:34] "GET / HTTP/1.1" 302 0
Internal Server Error: /admin/
Traceback (most recent call last):
  File "/home/mohamed/Desktop/Lab System/.venv/lib64/python3.13/site-packages/django/core/handlers/exception.py", line 55, in inner
    response = get_response(request)
  File "/home/mohamed/Desktop/Lab System/.venv/lib64/python3.13/site-packages/django/core/handlers/base.py", line 220, in _get_response
    response = response.render()
  File "/home/mohamed/Desktop/Lab System/.venv/lib64/python3.13/site-packages/django/template/response.py", line 114, in render
    self.content = self.rendered_content
                   ^^^^^^^^^^^^^^^^^^^^^
  File "/home/mohamed/Desktop/Lab System/.venv/lib64/python3.13/site-packages/django/template/response.py", line 92, in rendered_content
    return template.render(context, self._request)
           ~~~~~~~~~~~~~~~^^^^^^^^^^^^^^^^^^^^^^^^
  File "/home/mohamed/Desktop/Lab System/.venv/lib64/python3.13/site-packages/django/template/backends/django.py", line 107, in render
    return self.template.render(context)
           ~~~~~~~~~~~~~~~~~~~~^^^^^^^^^
  File "/home/mohamed/Desktop/Lab System/.venv/lib64/python3.13/site-packages/django/template/base.py", line 171, in render
    return self._render(context)
           ~~~~~~~~~~~~^^^^^^^^^
  File "/home/mohamed/Desktop/Lab System/.venv/lib64/python3.13/site-packages/django/template/base.py", line 163, in _render
    return self.nodelist.render(context)
           ~~~~~~~~~~~~~~~~~~~~^^^^^^^^^
  File "/home/mohamed/Desktop/Lab System/.venv/lib64/python3.13/site-packages/django/template/base.py", line 1016, in render
    return SafeString("".join([node.render_annotated(context) for node in self]))
                               ~~~~~~~~~~~~~~~~~~~~~^^^^^^^^^
  File "/home/mohamed/Desktop/Lab System/.venv/lib64/python3.13/site-packages/django/template/base.py", line 977, in render_annotated
    return self.render(context)
           ~~~~~~~~~~~^^^^^^^^^
  File "/home/mohamed/Desktop/Lab System/.venv/lib64/python3.13/site-packages/django/template/loader_tags.py", line 134, in render
    compiled_parent = self.get_parent(context)
  File "/home/mohamed/Desktop/Lab System/.venv/lib64/python3.13/site-packages/django/template/loader_tags.py", line 131, in get_parent
    return self.find_template(parent, context)
           ~~~~~~~~~~~~~~~~~~^^^^^^^^^^^^^^^^^
  File "/home/mohamed/Desktop/Lab System/.venv/lib64/python3.13/site-packages/django/template/loader_tags.py", line 109, in find_template
    template, origin = context.template.engine.find_template(
                       ~~~~~~~~~~~~~~~~~~~~~~~~~~~~~~~~~~~~~^
        template_name,
        ^^^^^^^^^^^^^^
        skip=history,
        ^^^^^^^^^^^^^
    )
    ^
  File "/home/mohamed/Desktop/Lab System/.venv/lib64/python3.13/site-packages/django/template/engine.py", line 159, in find_template
    template = loader.get_template(name, skip=skip)
  File "/home/mohamed/Desktop/Lab System/.venv/lib64/python3.13/site-packages/django/template/loaders/cached.py", line 57, in get_template
    template = super().get_template(template_name, skip)
  File "/home/mohamed/Desktop/Lab System/.venv/lib64/python3.13/site-packages/django/template/loaders/base.py", line 28, in get_template
    return Template(
        contents,
    ...<2 lines>...
        self.engine,
    )
  File "/home/mohamed/Desktop/Lab System/.venv/lib64/python3.13/site-packages/django/template/base.py", line 154, in __init__
    self.nodelist = self.compile_nodelist()
                    ~~~~~~~~~~~~~~~~~~~~~^^
  File "/home/mohamed/Desktop/Lab System/.venv/lib64/python3.13/site-packages/django/template/base.py", line 196, in compile_nodelist
    nodelist = parser.parse()
  File "/home/mohamed/Desktop/Lab System/.venv/lib64/python3.13/site-packages/django/template/base.py", line 518, in parse
    raise self.error(token, e)
  File "/home/mohamed/Desktop/Lab System/.venv/lib64/python3.13/site-packages/django/template/base.py", line 516, in parse
    compiled_result = compile_func(self, token)
  File "/home/mohamed/Desktop/Lab System/.venv/lib64/python3.13/site-packages/django/template/loader_tags.py", line 299, in do_extends
    nodelist = parser.parse()
  File "/home/mohamed/Desktop/Lab System/.venv/lib64/python3.13/site-packages/django/template/base.py", line 518, in parse
    raise self.error(token, e)
  File "/home/mohamed/Desktop/Lab System/.venv/lib64/python3.13/site-packages/django/template/base.py", line 516, in parse
    compiled_result = compile_func(self, token)
  File "/home/mohamed/Desktop/Lab System/.venv/lib64/python3.13/site-packages/django/template/loader_tags.py", line 234, in do_block
    nodelist = parser.parse(("endblock",))
  File "/home/mohamed/Desktop/Lab System/.venv/lib64/python3.13/site-packages/django/template/base.py", line 518, in parse
    raise self.error(token, e)
  File "/home/mohamed/Desktop/Lab System/.venv/lib64/python3.13/site-packages/django/template/base.py", line 516, in parse
    compiled_result = compile_func(self, token)
  File "/home/mohamed/Desktop/Lab System/.venv/lib64/python3.13/site-packages/django/template/loader_tags.py", line 299, in do_extends
    nodelist = parser.parse()
  File "/home/mohamed/Desktop/Lab System/.venv/lib64/python3.13/site-packages/django/template/base.py", line 518, in parse
    raise self.error(token, e)
  File "/home/mohamed/Desktop/Lab System/.venv/lib64/python3.13/site-packages/django/template/base.py", line 516, in parse
    compiled_result = compile_func(self, token)
  File "/home/mohamed/Desktop/Lab System/.venv/lib64/python3.13/site-packages/django/template/loader_tags.py", line 228, in do_block
    raise TemplateSyntaxError(
        "'%s' tag with name '%s' appears more than once" % (bits[0], block_name)
    )
django.template.exceptions.TemplateSyntaxError: 'block' tag with name 'extrahead' appears more than once
[19/Sep/2025 01:15:34] "GET /admin/ HTTP/1.1" 500 295803
Internal Server Error: /admin/
Traceback (most recent call last):
  File "/home/mohamed/Desktop/Lab System/.venv/lib64/python3.13/site-packages/django/core/handlers/exception.py", line 55, in inner
    response = get_response(request)
  File "/home/mohamed/Desktop/Lab System/.venv/lib64/python3.13/site-packages/django/core/handlers/base.py", line 220, in _get_response
    response = response.render()
  File "/home/mohamed/Desktop/Lab System/.venv/lib64/python3.13/site-packages/django/template/response.py", line 114, in render
    self.content = self.rendered_content
                   ^^^^^^^^^^^^^^^^^^^^^
  File "/home/mohamed/Desktop/Lab System/.venv/lib64/python3.13/site-packages/django/template/response.py", line 92, in rendered_content
    return template.render(context, self._request)
           ~~~~~~~~~~~~~~~^^^^^^^^^^^^^^^^^^^^^^^^
  File "/home/mohamed/Desktop/Lab System/.venv/lib64/python3.13/site-packages/django/template/backends/django.py", line 107, in render
    return self.template.render(context)
           ~~~~~~~~~~~~~~~~~~~~^^^^^^^^^
  File "/home/mohamed/Desktop/Lab System/.venv/lib64/python3.13/site-packages/django/template/base.py", line 171, in render
    return self._render(context)
           ~~~~~~~~~~~~^^^^^^^^^
  File "/home/mohamed/Desktop/Lab System/.venv/lib64/python3.13/site-packages/django/template/base.py", line 163, in _render
    return self.nodelist.render(context)
           ~~~~~~~~~~~~~~~~~~~~^^^^^^^^^
  File "/home/mohamed/Desktop/Lab System/.venv/lib64/python3.13/site-packages/django/template/base.py", line 1016, in render
    return SafeString("".join([node.render_annotated(context) for node in self]))
                               ~~~~~~~~~~~~~~~~~~~~~^^^^^^^^^
  File "/home/mohamed/Desktop/Lab System/.venv/lib64/python3.13/site-packages/django/template/base.py", line 977, in render_annotated
    return self.render(context)
           ~~~~~~~~~~~^^^^^^^^^
  File "/home/mohamed/Desktop/Lab System/.venv/lib64/python3.13/site-packages/django/template/loader_tags.py", line 134, in render
    compiled_parent = self.get_parent(context)
  File "/home/mohamed/Desktop/Lab System/.venv/lib64/python3.13/site-packages/django/template/loader_tags.py", line 131, in get_parent
    return self.find_template(parent, context)
           ~~~~~~~~~~~~~~~~~~^^^^^^^^^^^^^^^^^
  File "/home/mohamed/Desktop/Lab System/.venv/lib64/python3.13/site-packages/django/template/loader_tags.py", line 109, in find_template
    template, origin = context.template.engine.find_template(
                       ~~~~~~~~~~~~~~~~~~~~~~~~~~~~~~~~~~~~~^
        template_name,
        ^^^^^^^^^^^^^^
        skip=history,
        ^^^^^^^^^^^^^
    )
    ^
  File "/home/mohamed/Desktop/Lab System/.venv/lib64/python3.13/site-packages/django/template/engine.py", line 159, in find_template
    template = loader.get_template(name, skip=skip)
  File "/home/mohamed/Desktop/Lab System/.venv/lib64/python3.13/site-packages/django/template/loaders/cached.py", line 57, in get_template
    template = super().get_template(template_name, skip)
  File "/home/mohamed/Desktop/Lab System/.venv/lib64/python3.13/site-packages/django/template/loaders/base.py", line 28, in get_template
    return Template(
        contents,
    ...<2 lines>...
        self.engine,
    )
  File "/home/mohamed/Desktop/Lab System/.venv/lib64/python3.13/site-packages/django/template/base.py", line 154, in __init__
    self.nodelist = self.compile_nodelist()
                    ~~~~~~~~~~~~~~~~~~~~~^^
  File "/home/mohamed/Desktop/Lab System/.venv/lib64/python3.13/site-packages/django/template/base.py", line 196, in compile_nodelist
    nodelist = parser.parse()
  File "/home/mohamed/Desktop/Lab System/.venv/lib64/python3.13/site-packages/django/template/base.py", line 518, in parse
    raise self.error(token, e)
  File "/home/mohamed/Desktop/Lab System/.venv/lib64/python3.13/site-packages/django/template/base.py", line 516, in parse
    compiled_result = compile_func(self, token)
  File "/home/mohamed/Desktop/Lab System/.venv/lib64/python3.13/site-packages/django/template/loader_tags.py", line 299, in do_extends
    nodelist = parser.parse()
  File "/home/mohamed/Desktop/Lab System/.venv/lib64/python3.13/site-packages/django/template/base.py", line 518, in parse
    raise self.error(token, e)
  File "/home/mohamed/Desktop/Lab System/.venv/lib64/python3.13/site-packages/django/template/base.py", line 516, in parse
    compiled_result = compile_func(self, token)
  File "/home/mohamed/Desktop/Lab System/.venv/lib64/python3.13/site-packages/django/template/loader_tags.py", line 234, in do_block
    nodelist = parser.parse(("endblock",))
  File "/home/mohamed/Desktop/Lab System/.venv/lib64/python3.13/site-packages/django/template/base.py", line 518, in parse
    raise self.error(token, e)
  File "/home/mohamed/Desktop/Lab System/.venv/lib64/python3.13/site-packages/django/template/base.py", line 516, in parse
    compiled_result = compile_func(self, token)
  File "/home/mohamed/Desktop/Lab System/.venv/lib64/python3.13/site-packages/django/template/loader_tags.py", line 299, in do_extends
    nodelist = parser.parse()
  File "/home/mohamed/Desktop/Lab System/.venv/lib64/python3.13/site-packages/django/template/base.py", line 518, in parse
    raise self.error(token, e)
  File "/home/mohamed/Desktop/Lab System/.venv/lib64/python3.13/site-packages/django/template/base.py", line 516, in parse
    compiled_result = compile_func(self, token)
  File "/home/mohamed/Desktop/Lab System/.venv/lib64/python3.13/site-packages/django/template/loader_tags.py", line 228, in do_block
    raise TemplateSyntaxError(
        "'%s' tag with name '%s' appears more than once" % (bits[0], block_name)
    )
django.template.exceptions.TemplateSyntaxError: 'block' tag with name 'extrahead' appears more than once
[19/Sep/2025 01:16:31] "GET /admin/ HTTP/1.1" 500 295940
Not Found: /.well-known/appspecific/com.chrome.devtools.json
[19/Sep/2025 01:16:36] "GET /.well-known/appspecific/com.chrome.devtools.json HTTP/1.1" 404 2770
[19/Sep/2025 01:20:00] "HEAD /admin/ HTTP/1.1" 302 0
[19/Sep/2025 01:20:17] "GET /admin/ HTTP/1.1" 200 12968
[19/Sep/2025 01:20:17] "GET /static/admin/css/base.css HTTP/1.1" 304 0
[19/Sep/2025 01:20:17] "GET /static/admin/css/responsive.css HTTP/1.1" 304 0
[19/Sep/2025 01:20:17] "GET /static/admin/css/nav_sidebar.css HTTP/1.1" 304 0
[19/Sep/2025 01:20:17] "GET /static/admin/css/dark_mode.css HTTP/1.1" 304 0
Not Found: /.well-known/appspecific/com.chrome.devtools.json
[19/Sep/2025 01:20:17] "GET /.well-known/appspecific/com.chrome.devtools.json HTTP/1.1" 404 2770
[19/Sep/2025 01:20:17] "GET /static/admin/js/theme.js HTTP/1.1" 304 0
[19/Sep/2025 01:20:17] "GET /static/admin/js/nav_sidebar.js HTTP/1.1" 304 0
[19/Sep/2025 01:20:17] "GET /static/admin/img/icon-addlink.svg HTTP/1.1" 304 0
[19/Sep/2025 01:20:27] "GET /admin/analyses/todaysanalysis/ HTTP/1.1" 200 19396
Not Found: /.well-known/appspecific/com.chrome.devtools.json
[19/Sep/2025 01:20:27] "GET /.well-known/appspecific/com.chrome.devtools.json HTTP/1.1" 404 2770
[19/Sep/2025 01:20:27] "GET /static/admin/css/changelists.css HTTP/1.1" 304 0
[19/Sep/2025 01:20:27] "GET /static/admin/js/core.js HTTP/1.1" 304 0
[19/Sep/2025 01:20:27] "GET /static/admin/js/vendor/jquery/jquery.js HTTP/1.1" 304 0
[19/Sep/2025 01:20:27] "GET /static/analyses/css/todays_analysis_admin.css HTTP/1.1" 404 1928
[19/Sep/2025 01:20:27] "GET /static/admin/js/admin/RelatedObjectLookups.js HTTP/1.1" 304 0
[19/Sep/2025 01:20:27] "GET /static/admin/js/jquery.init.js HTTP/1.1" 304 0
[19/Sep/2025 01:20:27] "GET /static/admin/js/actions.js HTTP/1.1" 304 0
[19/Sep/2025 01:20:27] "GET /static/admin/img/search.svg HTTP/1.1" 304 0
[19/Sep/2025 01:20:27] "GET /static/admin/js/prepopulate.js HTTP/1.1" 304 0
[19/Sep/2025 01:20:27] "GET /static/admin/js/urlify.js HTTP/1.1" 304 0
[19/Sep/2025 01:20:27] "GET /static/admin/js/vendor/xregexp/xregexp.js HTTP/1.1" 304 0
[19/Sep/2025 01:20:27] "GET /static/admin/img/icon-yes.svg HTTP/1.1" 304 0
[19/Sep/2025 01:20:27] "GET /static/admin/js/filters.js HTTP/1.1" 304 0
[19/Sep/2025 01:20:28] "GET /static/admin/img/icon-viewlink.svg HTTP/1.1" 304 0
[19/Sep/2025 01:21:25] "GET /admin/patients/doctor/ HTTP/1.1" 200 16055
[19/Sep/2025 01:21:27] "GET /admin/analyses/testcatalog/ HTTP/1.1" 200 40505
[19/Sep/2025 01:21:27] "GET /admin/jsi18n/ HTTP/1.1" 200 3342
[19/Sep/2025 01:21:28] "GET /admin/analyses/analysisrequest/ HTTP/1.1" 200 18683
[19/Sep/2025 01:21:28] "GET /admin/jsi18n/ HTTP/1.1" 200 3342
[19/Sep/2025 01:21:30] "GET /admin/analyses/analysisrequest/add/ HTTP/1.1" 200 24250
[19/Sep/2025 01:21:30] "GET /static/admin/css/autocomplete.css HTTP/1.1" 304 0
[19/Sep/2025 01:21:30] "GET /static/admin/css/forms.css HTTP/1.1" 304 0
[19/Sep/2025 01:21:30] "GET /static/admin/css/vendor/select2/select2.css HTTP/1.1" 304 0
[19/Sep/2025 01:21:30] "GET /static/admin/js/calendar.js HTTP/1.1" 200 9141
[19/Sep/2025 01:21:30] "GET /static/admin/js/admin/DateTimeShortcuts.js HTTP/1.1" 200 19319
[19/Sep/2025 01:21:30] "GET /static/admin/js/vendor/select2/select2.full.js HTTP/1.1" 304 0
[19/Sep/2025 01:21:30] "GET /static/admin/js/autocomplete.js HTTP/1.1" 304 0
[19/Sep/2025 01:21:30] "GET /static/admin/js/vendor/select2/i18n/en.js HTTP/1.1" 304 0
[19/Sep/2025 01:21:30] "GET /static/admin/js/prepopulate_init.js HTTP/1.1" 304 0
[19/Sep/2025 01:21:30] "GET /admin/jsi18n/ HTTP/1.1" 200 3342
[19/Sep/2025 01:21:30] "GET /static/admin/css/widgets.css HTTP/1.1" 304 0
[19/Sep/2025 01:21:30] "GET /static/admin/img/icon-changelink.svg HTTP/1.1" 304 0
[19/Sep/2025 01:21:30] "GET /static/admin/js/change_form.js HTTP/1.1" 304 0
[19/Sep/2025 01:21:30] "GET /static/admin/img/icon-calendar.svg HTTP/1.1" 200 1086
[19/Sep/2025 01:21:30] "GET /static/admin/img/icon-clock.svg HTTP/1.1" 200 677
[19/Sep/2025 01:21:31] "GET /static/admin/img/calendar-icons.svg HTTP/1.1" 200 2455
[19/Sep/2025 01:21:31] "GET /admin/autocomplete/?app_label=analyses&model_name=analysisrequest&field_name=patient HTTP/1.1" 200 225
/home/mohamed/Desktop/Lab System/.venv/lib64/python3.13/site-packages/django/contrib/admin/options.py:943: UnorderedObjectListWarning: Pagination may yield inconsistent results with an unordered object_list: <class 'analyses.models.TestCatalog'> QuerySet.
  return self.paginator(queryset, per_page, orphans, allow_empty_first_page)
[19/Sep/2025 01:21:32] "GET /admin/autocomplete/?app_label=analyses&model_name=analysisrequest&field_name=test HTTP/1.1" 200 1633
[19/Sep/2025 01:21:34] "GET /analyses/test-price/157/ HTTP/1.1" 200 19
[19/Sep/2025 01:21:34] "GET /analyses/test-price/157/ HTTP/1.1" 200 19
[19/Sep/2025 01:21:34] "GET /analyses/test-price/157/ HTTP/1.1" 200 19
[19/Sep/2025 01:21:38] "GET /admin/autocomplete/?app_label=analyses&model_name=analysisrequest&field_name=test HTTP/1.1" 200 1633
[19/Sep/2025 01:21:39] "GET /analyses/test-price/158/ HTTP/1.1" 200 19
[19/Sep/2025 01:21:39] "GET /analyses/test-price/158/ HTTP/1.1" 200 19
[19/Sep/2025 01:21:40] "GET /admin/autocomplete/?app_label=analyses&model_name=analysisrequest&field_name=test HTTP/1.1" 200 1633
[19/Sep/2025 01:21:40] "GET /analyses/test-price/159/ HTTP/1.1" 200 17
[19/Sep/2025 01:21:40] "GET /analyses/test-price/159/ HTTP/1.1" 200 17
[19/Sep/2025 01:21:42] "GET /admin/autocomplete/?app_label=analyses&model_name=analysisrequest&field_name=test HTTP/1.1" 200 1633
[19/Sep/2025 01:21:42] "GET /analyses/test-price/158/ HTTP/1.1" 200 19
[19/Sep/2025 01:21:42] "GET /analyses/test-price/158/ HTTP/1.1" 200 19
[19/Sep/2025 01:21:46] "POST /admin/analyses/analysisrequest/add/ HTTP/1.1" 302 0
[19/Sep/2025 01:21:46] "GET /admin/analyses/analysisrequest/12/change/ HTTP/1.1" 200 24916
[19/Sep/2025 01:21:46] "GET /admin/jsi18n/ HTTP/1.1" 200 3342
[19/Sep/2025 01:21:46] "GET /analyses/test-price/158/ HTTP/1.1" 200 19
[19/Sep/2025 01:21:46] "GET /analyses/test-price/158/ HTTP/1.1" 200 19
[19/Sep/2025 01:21:56] "GET /admin/analyses/todaysanalysis/ HTTP/1.1" 200 19842
[19/Sep/2025 01:21:56] "GET /static/analyses/css/todays_analysis_admin.css HTTP/1.1" 404 1928
[19/Sep/2025 01:21:56] "GET /static/admin/img/icon-no.svg HTTP/1.1" 200 560
[19/Sep/2025 01:21:58] "GET /admin/analyses/analysis/add/?patient=4&test=158 HTTP/1.1" 200 20246
[19/Sep/2025 01:21:58] "GET /admin/jsi18n/ HTTP/1.1" 200 3342
[19/Sep/2025 01:21:58] "GET /analyses/test-price/158/ HTTP/1.1" 200 19
[19/Sep/2025 01:21:58] "GET /analyses/test-price/158/ HTTP/1.1" 200 19
[19/Sep/2025 01:22:02] "POST /admin/analyses/analysis/add/?patient=4&test=158 HTTP/1.1" 302 0
[19/Sep/2025 01:22:02] "GET /admin/analyses/analysis/6/change/?patient=4&test=158 HTTP/1.1" 200 20744
[19/Sep/2025 01:22:02] "GET /admin/jsi18n/ HTTP/1.1" 200 3342
[19/Sep/2025 01:22:03] "GET /analyses/test-price/158/ HTTP/1.1" 200 19
[19/Sep/2025 01:22:03] "GET /analyses/test-price/158/ HTTP/1.1" 200 19
[19/Sep/2025 01:22:05] "GET /admin/patients/patient/ HTTP/1.1" 200 20523
[19/Sep/2025 01:22:05] "GET /admin/jsi18n/ HTTP/1.1" 200 3342
[19/Sep/2025 01:22:06] "GET /admin/patients/patient/add/ HTTP/1.1" 200 19877
[19/Sep/2025 01:22:06] "GET /admin/jsi18n/ HTTP/1.1" 200 3342
[19/Sep/2025 01:22:08] "GET /admin/patients/patient/ HTTP/1.1" 200 20523
[19/Sep/2025 01:22:16] "POST /admin/patients/patient/ HTTP/1.1" 200 15053
[19/Sep/2025 01:22:16] "GET /static/admin/js/cancel.js HTTP/1.1" 200 884
[19/Sep/2025 01:22:17] "POST /admin/patients/patient/ HTTP/1.1" 302 0
[19/Sep/2025 01:22:17] "GET /admin/patients/patient/ HTTP/1.1" 200 20155
[19/Sep/2025 01:22:17] "GET /admin/jsi18n/ HTTP/1.1" 200 3342
[19/Sep/2025 01:22:19] "GET /admin/patients/doctor/ HTTP/1.1" 200 16055
[19/Sep/2025 01:22:26] "GET /admin/patients/doctor/1/change/ HTTP/1.1" 200 17275
[19/Sep/2025 01:22:26] "GET /static/admin/js/theme.js HTTP/1.1" 304 0
[19/Sep/2025 01:22:26] "GET /static/admin/css/nav_sidebar.css HTTP/1.1" 304 0
[19/Sep/2025 01:22:26] "GET /static/admin/css/base.css HTTP/1.1" 304 0
[19/Sep/2025 01:22:26] "GET /static/admin/css/dark_mode.css HTTP/1.1" 304 0
[19/Sep/2025 01:22:26] "GET /static/admin/css/responsive.css HTTP/1.1" 304 0
[19/Sep/2025 01:22:26] "GET /admin/jsi18n/ HTTP/1.1" 200 3342
[19/Sep/2025 01:22:26] "GET /static/admin/js/nav_sidebar.js HTTP/1.1" 304 0
[19/Sep/2025 01:22:27] "GET /static/admin/img/icon-addlink.svg HTTP/1.1" 304 0
[19/Sep/2025 01:22:29] "GET /admin/patients/doctor/ HTTP/1.1" 200 16055
[19/Sep/2025 01:22:33] "GET /admin/patients/doctor/add/ HTTP/1.1" 200 17114
[19/Sep/2025 01:22:33] "GET /admin/jsi18n/ HTTP/1.1" 200 3342
[19/Sep/2025 01:22:34] "GET /admin/patients/doctor/ HTTP/1.1" 200 16055
[19/Sep/2025 01:27:35] "GET /admin/patients/doctor/ HTTP/1.1" 200 16055
[19/Sep/2025 01:27:35] "GET /static/admin/css/base.css HTTP/1.1" 304 0
[19/Sep/2025 01:27:35] "GET /static/admin/css/dark_mode.css HTTP/1.1" 304 0
[19/Sep/2025 01:27:35] "GET /static/admin/css/changelists.css HTTP/1.1" 304 0
[19/Sep/2025 01:27:35] "GET /static/admin/css/nav_sidebar.css HTTP/1.1" 304 0
[19/Sep/2025 01:27:35] "GET /static/admin/js/theme.js HTTP/1.1" 304 0
[19/Sep/2025 01:27:35] "GET /static/admin/js/vendor/jquery/jquery.js HTTP/1.1" 304 0
[19/Sep/2025 01:27:35] "GET /static/admin/js/core.js HTTP/1.1" 304 0
[19/Sep/2025 01:27:35] "GET /static/admin/css/responsive.css HTTP/1.1" 304 0
[19/Sep/2025 01:27:35] "GET /static/admin/js/jquery.init.js HTTP/1.1" 304 0
[19/Sep/2025 01:27:35] "GET /static/admin/js/admin/RelatedObjectLookups.js HTTP/1.1" 304 0
[19/Sep/2025 01:27:35] "GET /static/admin/js/urlify.js HTTP/1.1" 304 0
[19/Sep/2025 01:27:35] "GET /static/admin/js/actions.js HTTP/1.1" 304 0
[19/Sep/2025 01:27:35] "GET /static/admin/js/prepopulate.js HTTP/1.1" 304 0
[19/Sep/2025 01:27:35] "GET /static/admin/js/vendor/xregexp/xregexp.js HTTP/1.1" 304 0
[19/Sep/2025 01:27:35] "GET /static/admin/img/search.svg HTTP/1.1" 304 0
[19/Sep/2025 01:27:35] "GET /static/admin/js/nav_sidebar.js HTTP/1.1" 304 0
[19/Sep/2025 01:27:35] "GET /static/admin/js/filters.js HTTP/1.1" 304 0
[19/Sep/2025 01:27:36] "GET /static/admin/img/icon-addlink.svg HTTP/1.1" 304 0
[19/Sep/2025 01:27:36] "GET /admin/patients/doctor/ HTTP/1.1" 200 16055
[19/Sep/2025 01:27:37] "GET /admin/patients/doctor/ HTTP/1.1" 200 16055
[19/Sep/2025 01:27:38] "GET /admin/patients/doctor/ HTTP/1.1" 200 16055
[19/Sep/2025 01:27:39] "GET /admin/patients/doctor/ HTTP/1.1" 200 16055
[19/Sep/2025 01:27:39] "GET /admin/patients/doctor/ HTTP/1.1" 200 16055
[19/Sep/2025 01:27:40] "GET /admin/patients/doctor/ HTTP/1.1" 200 16055
[19/Sep/2025 01:27:40] "GET /admin/patients/doctor/ HTTP/1.1" 200 16055
[19/Sep/2025 01:27:40] "GET /admin/patients/doctor/ HTTP/1.1" 200 16055
[19/Sep/2025 01:28:25] "GET /admin/patients/doctor/ HTTP/1.1" 200 16055
[19/Sep/2025 01:28:26] "GET /admin/patients/doctor/ HTTP/1.1" 200 16055
[19/Sep/2025 01:30:52] "GET /admin/patients/doctor/ HTTP/1.1" 200 16055
[19/Sep/2025 01:30:52] "GET /static/admin/css/base.css HTTP/1.1" 304 0
[19/Sep/2025 01:30:52] "GET /static/admin/css/dark_mode.css HTTP/1.1" 304 0
[19/Sep/2025 01:30:52] "GET /static/admin/js/theme.js HTTP/1.1" 304 0
[19/Sep/2025 01:30:52] "GET /static/admin/js/vendor/jquery/jquery.js HTTP/1.1" 304 0
[19/Sep/2025 01:30:52] "GET /static/admin/css/responsive.css HTTP/1.1" 304 0
[19/Sep/2025 01:30:52] "GET /static/admin/css/nav_sidebar.css HTTP/1.1" 304 0
[19/Sep/2025 01:30:52] "GET /static/admin/css/changelists.css HTTP/1.1" 304 0
[19/Sep/2025 01:30:52] "GET /static/admin/js/admin/RelatedObjectLookups.js HTTP/1.1" 304 0
[19/Sep/2025 01:30:52] "GET /static/admin/js/core.js HTTP/1.1" 304 0
[19/Sep/2025 01:30:52] "GET /static/admin/js/actions.js HTTP/1.1" 304 0
[19/Sep/2025 01:30:52] "GET /static/admin/js/jquery.init.js HTTP/1.1" 304 0
[19/Sep/2025 01:30:52] "GET /static/admin/js/urlify.js HTTP/1.1" 304 0
[19/Sep/2025 01:30:52] "GET /static/admin/js/prepopulate.js HTTP/1.1" 304 0
[19/Sep/2025 01:30:52] "GET /static/admin/js/vendor/xregexp/xregexp.js HTTP/1.1" 304 0
[19/Sep/2025 01:30:52] "GET /static/admin/img/search.svg HTTP/1.1" 304 0
[19/Sep/2025 01:30:53] "GET /static/admin/js/nav_sidebar.js HTTP/1.1" 304 0
[19/Sep/2025 01:30:53] "GET /static/admin/js/filters.js HTTP/1.1" 304 0
[19/Sep/2025 01:30:53] "GET /static/admin/img/icon-addlink.svg HTTP/1.1" 304 0
[19/Sep/2025 01:30:54] "GET /admin/patients/doctor/ HTTP/1.1" 200 16055
[19/Sep/2025 01:30:55] "GET /admin/patients/doctor/ HTTP/1.1" 200 16055
[19/Sep/2025 01:31:40] "GET /admin/patients/doctor/ HTTP/1.1" 200 16055
[19/Sep/2025 01:32:21] "HEAD /admin/ HTTP/1.1" 302 0
[19/Sep/2025 01:32:46] "GET /admin/patients/doctor/ HTTP/1.1" 200 14362
[19/Sep/2025 01:35:01] "GET /admin/analyses/analysisresultslink/ HTTP/1.1" 302 0
[19/Sep/2025 01:35:01] "GET /analyses/results/ HTTP/1.1" 200 4410
[19/Sep/2025 01:35:01] "GET /static/admin/css/responsive.css HTTP/1.1" 304 0
[19/Sep/2025 01:35:01] "GET /static/admin/css/base.css HTTP/1.1" 304 0
[19/Sep/2025 01:35:01] "GET /static/admin/js/theme.js HTTP/1.1" 304 0
[19/Sep/2025 01:35:01] "GET /static/admin/css/dark_mode.css HTTP/1.1" 304 0
[19/Sep/2025 01:35:01] "GET /admin/patients/doctor/ HTTP/1.1" 200 14362
[19/Sep/2025 01:35:02] "GET /static/admin/img/icon-addlink.svg HTTP/1.1" 304 0
[19/Sep/2025 01:35:03] "GET /admin/analyses/analysis/ HTTP/1.1" 200 24023
[19/Sep/2025 01:35:03] "GET /static/admin/css/nav_sidebar.css HTTP/1.1" 304 0
[19/Sep/2025 01:35:03] "GET /static/admin/js/vendor/jquery/jquery.js HTTP/1.1" 304 0
[19/Sep/2025 01:35:03] "GET /static/admin/js/core.js HTTP/1.1" 304 0
[19/Sep/2025 01:35:03] "GET /static/admin/js/nav_sidebar.js HTTP/1.1" 304 0
[19/Sep/2025 01:35:03] "GET /static/admin/js/jquery.init.js HTTP/1.1" 304 0
[19/Sep/2025 01:35:03] "GET /static/admin/css/changelists.css HTTP/1.1" 304 0
[19/Sep/2025 01:35:03] "GET /static/admin/js/urlify.js HTTP/1.1" 304 0
[19/Sep/2025 01:35:03] "GET /static/admin/js/actions.js HTTP/1.1" 304 0
[19/Sep/2025 01:35:03] "GET /static/admin/js/admin/RelatedObjectLookups.js HTTP/1.1" 304 0
[19/Sep/2025 01:35:03] "GET /static/admin/js/prepopulate.js HTTP/1.1" 304 0
[19/Sep/2025 01:35:03] "GET /admin/jsi18n/ HTTP/1.1" 200 3342
[19/Sep/2025 01:35:03] "GET /static/admin/js/vendor/xregexp/xregexp.js HTTP/1.1" 304 0
[19/Sep/2025 01:35:03] "GET /static/admin/img/search.svg HTTP/1.1" 304 0
[19/Sep/2025 01:35:03] "GET /static/admin/js/filters.js HTTP/1.1" 304 0
[19/Sep/2025 01:35:06] "GET /admin/analyses/testcatalog/ HTTP/1.1" 200 38812
[19/Sep/2025 01:35:06] "GET /admin/jsi18n/ HTTP/1.1" 200 3342
[19/Sep/2025 01:35:09] "GET /admin/analyses/analysisrequest/ HTTP/1.1" 200 16990
[19/Sep/2025 01:35:10] "GET /admin/jsi18n/ HTTP/1.1" 200 3342
[19/Sep/2025 01:35:16] "GET /admin/auth/group/ HTTP/1.1" 200 13004
[19/Sep/2025 01:35:16] "GET /admin/jsi18n/ HTTP/1.1" 200 3342
[19/Sep/2025 01:35:17] "GET /admin/auth/user/ HTTP/1.1" 200 17449
[19/Sep/2025 01:35:17] "GET /static/admin/img/icon-yes.svg HTTP/1.1" 304 0
[19/Sep/2025 01:35:17] "GET /admin/jsi18n/ HTTP/1.1" 200 3342
[19/Sep/2025 01:35:20] "GET /admin/patients/doctor/ HTTP/1.1" 200 14362
[19/Sep/2025 01:35:22] "GET /admin/patients/patient/ HTTP/1.1" 200 18320
[19/Sep/2025 01:35:23] "GET /admin/jsi18n/ HTTP/1.1" 200 3342
[19/Sep/2025 01:39:43] "GET /admin/patients/patient/ HTTP/1.1" 200 22166
[19/Sep/2025 01:39:43] "GET /static/admin/css/base.css HTTP/1.1" 304 0
[19/Sep/2025 01:39:43] "GET /static/admin/css/dark_mode.css HTTP/1.1" 304 0
[19/Sep/2025 01:39:43] "GET /static/admin/css/changelists.css HTTP/1.1" 304 0
[19/Sep/2025 01:39:43] "GET /static/admin/js/theme.js HTTP/1.1" 304 0
[19/Sep/2025 01:39:43] "GET /static/admin/css/nav_sidebar.css HTTP/1.1" 304 0
[19/Sep/2025 01:39:43] "GET /admin/jsi18n/ HTTP/1.1" 200 3342
[19/Sep/2025 01:39:43] "GET /static/admin/js/jquery.init.js HTTP/1.1" 304 0
[19/Sep/2025 01:39:43] "GET /static/admin/css/responsive.css HTTP/1.1" 304 0
[19/Sep/2025 01:39:43] "GET /static/admin/js/vendor/jquery/jquery.js HTTP/1.1" 304 0
[19/Sep/2025 01:39:43] "GET /static/admin/js/admin/RelatedObjectLookups.js HTTP/1.1" 304 0
[19/Sep/2025 01:39:43] "GET /static/admin/js/core.js HTTP/1.1" 304 0
[19/Sep/2025 01:39:43] "GET /static/admin/js/actions.js HTTP/1.1" 304 0
[19/Sep/2025 01:39:43] "GET /static/admin/js/vendor/xregexp/xregexp.js HTTP/1.1" 304 0
[19/Sep/2025 01:39:43] "GET /static/admin/js/urlify.js HTTP/1.1" 304 0
[19/Sep/2025 01:39:43] "GET /static/admin/js/prepopulate.js HTTP/1.1" 304 0
[19/Sep/2025 01:39:43] "GET /static/admin/img/search.svg HTTP/1.1" 304 0
[19/Sep/2025 01:39:43] "GET /static/admin/js/nav_sidebar.js HTTP/1.1" 304 0
[19/Sep/2025 01:39:43] "GET /static/admin/js/filters.js HTTP/1.1" 304 0
[19/Sep/2025 01:39:44] "GET /static/admin/img/icon-addlink.svg HTTP/1.1" 304 0
[19/Sep/2025 01:39:44] "GET /admin/patients/patient/ HTTP/1.1" 200 22166
[19/Sep/2025 01:39:44] "GET /admin/jsi18n/ HTTP/1.1" 200 3342
[19/Sep/2025 01:45:36] "GET /admin/patients/patient/ HTTP/1.1" 200 21321
[19/Sep/2025 01:45:36] "GET /static/admin/css/base.css HTTP/1.1" 304 0
[19/Sep/2025 01:45:36] "GET /static/admin/css/dark_mode.css HTTP/1.1" 304 0
[19/Sep/2025 01:45:36] "GET /static/admin/css/nav_sidebar.css HTTP/1.1" 304 0
[19/Sep/2025 01:45:36] "GET /static/admin/js/theme.js HTTP/1.1" 304 0
[19/Sep/2025 01:45:36] "GET /static/admin/css/changelists.css HTTP/1.1" 304 0
[19/Sep/2025 01:45:36] "GET /admin/jsi18n/ HTTP/1.1" 200 3342
[19/Sep/2025 01:45:36] "GET /static/admin/css/responsive.css HTTP/1.1" 304 0
[19/Sep/2025 01:45:36] "GET /static/admin/js/jquery.init.js HTTP/1.1" 304 0
[19/Sep/2025 01:45:36] "GET /static/admin/js/core.js HTTP/1.1" 304 0
[19/Sep/2025 01:45:36] "GET /static/admin/js/vendor/jquery/jquery.js HTTP/1.1" 304 0
[19/Sep/2025 01:45:36] "GET /static/admin/js/admin/RelatedObjectLookups.js HTTP/1.1" 304 0
[19/Sep/2025 01:45:36] "GET /static/admin/js/actions.js HTTP/1.1" 304 0
[19/Sep/2025 01:45:36] "GET /static/admin/js/urlify.js HTTP/1.1" 304 0
[19/Sep/2025 01:45:36] "GET /static/admin/js/vendor/xregexp/xregexp.js HTTP/1.1" 304 0
[19/Sep/2025 01:45:36] "GET /static/admin/img/search.svg HTTP/1.1" 304 0
[19/Sep/2025 01:45:36] "GET /static/admin/js/prepopulate.js HTTP/1.1" 304 0
[19/Sep/2025 01:45:36] "GET /static/admin/js/nav_sidebar.js HTTP/1.1" 304 0
[19/Sep/2025 01:45:36] "GET /static/admin/js/filters.js HTTP/1.1" 304 0
[19/Sep/2025 01:45:36] "GET /static/admin/img/icon-addlink.svg HTTP/1.1" 304 0
/home/mohamed/Desktop/Lab System/lab_system/__init__.py changed, reloading.
Performing system checks...

System check identified no issues (0 silenced).
September 19, 2025 - 01:02:52
Django version 5.2.6, using settings 'lab_system.settings'
Starting development server at http://0.0.0.0:8000/
Quit the server with CONTROL-C.

WARNING: This is a development server. Do not use it in a production setting. Use a production WSGI or ASGI server instead.
For more information on production servers see: https://docs.djangoproject.com/en/5.2/howto/deployment/
Watching for file changes with StatReloader
[19/Sep/2025 01:49:39] "HEAD /admin/ HTTP/1.1" 302 0
[19/Sep/2025 01:53:06] "GET /admin/patients/patient/ HTTP/1.1" 200 19848
[19/Sep/2025 01:53:06] "GET /static/admin/css/base.css HTTP/1.1" 304 0
[19/Sep/2025 01:53:06] "GET /static/admin/css/dark_mode.css HTTP/1.1" 304 0
[19/Sep/2025 01:53:06] "GET /static/admin/css/changelists.css HTTP/1.1" 304 0
[19/Sep/2025 01:53:06] "GET /static/admin/css/nav_sidebar.css HTTP/1.1" 304 0
[19/Sep/2025 01:53:06] "GET /static/admin/js/theme.js HTTP/1.1" 304 0
[19/Sep/2025 01:53:06] "GET /admin/jsi18n/ HTTP/1.1" 200 3342
[19/Sep/2025 01:53:06] "GET /static/admin/js/admin/RelatedObjectLookups.js HTTP/1.1" 304 0
[19/Sep/2025 01:53:06] "GET /static/admin/js/jquery.init.js HTTP/1.1" 304 0
[19/Sep/2025 01:53:06] "GET /static/admin/js/core.js HTTP/1.1" 304 0
[19/Sep/2025 01:53:06] "GET /static/admin/js/vendor/jquery/jquery.js HTTP/1.1" 304 0
[19/Sep/2025 01:53:06] "GET /static/admin/js/actions.js HTTP/1.1" 304 0
[19/Sep/2025 01:53:06] "GET /static/admin/css/responsive.css HTTP/1.1" 304 0
[19/Sep/2025 01:53:07] "GET /static/admin/js/urlify.js HTTP/1.1" 304 0
[19/Sep/2025 01:53:07] "GET /static/admin/img/search.svg HTTP/1.1" 304 0
[19/Sep/2025 01:53:07] "GET /static/admin/js/vendor/xregexp/xregexp.js HTTP/1.1" 304 0
[19/Sep/2025 01:53:07] "GET /static/admin/js/prepopulate.js HTTP/1.1" 304 0
[19/Sep/2025 01:53:07] "GET /static/admin/js/filters.js HTTP/1.1" 304 0
[19/Sep/2025 01:53:07] "GET /static/admin/js/nav_sidebar.js HTTP/1.1" 304 0
[19/Sep/2025 01:53:07] "GET /static/admin/img/tooltag-add.svg HTTP/1.1" 304 0
[19/Sep/2025 01:53:07] "GET /static/admin/img/icon-addlink.svg HTTP/1.1" 304 0
[19/Sep/2025 01:53:07] "GET /static/admin/img/sorting-icons.svg HTTP/1.1" 304 0
[19/Sep/2025 01:53:07] "GET /static/admin/img/icon-viewlink.svg HTTP/1.1" 304 0
Not Found: /.well-known/appspecific/com.chrome.devtools.json
[19/Sep/2025 01:53:35] "GET /.well-known/appspecific/com.chrome.devtools.json HTTP/1.1" 404 2770
[19/Sep/2025 01:53:43] "GET /admin/analyses/todaysanalysis/ HTTP/1.1" 200 19231
Not Found: /.well-known/appspecific/com.chrome.devtools.json
[19/Sep/2025 01:53:43] "GET /.well-known/appspecific/com.chrome.devtools.json HTTP/1.1" 404 2770
[19/Sep/2025 01:53:43] "GET /static/analyses/css/todays_analysis_admin.css HTTP/1.1" 404 1928
[19/Sep/2025 01:53:43] "GET /static/admin/img/icon-yes.svg HTTP/1.1" 304 0
[19/Sep/2025 01:53:44] "GET /admin/analyses/analysisrequest/ HTTP/1.1" 200 18518
Not Found: /.well-known/appspecific/com.chrome.devtools.json
[19/Sep/2025 01:53:44] "GET /.well-known/appspecific/com.chrome.devtools.json HTTP/1.1" 404 2770
[19/Sep/2025 01:53:44] "GET /admin/jsi18n/ HTTP/1.1" 200 3342
[19/Sep/2025 01:53:46] "GET /admin/analyses/todaysanalysis/ HTTP/1.1" 200 19231
Not Found: /.well-known/appspecific/com.chrome.devtools.json
[19/Sep/2025 01:53:47] "GET /.well-known/appspecific/com.chrome.devtools.json HTTP/1.1" 404 2770
[19/Sep/2025 01:53:47] "GET /static/analyses/css/todays_analysis_admin.css HTTP/1.1" 404 1928
[19/Sep/2025 01:53:49] "GET /admin/analyses/testcatalog/ HTTP/1.1" 200 40340
Not Found: /.well-known/appspecific/com.chrome.devtools.json
[19/Sep/2025 01:53:49] "GET /.well-known/appspecific/com.chrome.devtools.json HTTP/1.1" 404 2770
[19/Sep/2025 01:53:49] "GET /admin/jsi18n/ HTTP/1.1" 200 3342
[19/Sep/2025 01:53:51] "GET /admin/analyses/analysisresultslink/ HTTP/1.1" 302 0
[19/Sep/2025 01:53:51] "GET /analyses/results/ HTTP/1.1" 200 5938
Not Found: /.well-known/appspecific/com.chrome.devtools.json
[19/Sep/2025 01:53:51] "GET /.well-known/appspecific/com.chrome.devtools.json HTTP/1.1" 404 2770
[19/Sep/2025 01:53:52] "GET /admin/analyses/testcatalog/ HTTP/1.1" 200 40340
Not Found: /.well-known/appspecific/com.chrome.devtools.json
[19/Sep/2025 01:53:52] "GET /.well-known/appspecific/com.chrome.devtools.json HTTP/1.1" 404 2770
[19/Sep/2025 01:53:53] "GET /admin/analyses/analysis/ HTTP/1.1" 200 25551
Not Found: /.well-known/appspecific/com.chrome.devtools.json
[19/Sep/2025 01:53:53] "GET /.well-known/appspecific/com.chrome.devtools.json HTTP/1.1" 404 2770
[19/Sep/2025 01:53:53] "GET /admin/jsi18n/ HTTP/1.1" 200 3342
[19/Sep/2025 01:53:54] "GET /admin/analyses/todaysanalysis/ HTTP/1.1" 200 19231
Not Found: /.well-known/appspecific/com.chrome.devtools.json
[19/Sep/2025 01:53:54] "GET /.well-known/appspecific/com.chrome.devtools.json HTTP/1.1" 404 2770
[19/Sep/2025 01:53:54] "GET /static/analyses/css/todays_analysis_admin.css HTTP/1.1" 404 1928
[19/Sep/2025 01:53:56] "GET /admin/analyses/analysisrequest/ HTTP/1.1" 200 18518
Not Found: /.well-known/appspecific/com.chrome.devtools.json
[19/Sep/2025 01:53:56] "GET /.well-known/appspecific/com.chrome.devtools.json HTTP/1.1" 404 2770
[19/Sep/2025 01:53:56] "GET /admin/jsi18n/ HTTP/1.1" 200 3342
[19/Sep/2025 01:53:57] "GET /admin/analyses/todaysanalysis/ HTTP/1.1" 200 19231
Not Found: /.well-known/appspecific/com.chrome.devtools.json
[19/Sep/2025 01:53:57] "GET /.well-known/appspecific/com.chrome.devtools.json HTTP/1.1" 404 2770
[19/Sep/2025 01:53:57] "GET /static/analyses/css/todays_analysis_admin.css HTTP/1.1" 404 1928
[19/Sep/2025 01:54:06] "GET /admin/ HTTP/1.1" 302 0
Internal Server Error: /admin/analyses/todaysanalysis/
Traceback (most recent call last):
  File "/home/mohamed/Desktop/Lab System/.venv/lib64/python3.13/site-packages/django/template/base.py", line 510, in parse
    compile_func = self.tags[command]
                   ~~~~~~~~~^^^^^^^^^
KeyError: 'endblock'

During handling of the above exception, another exception occurred:

Traceback (most recent call last):
  File "/home/mohamed/Desktop/Lab System/.venv/lib64/python3.13/site-packages/django/core/handlers/exception.py", line 55, in inner
    response = get_response(request)
  File "/home/mohamed/Desktop/Lab System/.venv/lib64/python3.13/site-packages/django/core/handlers/base.py", line 220, in _get_response
    response = response.render()
  File "/home/mohamed/Desktop/Lab System/.venv/lib64/python3.13/site-packages/django/template/response.py", line 114, in render
    self.content = self.rendered_content
                   ^^^^^^^^^^^^^^^^^^^^^
  File "/home/mohamed/Desktop/Lab System/.venv/lib64/python3.13/site-packages/django/template/response.py", line 92, in rendered_content
    return template.render(context, self._request)
           ~~~~~~~~~~~~~~~^^^^^^^^^^^^^^^^^^^^^^^^
  File "/home/mohamed/Desktop/Lab System/.venv/lib64/python3.13/site-packages/django/template/backends/django.py", line 107, in render
    return self.template.render(context)
           ~~~~~~~~~~~~~~~~~~~~^^^^^^^^^
  File "/home/mohamed/Desktop/Lab System/.venv/lib64/python3.13/site-packages/django/template/base.py", line 171, in render
    return self._render(context)
           ~~~~~~~~~~~~^^^^^^^^^
  File "/home/mohamed/Desktop/Lab System/.venv/lib64/python3.13/site-packages/django/template/base.py", line 163, in _render
    return self.nodelist.render(context)
           ~~~~~~~~~~~~~~~~~~~~^^^^^^^^^
  File "/home/mohamed/Desktop/Lab System/.venv/lib64/python3.13/site-packages/django/template/base.py", line 1016, in render
    return SafeString("".join([node.render_annotated(context) for node in self]))
                               ~~~~~~~~~~~~~~~~~~~~~^^^^^^^^^
  File "/home/mohamed/Desktop/Lab System/.venv/lib64/python3.13/site-packages/django/template/base.py", line 977, in render_annotated
    return self.render(context)
           ~~~~~~~~~~~^^^^^^^^^
  File "/home/mohamed/Desktop/Lab System/.venv/lib64/python3.13/site-packages/django/template/loader_tags.py", line 159, in render
    return compiled_parent._render(context)
           ~~~~~~~~~~~~~~~~~~~~~~~^^^^^^^^^
  File "/home/mohamed/Desktop/Lab System/.venv/lib64/python3.13/site-packages/django/template/base.py", line 163, in _render
    return self.nodelist.render(context)
           ~~~~~~~~~~~~~~~~~~~~^^^^^^^^^
  File "/home/mohamed/Desktop/Lab System/.venv/lib64/python3.13/site-packages/django/template/base.py", line 1016, in render
    return SafeString("".join([node.render_annotated(context) for node in self]))
                               ~~~~~~~~~~~~~~~~~~~~~^^^^^^^^^
  File "/home/mohamed/Desktop/Lab System/.venv/lib64/python3.13/site-packages/django/template/base.py", line 977, in render_annotated
    return self.render(context)
           ~~~~~~~~~~~^^^^^^^^^
  File "/home/mohamed/Desktop/Lab System/.venv/lib64/python3.13/site-packages/django/template/loader_tags.py", line 134, in render
    compiled_parent = self.get_parent(context)
  File "/home/mohamed/Desktop/Lab System/.venv/lib64/python3.13/site-packages/django/template/loader_tags.py", line 131, in get_parent
    return self.find_template(parent, context)
           ~~~~~~~~~~~~~~~~~~^^^^^^^^^^^^^^^^^
  File "/home/mohamed/Desktop/Lab System/.venv/lib64/python3.13/site-packages/django/template/loader_tags.py", line 109, in find_template
    template, origin = context.template.engine.find_template(
                       ~~~~~~~~~~~~~~~~~~~~~~~~~~~~~~~~~~~~~^
        template_name,
        ^^^^^^^^^^^^^^
        skip=history,
        ^^^^^^^^^^^^^
    )
    ^
  File "/home/mohamed/Desktop/Lab System/.venv/lib64/python3.13/site-packages/django/template/engine.py", line 159, in find_template
    template = loader.get_template(name, skip=skip)
  File "/home/mohamed/Desktop/Lab System/.venv/lib64/python3.13/site-packages/django/template/loaders/cached.py", line 57, in get_template
    template = super().get_template(template_name, skip)
  File "/home/mohamed/Desktop/Lab System/.venv/lib64/python3.13/site-packages/django/template/loaders/base.py", line 28, in get_template
    return Template(
        contents,
    ...<2 lines>...
        self.engine,
    )
  File "/home/mohamed/Desktop/Lab System/.venv/lib64/python3.13/site-packages/django/template/base.py", line 154, in __init__
    self.nodelist = self.compile_nodelist()
                    ~~~~~~~~~~~~~~~~~~~~~^^
  File "/home/mohamed/Desktop/Lab System/.venv/lib64/python3.13/site-packages/django/template/base.py", line 196, in compile_nodelist
    nodelist = parser.parse()
  File "/home/mohamed/Desktop/Lab System/.venv/lib64/python3.13/site-packages/django/template/base.py", line 518, in parse
    raise self.error(token, e)
  File "/home/mohamed/Desktop/Lab System/.venv/lib64/python3.13/site-packages/django/template/base.py", line 516, in parse
    compiled_result = compile_func(self, token)
  File "/home/mohamed/Desktop/Lab System/.venv/lib64/python3.13/site-packages/django/template/loader_tags.py", line 299, in do_extends
    nodelist = parser.parse()
  File "/home/mohamed/Desktop/Lab System/.venv/lib64/python3.13/site-packages/django/template/base.py", line 512, in parse
    self.invalid_block_tag(token, command, parse_until)
    ~~~~~~~~~~~~~~~~~~~~~~^^^^^^^^^^^^^^^^^^^^^^^^^^^^^
  File "/home/mohamed/Desktop/Lab System/.venv/lib64/python3.13/site-packages/django/template/base.py", line 577, in invalid_block_tag
    raise self.error(
    ...<3 lines>...
    )
django.template.exceptions.TemplateSyntaxError: Invalid block tag on line 66: 'endblock'. Did you forget to register or load this tag?
[19/Sep/2025 01:54:09] "GET /admin/analyses/todaysanalysis/ HTTP/1.1" 500 282714
Not Found: /.well-known/appspecific/com.chrome.devtools.json
[19/Sep/2025 01:54:09] "GET /.well-known/appspecific/com.chrome.devtools.json HTTP/1.1" 404 2770
Internal Server Error: /admin/analyses/todaysanalysis/
Traceback (most recent call last):
  File "/home/mohamed/Desktop/Lab System/.venv/lib64/python3.13/site-packages/django/template/base.py", line 510, in parse
    compile_func = self.tags[command]
                   ~~~~~~~~~^^^^^^^^^
KeyError: 'endblock'

During handling of the above exception, another exception occurred:

Traceback (most recent call last):
  File "/home/mohamed/Desktop/Lab System/.venv/lib64/python3.13/site-packages/django/core/handlers/exception.py", line 55, in inner
    response = get_response(request)
  File "/home/mohamed/Desktop/Lab System/.venv/lib64/python3.13/site-packages/django/core/handlers/base.py", line 220, in _get_response
    response = response.render()
  File "/home/mohamed/Desktop/Lab System/.venv/lib64/python3.13/site-packages/django/template/response.py", line 114, in render
    self.content = self.rendered_content
                   ^^^^^^^^^^^^^^^^^^^^^
  File "/home/mohamed/Desktop/Lab System/.venv/lib64/python3.13/site-packages/django/template/response.py", line 92, in rendered_content
    return template.render(context, self._request)
           ~~~~~~~~~~~~~~~^^^^^^^^^^^^^^^^^^^^^^^^
  File "/home/mohamed/Desktop/Lab System/.venv/lib64/python3.13/site-packages/django/template/backends/django.py", line 107, in render
    return self.template.render(context)
           ~~~~~~~~~~~~~~~~~~~~^^^^^^^^^
  File "/home/mohamed/Desktop/Lab System/.venv/lib64/python3.13/site-packages/django/template/base.py", line 171, in render
    return self._render(context)
           ~~~~~~~~~~~~^^^^^^^^^
  File "/home/mohamed/Desktop/Lab System/.venv/lib64/python3.13/site-packages/django/template/base.py", line 163, in _render
    return self.nodelist.render(context)
           ~~~~~~~~~~~~~~~~~~~~^^^^^^^^^
  File "/home/mohamed/Desktop/Lab System/.venv/lib64/python3.13/site-packages/django/template/base.py", line 1016, in render
    return SafeString("".join([node.render_annotated(context) for node in self]))
                               ~~~~~~~~~~~~~~~~~~~~~^^^^^^^^^
  File "/home/mohamed/Desktop/Lab System/.venv/lib64/python3.13/site-packages/django/template/base.py", line 977, in render_annotated
    return self.render(context)
           ~~~~~~~~~~~^^^^^^^^^
  File "/home/mohamed/Desktop/Lab System/.venv/lib64/python3.13/site-packages/django/template/loader_tags.py", line 159, in render
    return compiled_parent._render(context)
           ~~~~~~~~~~~~~~~~~~~~~~~^^^^^^^^^
  File "/home/mohamed/Desktop/Lab System/.venv/lib64/python3.13/site-packages/django/template/base.py", line 163, in _render
    return self.nodelist.render(context)
           ~~~~~~~~~~~~~~~~~~~~^^^^^^^^^
  File "/home/mohamed/Desktop/Lab System/.venv/lib64/python3.13/site-packages/django/template/base.py", line 1016, in render
    return SafeString("".join([node.render_annotated(context) for node in self]))
                               ~~~~~~~~~~~~~~~~~~~~~^^^^^^^^^
  File "/home/mohamed/Desktop/Lab System/.venv/lib64/python3.13/site-packages/django/template/base.py", line 977, in render_annotated
    return self.render(context)
           ~~~~~~~~~~~^^^^^^^^^
  File "/home/mohamed/Desktop/Lab System/.venv/lib64/python3.13/site-packages/django/template/loader_tags.py", line 134, in render
    compiled_parent = self.get_parent(context)
  File "/home/mohamed/Desktop/Lab System/.venv/lib64/python3.13/site-packages/django/template/loader_tags.py", line 131, in get_parent
    return self.find_template(parent, context)
           ~~~~~~~~~~~~~~~~~~^^^^^^^^^^^^^^^^^
  File "/home/mohamed/Desktop/Lab System/.venv/lib64/python3.13/site-packages/django/template/loader_tags.py", line 109, in find_template
    template, origin = context.template.engine.find_template(
                       ~~~~~~~~~~~~~~~~~~~~~~~~~~~~~~~~~~~~~^
        template_name,
        ^^^^^^^^^^^^^^
        skip=history,
        ^^^^^^^^^^^^^
    )
    ^
  File "/home/mohamed/Desktop/Lab System/.venv/lib64/python3.13/site-packages/django/template/engine.py", line 159, in find_template
    template = loader.get_template(name, skip=skip)
  File "/home/mohamed/Desktop/Lab System/.venv/lib64/python3.13/site-packages/django/template/loaders/cached.py", line 57, in get_template
    template = super().get_template(template_name, skip)
  File "/home/mohamed/Desktop/Lab System/.venv/lib64/python3.13/site-packages/django/template/loaders/base.py", line 28, in get_template
    return Template(
        contents,
    ...<2 lines>...
        self.engine,
    )
  File "/home/mohamed/Desktop/Lab System/.venv/lib64/python3.13/site-packages/django/template/base.py", line 154, in __init__
    self.nodelist = self.compile_nodelist()
                    ~~~~~~~~~~~~~~~~~~~~~^^
  File "/home/mohamed/Desktop/Lab System/.venv/lib64/python3.13/site-packages/django/template/base.py", line 196, in compile_nodelist
    nodelist = parser.parse()
  File "/home/mohamed/Desktop/Lab System/.venv/lib64/python3.13/site-packages/django/template/base.py", line 518, in parse
    raise self.error(token, e)
  File "/home/mohamed/Desktop/Lab System/.venv/lib64/python3.13/site-packages/django/template/base.py", line 516, in parse
    compiled_result = compile_func(self, token)
  File "/home/mohamed/Desktop/Lab System/.venv/lib64/python3.13/site-packages/django/template/loader_tags.py", line 299, in do_extends
    nodelist = parser.parse()
  File "/home/mohamed/Desktop/Lab System/.venv/lib64/python3.13/site-packages/django/template/base.py", line 512, in parse
    self.invalid_block_tag(token, command, parse_until)
    ~~~~~~~~~~~~~~~~~~~~~~^^^^^^^^^^^^^^^^^^^^^^^^^^^^^
  File "/home/mohamed/Desktop/Lab System/.venv/lib64/python3.13/site-packages/django/template/base.py", line 577, in invalid_block_tag
    raise self.error(
    ...<3 lines>...
    )
django.template.exceptions.TemplateSyntaxError: Invalid block tag on line 66: 'endblock'. Did you forget to register or load this tag?
[19/Sep/2025 01:54:10] "GET /admin/analyses/todaysanalysis/ HTTP/1.1" 500 282714
Not Found: /.well-known/appspecific/com.chrome.devtools.json
[19/Sep/2025 01:54:10] "GET /.well-known/appspecific/com.chrome.devtools.json HTTP/1.1" 404 2770
Internal Server Error: /admin/analyses/analysisrequest/
Traceback (most recent call last):
  File "/home/mohamed/Desktop/Lab System/.venv/lib64/python3.13/site-packages/django/template/base.py", line 510, in parse
    compile_func = self.tags[command]
                   ~~~~~~~~~^^^^^^^^^
KeyError: 'endblock'

During handling of the above exception, another exception occurred:

Traceback (most recent call last):
  File "/home/mohamed/Desktop/Lab System/.venv/lib64/python3.13/site-packages/django/core/handlers/exception.py", line 55, in inner
    response = get_response(request)
  File "/home/mohamed/Desktop/Lab System/.venv/lib64/python3.13/site-packages/django/core/handlers/base.py", line 220, in _get_response
    response = response.render()
  File "/home/mohamed/Desktop/Lab System/.venv/lib64/python3.13/site-packages/django/template/response.py", line 114, in render
    self.content = self.rendered_content
                   ^^^^^^^^^^^^^^^^^^^^^
  File "/home/mohamed/Desktop/Lab System/.venv/lib64/python3.13/site-packages/django/template/response.py", line 92, in rendered_content
    return template.render(context, self._request)
           ~~~~~~~~~~~~~~~^^^^^^^^^^^^^^^^^^^^^^^^
  File "/home/mohamed/Desktop/Lab System/.venv/lib64/python3.13/site-packages/django/template/backends/django.py", line 107, in render
    return self.template.render(context)
           ~~~~~~~~~~~~~~~~~~~~^^^^^^^^^
  File "/home/mohamed/Desktop/Lab System/.venv/lib64/python3.13/site-packages/django/template/base.py", line 171, in render
    return self._render(context)
           ~~~~~~~~~~~~^^^^^^^^^
  File "/home/mohamed/Desktop/Lab System/.venv/lib64/python3.13/site-packages/django/template/base.py", line 163, in _render
    return self.nodelist.render(context)
           ~~~~~~~~~~~~~~~~~~~~^^^^^^^^^
  File "/home/mohamed/Desktop/Lab System/.venv/lib64/python3.13/site-packages/django/template/base.py", line 1016, in render
    return SafeString("".join([node.render_annotated(context) for node in self]))
                               ~~~~~~~~~~~~~~~~~~~~~^^^^^^^^^
  File "/home/mohamed/Desktop/Lab System/.venv/lib64/python3.13/site-packages/django/template/base.py", line 977, in render_annotated
    return self.render(context)
           ~~~~~~~~~~~^^^^^^^^^
  File "/home/mohamed/Desktop/Lab System/.venv/lib64/python3.13/site-packages/django/template/loader_tags.py", line 134, in render
    compiled_parent = self.get_parent(context)
  File "/home/mohamed/Desktop/Lab System/.venv/lib64/python3.13/site-packages/django/template/loader_tags.py", line 131, in get_parent
    return self.find_template(parent, context)
           ~~~~~~~~~~~~~~~~~~^^^^^^^^^^^^^^^^^
  File "/home/mohamed/Desktop/Lab System/.venv/lib64/python3.13/site-packages/django/template/loader_tags.py", line 109, in find_template
    template, origin = context.template.engine.find_template(
                       ~~~~~~~~~~~~~~~~~~~~~~~~~~~~~~~~~~~~~^
        template_name,
        ^^^^^^^^^^^^^^
        skip=history,
        ^^^^^^^^^^^^^
    )
    ^
  File "/home/mohamed/Desktop/Lab System/.venv/lib64/python3.13/site-packages/django/template/engine.py", line 159, in find_template
    template = loader.get_template(name, skip=skip)
  File "/home/mohamed/Desktop/Lab System/.venv/lib64/python3.13/site-packages/django/template/loaders/cached.py", line 57, in get_template
    template = super().get_template(template_name, skip)
  File "/home/mohamed/Desktop/Lab System/.venv/lib64/python3.13/site-packages/django/template/loaders/base.py", line 28, in get_template
    return Template(
        contents,
    ...<2 lines>...
        self.engine,
    )
  File "/home/mohamed/Desktop/Lab System/.venv/lib64/python3.13/site-packages/django/template/base.py", line 154, in __init__
    self.nodelist = self.compile_nodelist()
                    ~~~~~~~~~~~~~~~~~~~~~^^
  File "/home/mohamed/Desktop/Lab System/.venv/lib64/python3.13/site-packages/django/template/base.py", line 196, in compile_nodelist
    nodelist = parser.parse()
  File "/home/mohamed/Desktop/Lab System/.venv/lib64/python3.13/site-packages/django/template/base.py", line 518, in parse
    raise self.error(token, e)
  File "/home/mohamed/Desktop/Lab System/.venv/lib64/python3.13/site-packages/django/template/base.py", line 516, in parse
    compiled_result = compile_func(self, token)
  File "/home/mohamed/Desktop/Lab System/.venv/lib64/python3.13/site-packages/django/template/loader_tags.py", line 299, in do_extends
    nodelist = parser.parse()
  File "/home/mohamed/Desktop/Lab System/.venv/lib64/python3.13/site-packages/django/template/base.py", line 512, in parse
    self.invalid_block_tag(token, command, parse_until)
    ~~~~~~~~~~~~~~~~~~~~~~^^^^^^^^^^^^^^^^^^^^^^^^^^^^^
  File "/home/mohamed/Desktop/Lab System/.venv/lib64/python3.13/site-packages/django/template/base.py", line 577, in invalid_block_tag
    raise self.error(
    ...<3 lines>...
    )
django.template.exceptions.TemplateSyntaxError: Invalid block tag on line 66: 'endblock'. Did you forget to register or load this tag?
[19/Sep/2025 01:54:12] "GET /admin/analyses/analysisrequest/ HTTP/1.1" 500 239329
Not Found: /.well-known/appspecific/com.chrome.devtools.json
[19/Sep/2025 01:54:12] "GET /.well-known/appspecific/com.chrome.devtools.json HTTP/1.1" 404 2770
Not Found: /.well-known/appspecific/com.chrome.devtools.json
[19/Sep/2025 01:54:13] "GET /.well-known/appspecific/com.chrome.devtools.json HTTP/1.1" 404 2770
Internal Server Error: /admin/analyses/analysis/
Traceback (most recent call last):
  File "/home/mohamed/Desktop/Lab System/.venv/lib64/python3.13/site-packages/django/template/base.py", line 510, in parse
    compile_func = self.tags[command]
                   ~~~~~~~~~^^^^^^^^^
KeyError: 'endblock'

During handling of the above exception, another exception occurred:

Traceback (most recent call last):
  File "/home/mohamed/Desktop/Lab System/.venv/lib64/python3.13/site-packages/django/core/handlers/exception.py", line 55, in inner
    response = get_response(request)
  File "/home/mohamed/Desktop/Lab System/.venv/lib64/python3.13/site-packages/django/core/handlers/base.py", line 220, in _get_response
    response = response.render()
  File "/home/mohamed/Desktop/Lab System/.venv/lib64/python3.13/site-packages/django/template/response.py", line 114, in render
    self.content = self.rendered_content
                   ^^^^^^^^^^^^^^^^^^^^^
  File "/home/mohamed/Desktop/Lab System/.venv/lib64/python3.13/site-packages/django/template/response.py", line 92, in rendered_content
    return template.render(context, self._request)
           ~~~~~~~~~~~~~~~^^^^^^^^^^^^^^^^^^^^^^^^
  File "/home/mohamed/Desktop/Lab System/.venv/lib64/python3.13/site-packages/django/template/backends/django.py", line 107, in render
    return self.template.render(context)
           ~~~~~~~~~~~~~~~~~~~~^^^^^^^^^
  File "/home/mohamed/Desktop/Lab System/.venv/lib64/python3.13/site-packages/django/template/base.py", line 171, in render
    return self._render(context)
           ~~~~~~~~~~~~^^^^^^^^^
  File "/home/mohamed/Desktop/Lab System/.venv/lib64/python3.13/site-packages/django/template/base.py", line 163, in _render
    return self.nodelist.render(context)
           ~~~~~~~~~~~~~~~~~~~~^^^^^^^^^
  File "/home/mohamed/Desktop/Lab System/.venv/lib64/python3.13/site-packages/django/template/base.py", line 1016, in render
    return SafeString("".join([node.render_annotated(context) for node in self]))
                               ~~~~~~~~~~~~~~~~~~~~~^^^^^^^^^
  File "/home/mohamed/Desktop/Lab System/.venv/lib64/python3.13/site-packages/django/template/base.py", line 977, in render_annotated
    return self.render(context)
           ~~~~~~~~~~~^^^^^^^^^
  File "/home/mohamed/Desktop/Lab System/.venv/lib64/python3.13/site-packages/django/template/loader_tags.py", line 134, in render
    compiled_parent = self.get_parent(context)
  File "/home/mohamed/Desktop/Lab System/.venv/lib64/python3.13/site-packages/django/template/loader_tags.py", line 131, in get_parent
    return self.find_template(parent, context)
           ~~~~~~~~~~~~~~~~~~^^^^^^^^^^^^^^^^^
  File "/home/mohamed/Desktop/Lab System/.venv/lib64/python3.13/site-packages/django/template/loader_tags.py", line 109, in find_template
    template, origin = context.template.engine.find_template(
                       ~~~~~~~~~~~~~~~~~~~~~~~~~~~~~~~~~~~~~^
        template_name,
        ^^^^^^^^^^^^^^
        skip=history,
        ^^^^^^^^^^^^^
    )
    ^
  File "/home/mohamed/Desktop/Lab System/.venv/lib64/python3.13/site-packages/django/template/engine.py", line 159, in find_template
    template = loader.get_template(name, skip=skip)
  File "/home/mohamed/Desktop/Lab System/.venv/lib64/python3.13/site-packages/django/template/loaders/cached.py", line 57, in get_template
    template = super().get_template(template_name, skip)
  File "/home/mohamed/Desktop/Lab System/.venv/lib64/python3.13/site-packages/django/template/loaders/base.py", line 28, in get_template
    return Template(
        contents,
    ...<2 lines>...
        self.engine,
    )
  File "/home/mohamed/Desktop/Lab System/.venv/lib64/python3.13/site-packages/django/template/base.py", line 154, in __init__
    self.nodelist = self.compile_nodelist()
                    ~~~~~~~~~~~~~~~~~~~~~^^
  File "/home/mohamed/Desktop/Lab System/.venv/lib64/python3.13/site-packages/django/template/base.py", line 196, in compile_nodelist
    nodelist = parser.parse()
  File "/home/mohamed/Desktop/Lab System/.venv/lib64/python3.13/site-packages/django/template/base.py", line 518, in parse
    raise self.error(token, e)
  File "/home/mohamed/Desktop/Lab System/.venv/lib64/python3.13/site-packages/django/template/base.py", line 516, in parse
    compiled_result = compile_func(self, token)
  File "/home/mohamed/Desktop/Lab System/.venv/lib64/python3.13/site-packages/django/template/loader_tags.py", line 299, in do_extends
    nodelist = parser.parse()
  File "/home/mohamed/Desktop/Lab System/.venv/lib64/python3.13/site-packages/django/template/base.py", line 512, in parse
    self.invalid_block_tag(token, command, parse_until)
    ~~~~~~~~~~~~~~~~~~~~~~^^^^^^^^^^^^^^^^^^^^^^^^^^^^^
  File "/home/mohamed/Desktop/Lab System/.venv/lib64/python3.13/site-packages/django/template/base.py", line 577, in invalid_block_tag
    raise self.error(
    ...<3 lines>...
    )
django.template.exceptions.TemplateSyntaxError: Invalid block tag on line 66: 'endblock'. Did you forget to register or load this tag?
[19/Sep/2025 01:54:13] "GET /admin/analyses/analysis/ HTTP/1.1" 500 239320
Not Found: /.well-known/appspecific/com.chrome.devtools.json
[19/Sep/2025 01:54:13] "GET /.well-known/appspecific/com.chrome.devtools.json HTTP/1.1" 404 2770
Internal Server Error: /admin/analyses/testcatalog/
Traceback (most recent call last):
  File "/home/mohamed/Desktop/Lab System/.venv/lib64/python3.13/site-packages/django/template/base.py", line 510, in parse
    compile_func = self.tags[command]
                   ~~~~~~~~~^^^^^^^^^
KeyError: 'endblock'

During handling of the above exception, another exception occurred:

Traceback (most recent call last):
  File "/home/mohamed/Desktop/Lab System/.venv/lib64/python3.13/site-packages/django/core/handlers/exception.py", line 55, in inner
    response = get_response(request)
  File "/home/mohamed/Desktop/Lab System/.venv/lib64/python3.13/site-packages/django/core/handlers/base.py", line 220, in _get_response
    response = response.render()
  File "/home/mohamed/Desktop/Lab System/.venv/lib64/python3.13/site-packages/django/template/response.py", line 114, in render
    self.content = self.rendered_content
                   ^^^^^^^^^^^^^^^^^^^^^
  File "/home/mohamed/Desktop/Lab System/.venv/lib64/python3.13/site-packages/django/template/response.py", line 92, in rendered_content
    return template.render(context, self._request)
           ~~~~~~~~~~~~~~~^^^^^^^^^^^^^^^^^^^^^^^^
  File "/home/mohamed/Desktop/Lab System/.venv/lib64/python3.13/site-packages/django/template/backends/django.py", line 107, in render
    return self.template.render(context)
           ~~~~~~~~~~~~~~~~~~~~^^^^^^^^^
  File "/home/mohamed/Desktop/Lab System/.venv/lib64/python3.13/site-packages/django/template/base.py", line 171, in render
    return self._render(context)
           ~~~~~~~~~~~~^^^^^^^^^
  File "/home/mohamed/Desktop/Lab System/.venv/lib64/python3.13/site-packages/django/template/base.py", line 163, in _render
    return self.nodelist.render(context)
           ~~~~~~~~~~~~~~~~~~~~^^^^^^^^^
  File "/home/mohamed/Desktop/Lab System/.venv/lib64/python3.13/site-packages/django/template/base.py", line 1016, in render
    return SafeString("".join([node.render_annotated(context) for node in self]))
                               ~~~~~~~~~~~~~~~~~~~~~^^^^^^^^^
  File "/home/mohamed/Desktop/Lab System/.venv/lib64/python3.13/site-packages/django/template/base.py", line 977, in render_annotated
    return self.render(context)
           ~~~~~~~~~~~^^^^^^^^^
  File "/home/mohamed/Desktop/Lab System/.venv/lib64/python3.13/site-packages/django/template/loader_tags.py", line 134, in render
    compiled_parent = self.get_parent(context)
  File "/home/mohamed/Desktop/Lab System/.venv/lib64/python3.13/site-packages/django/template/loader_tags.py", line 131, in get_parent
    return self.find_template(parent, context)
           ~~~~~~~~~~~~~~~~~~^^^^^^^^^^^^^^^^^
  File "/home/mohamed/Desktop/Lab System/.venv/lib64/python3.13/site-packages/django/template/loader_tags.py", line 109, in find_template
    template, origin = context.template.engine.find_template(
                       ~~~~~~~~~~~~~~~~~~~~~~~~~~~~~~~~~~~~~^
        template_name,
        ^^^^^^^^^^^^^^
        skip=history,
        ^^^^^^^^^^^^^
    )
    ^
  File "/home/mohamed/Desktop/Lab System/.venv/lib64/python3.13/site-packages/django/template/engine.py", line 159, in find_template
    template = loader.get_template(name, skip=skip)
  File "/home/mohamed/Desktop/Lab System/.venv/lib64/python3.13/site-packages/django/template/loaders/cached.py", line 57, in get_template
    template = super().get_template(template_name, skip)
  File "/home/mohamed/Desktop/Lab System/.venv/lib64/python3.13/site-packages/django/template/loaders/base.py", line 28, in get_template
    return Template(
        contents,
    ...<2 lines>...
        self.engine,
    )
  File "/home/mohamed/Desktop/Lab System/.venv/lib64/python3.13/site-packages/django/template/base.py", line 154, in __init__
    self.nodelist = self.compile_nodelist()
                    ~~~~~~~~~~~~~~~~~~~~~^^
  File "/home/mohamed/Desktop/Lab System/.venv/lib64/python3.13/site-packages/django/template/base.py", line 196, in compile_nodelist
    nodelist = parser.parse()
  File "/home/mohamed/Desktop/Lab System/.venv/lib64/python3.13/site-packages/django/template/base.py", line 518, in parse
    raise self.error(token, e)
  File "/home/mohamed/Desktop/Lab System/.venv/lib64/python3.13/site-packages/django/template/base.py", line 516, in parse
    compiled_result = compile_func(self, token)
  File "/home/mohamed/Desktop/Lab System/.venv/lib64/python3.13/site-packages/django/template/loader_tags.py", line 299, in do_extends
    nodelist = parser.parse()
  File "/home/mohamed/Desktop/Lab System/.venv/lib64/python3.13/site-packages/django/template/base.py", line 512, in parse
    self.invalid_block_tag(token, command, parse_until)
    ~~~~~~~~~~~~~~~~~~~~~~^^^^^^^^^^^^^^^^^^^^^^^^^^^^^
  File "/home/mohamed/Desktop/Lab System/.venv/lib64/python3.13/site-packages/django/template/base.py", line 577, in invalid_block_tag
    raise self.error(
    ...<3 lines>...
    )
django.template.exceptions.TemplateSyntaxError: Invalid block tag on line 66: 'endblock'. Did you forget to register or load this tag?
[19/Sep/2025 01:54:14] "GET /admin/analyses/testcatalog/ HTTP/1.1" 500 239361
Not Found: /.well-known/appspecific/com.chrome.devtools.json
[19/Sep/2025 01:54:14] "GET /.well-known/appspecific/com.chrome.devtools.json HTTP/1.1" 404 2770
Not Found: /.well-known/appspecific/com.chrome.devtools.json
[19/Sep/2025 01:54:14] "GET /.well-known/appspecific/com.chrome.devtools.json HTTP/1.1" 404 2770
Not Found: /.well-known/appspecific/com.chrome.devtools.json
[19/Sep/2025 01:54:14] "GET /.well-known/appspecific/com.chrome.devtools.json HTTP/1.1" 404 2770
Not Found: /.well-known/appspecific/com.chrome.devtools.json
[19/Sep/2025 01:54:14] "GET /.well-known/appspecific/com.chrome.devtools.json HTTP/1.1" 404 2770
Internal Server Error: /admin/patients/patient/
Traceback (most recent call last):
  File "/home/mohamed/Desktop/Lab System/.venv/lib64/python3.13/site-packages/django/template/base.py", line 510, in parse
    compile_func = self.tags[command]
                   ~~~~~~~~~^^^^^^^^^
KeyError: 'endblock'

During handling of the above exception, another exception occurred:

Traceback (most recent call last):
  File "/home/mohamed/Desktop/Lab System/.venv/lib64/python3.13/site-packages/django/core/handlers/exception.py", line 55, in inner
    response = get_response(request)
  File "/home/mohamed/Desktop/Lab System/.venv/lib64/python3.13/site-packages/django/core/handlers/base.py", line 220, in _get_response
    response = response.render()
  File "/home/mohamed/Desktop/Lab System/.venv/lib64/python3.13/site-packages/django/template/response.py", line 114, in render
    self.content = self.rendered_content
                   ^^^^^^^^^^^^^^^^^^^^^
  File "/home/mohamed/Desktop/Lab System/.venv/lib64/python3.13/site-packages/django/template/response.py", line 92, in rendered_content
    return template.render(context, self._request)
           ~~~~~~~~~~~~~~~^^^^^^^^^^^^^^^^^^^^^^^^
  File "/home/mohamed/Desktop/Lab System/.venv/lib64/python3.13/site-packages/django/template/backends/django.py", line 107, in render
    return self.template.render(context)
           ~~~~~~~~~~~~~~~~~~~~^^^^^^^^^
  File "/home/mohamed/Desktop/Lab System/.venv/lib64/python3.13/site-packages/django/template/base.py", line 171, in render
    return self._render(context)
           ~~~~~~~~~~~~^^^^^^^^^
  File "/home/mohamed/Desktop/Lab System/.venv/lib64/python3.13/site-packages/django/template/base.py", line 163, in _render
    return self.nodelist.render(context)
           ~~~~~~~~~~~~~~~~~~~~^^^^^^^^^
  File "/home/mohamed/Desktop/Lab System/.venv/lib64/python3.13/site-packages/django/template/base.py", line 1016, in render
    return SafeString("".join([node.render_annotated(context) for node in self]))
                               ~~~~~~~~~~~~~~~~~~~~~^^^^^^^^^
  File "/home/mohamed/Desktop/Lab System/.venv/lib64/python3.13/site-packages/django/template/base.py", line 977, in render_annotated
    return self.render(context)
           ~~~~~~~~~~~^^^^^^^^^
  File "/home/mohamed/Desktop/Lab System/.venv/lib64/python3.13/site-packages/django/template/loader_tags.py", line 134, in render
    compiled_parent = self.get_parent(context)
  File "/home/mohamed/Desktop/Lab System/.venv/lib64/python3.13/site-packages/django/template/loader_tags.py", line 131, in get_parent
    return self.find_template(parent, context)
           ~~~~~~~~~~~~~~~~~~^^^^^^^^^^^^^^^^^
  File "/home/mohamed/Desktop/Lab System/.venv/lib64/python3.13/site-packages/django/template/loader_tags.py", line 109, in find_template
    template, origin = context.template.engine.find_template(
                       ~~~~~~~~~~~~~~~~~~~~~~~~~~~~~~~~~~~~~^
        template_name,
        ^^^^^^^^^^^^^^
        skip=history,
        ^^^^^^^^^^^^^
    )
    ^
  File "/home/mohamed/Desktop/Lab System/.venv/lib64/python3.13/site-packages/django/template/engine.py", line 159, in find_template
    template = loader.get_template(name, skip=skip)
  File "/home/mohamed/Desktop/Lab System/.venv/lib64/python3.13/site-packages/django/template/loaders/cached.py", line 57, in get_template
    template = super().get_template(template_name, skip)
  File "/home/mohamed/Desktop/Lab System/.venv/lib64/python3.13/site-packages/django/template/loaders/base.py", line 28, in get_template
    return Template(
        contents,
    ...<2 lines>...
        self.engine,
    )
  File "/home/mohamed/Desktop/Lab System/.venv/lib64/python3.13/site-packages/django/template/base.py", line 154, in __init__
    self.nodelist = self.compile_nodelist()
                    ~~~~~~~~~~~~~~~~~~~~~^^
  File "/home/mohamed/Desktop/Lab System/.venv/lib64/python3.13/site-packages/django/template/base.py", line 196, in compile_nodelist
    nodelist = parser.parse()
  File "/home/mohamed/Desktop/Lab System/.venv/lib64/python3.13/site-packages/django/template/base.py", line 518, in parse
    raise self.error(token, e)
  File "/home/mohamed/Desktop/Lab System/.venv/lib64/python3.13/site-packages/django/template/base.py", line 516, in parse
    compiled_result = compile_func(self, token)
  File "/home/mohamed/Desktop/Lab System/.venv/lib64/python3.13/site-packages/django/template/loader_tags.py", line 299, in do_extends
    nodelist = parser.parse()
  File "/home/mohamed/Desktop/Lab System/.venv/lib64/python3.13/site-packages/django/template/base.py", line 512, in parse
    self.invalid_block_tag(token, command, parse_until)
    ~~~~~~~~~~~~~~~~~~~~~~^^^^^^^^^^^^^^^^^^^^^^^^^^^^^
  File "/home/mohamed/Desktop/Lab System/.venv/lib64/python3.13/site-packages/django/template/base.py", line 577, in invalid_block_tag
    raise self.error(
    ...<3 lines>...
    )
django.template.exceptions.TemplateSyntaxError: Invalid block tag on line 66: 'endblock'. Did you forget to register or load this tag?
[19/Sep/2025 01:54:15] "GET /admin/patients/patient/ HTTP/1.1" 500 239412
Not Found: /.well-known/appspecific/com.chrome.devtools.json
[19/Sep/2025 01:54:15] "GET /.well-known/appspecific/com.chrome.devtools.json HTTP/1.1" 404 2770
Internal Server Error: /admin/patients/doctor/
Traceback (most recent call last):
  File "/home/mohamed/Desktop/Lab System/.venv/lib64/python3.13/site-packages/django/template/base.py", line 510, in parse
    compile_func = self.tags[command]
                   ~~~~~~~~~^^^^^^^^^
KeyError: 'endblock'

During handling of the above exception, another exception occurred:

Traceback (most recent call last):
  File "/home/mohamed/Desktop/Lab System/.venv/lib64/python3.13/site-packages/django/core/handlers/exception.py", line 55, in inner
    response = get_response(request)
  File "/home/mohamed/Desktop/Lab System/.venv/lib64/python3.13/site-packages/django/core/handlers/base.py", line 220, in _get_response
    response = response.render()
  File "/home/mohamed/Desktop/Lab System/.venv/lib64/python3.13/site-packages/django/template/response.py", line 114, in render
    self.content = self.rendered_content
                   ^^^^^^^^^^^^^^^^^^^^^
  File "/home/mohamed/Desktop/Lab System/.venv/lib64/python3.13/site-packages/django/template/response.py", line 92, in rendered_content
    return template.render(context, self._request)
           ~~~~~~~~~~~~~~~^^^^^^^^^^^^^^^^^^^^^^^^
  File "/home/mohamed/Desktop/Lab System/.venv/lib64/python3.13/site-packages/django/template/backends/django.py", line 107, in render
    return self.template.render(context)
           ~~~~~~~~~~~~~~~~~~~~^^^^^^^^^
  File "/home/mohamed/Desktop/Lab System/.venv/lib64/python3.13/site-packages/django/template/base.py", line 171, in render
    return self._render(context)
           ~~~~~~~~~~~~^^^^^^^^^
  File "/home/mohamed/Desktop/Lab System/.venv/lib64/python3.13/site-packages/django/template/base.py", line 163, in _render
    return self.nodelist.render(context)
           ~~~~~~~~~~~~~~~~~~~~^^^^^^^^^
  File "/home/mohamed/Desktop/Lab System/.venv/lib64/python3.13/site-packages/django/template/base.py", line 1016, in render
    return SafeString("".join([node.render_annotated(context) for node in self]))
                               ~~~~~~~~~~~~~~~~~~~~~^^^^^^^^^
  File "/home/mohamed/Desktop/Lab System/.venv/lib64/python3.13/site-packages/django/template/base.py", line 977, in render_annotated
    return self.render(context)
           ~~~~~~~~~~~^^^^^^^^^
  File "/home/mohamed/Desktop/Lab System/.venv/lib64/python3.13/site-packages/django/template/loader_tags.py", line 134, in render
    compiled_parent = self.get_parent(context)
  File "/home/mohamed/Desktop/Lab System/.venv/lib64/python3.13/site-packages/django/template/loader_tags.py", line 131, in get_parent
    return self.find_template(parent, context)
           ~~~~~~~~~~~~~~~~~~^^^^^^^^^^^^^^^^^
  File "/home/mohamed/Desktop/Lab System/.venv/lib64/python3.13/site-packages/django/template/loader_tags.py", line 109, in find_template
    template, origin = context.template.engine.find_template(
                       ~~~~~~~~~~~~~~~~~~~~~~~~~~~~~~~~~~~~~^
        template_name,
        ^^^^^^^^^^^^^^
        skip=history,
        ^^^^^^^^^^^^^
    )
    ^
  File "/home/mohamed/Desktop/Lab System/.venv/lib64/python3.13/site-packages/django/template/engine.py", line 159, in find_template
    template = loader.get_template(name, skip=skip)
  File "/home/mohamed/Desktop/Lab System/.venv/lib64/python3.13/site-packages/django/template/loaders/cached.py", line 57, in get_template
    template = super().get_template(template_name, skip)
  File "/home/mohamed/Desktop/Lab System/.venv/lib64/python3.13/site-packages/django/template/loaders/base.py", line 28, in get_template
    return Template(
        contents,
    ...<2 lines>...
        self.engine,
    )
  File "/home/mohamed/Desktop/Lab System/.venv/lib64/python3.13/site-packages/django/template/base.py", line 154, in __init__
    self.nodelist = self.compile_nodelist()
                    ~~~~~~~~~~~~~~~~~~~~~^^
  File "/home/mohamed/Desktop/Lab System/.venv/lib64/python3.13/site-packages/django/template/base.py", line 196, in compile_nodelist
    nodelist = parser.parse()
  File "/home/mohamed/Desktop/Lab System/.venv/lib64/python3.13/site-packages/django/template/base.py", line 518, in parse
    raise self.error(token, e)
  File "/home/mohamed/Desktop/Lab System/.venv/lib64/python3.13/site-packages/django/template/base.py", line 516, in parse
    compiled_result = compile_func(self, token)
  File "/home/mohamed/Desktop/Lab System/.venv/lib64/python3.13/site-packages/django/template/loader_tags.py", line 299, in do_extends
    nodelist = parser.parse()
  File "/home/mohamed/Desktop/Lab System/.venv/lib64/python3.13/site-packages/django/template/base.py", line 512, in parse
    self.invalid_block_tag(token, command, parse_until)
    ~~~~~~~~~~~~~~~~~~~~~~^^^^^^^^^^^^^^^^^^^^^^^^^^^^^
  File "/home/mohamed/Desktop/Lab System/.venv/lib64/python3.13/site-packages/django/template/base.py", line 577, in invalid_block_tag
    raise self.error(
    ...<3 lines>...
    )
django.template.exceptions.TemplateSyntaxError: Invalid block tag on line 66: 'endblock'. Did you forget to register or load this tag?
[19/Sep/2025 01:54:15] "GET /admin/patients/doctor/ HTTP/1.1" 500 239295
Not Found: /.well-known/appspecific/com.chrome.devtools.json
[19/Sep/2025 01:54:15] "GET /.well-known/appspecific/com.chrome.devtools.json HTTP/1.1" 404 2770
Internal Server Error: /admin/auth/user/
Traceback (most recent call last):
  File "/home/mohamed/Desktop/Lab System/.venv/lib64/python3.13/site-packages/django/template/base.py", line 510, in parse
    compile_func = self.tags[command]
                   ~~~~~~~~~^^^^^^^^^
KeyError: 'endblock'

During handling of the above exception, another exception occurred:

Traceback (most recent call last):
  File "/home/mohamed/Desktop/Lab System/.venv/lib64/python3.13/site-packages/django/core/handlers/exception.py", line 55, in inner
    response = get_response(request)
  File "/home/mohamed/Desktop/Lab System/.venv/lib64/python3.13/site-packages/django/core/handlers/base.py", line 220, in _get_response
    response = response.render()
  File "/home/mohamed/Desktop/Lab System/.venv/lib64/python3.13/site-packages/django/template/response.py", line 114, in render
    self.content = self.rendered_content
                   ^^^^^^^^^^^^^^^^^^^^^
  File "/home/mohamed/Desktop/Lab System/.venv/lib64/python3.13/site-packages/django/template/response.py", line 92, in rendered_content
    return template.render(context, self._request)
           ~~~~~~~~~~~~~~~^^^^^^^^^^^^^^^^^^^^^^^^
  File "/home/mohamed/Desktop/Lab System/.venv/lib64/python3.13/site-packages/django/template/backends/django.py", line 107, in render
    return self.template.render(context)
           ~~~~~~~~~~~~~~~~~~~~^^^^^^^^^
  File "/home/mohamed/Desktop/Lab System/.venv/lib64/python3.13/site-packages/django/template/base.py", line 171, in render
    return self._render(context)
           ~~~~~~~~~~~~^^^^^^^^^
  File "/home/mohamed/Desktop/Lab System/.venv/lib64/python3.13/site-packages/django/template/base.py", line 163, in _render
    return self.nodelist.render(context)
           ~~~~~~~~~~~~~~~~~~~~^^^^^^^^^
  File "/home/mohamed/Desktop/Lab System/.venv/lib64/python3.13/site-packages/django/template/base.py", line 1016, in render
    return SafeString("".join([node.render_annotated(context) for node in self]))
                               ~~~~~~~~~~~~~~~~~~~~~^^^^^^^^^
  File "/home/mohamed/Desktop/Lab System/.venv/lib64/python3.13/site-packages/django/template/base.py", line 977, in render_annotated
    return self.render(context)
           ~~~~~~~~~~~^^^^^^^^^
  File "/home/mohamed/Desktop/Lab System/.venv/lib64/python3.13/site-packages/django/template/loader_tags.py", line 134, in render
    compiled_parent = self.get_parent(context)
  File "/home/mohamed/Desktop/Lab System/.venv/lib64/python3.13/site-packages/django/template/loader_tags.py", line 131, in get_parent
    return self.find_template(parent, context)
           ~~~~~~~~~~~~~~~~~~^^^^^^^^^^^^^^^^^
  File "/home/mohamed/Desktop/Lab System/.venv/lib64/python3.13/site-packages/django/template/loader_tags.py", line 109, in find_template
    template, origin = context.template.engine.find_template(
                       ~~~~~~~~~~~~~~~~~~~~~~~~~~~~~~~~~~~~~^
        template_name,
        ^^^^^^^^^^^^^^
        skip=history,
        ^^^^^^^^^^^^^
    )
    ^
  File "/home/mohamed/Desktop/Lab System/.venv/lib64/python3.13/site-packages/django/template/engine.py", line 159, in find_template
    template = loader.get_template(name, skip=skip)
  File "/home/mohamed/Desktop/Lab System/.venv/lib64/python3.13/site-packages/django/template/loaders/cached.py", line 57, in get_template
    template = super().get_template(template_name, skip)
  File "/home/mohamed/Desktop/Lab System/.venv/lib64/python3.13/site-packages/django/template/loaders/base.py", line 28, in get_template
    return Template(
        contents,
    ...<2 lines>...
        self.engine,
    )
  File "/home/mohamed/Desktop/Lab System/.venv/lib64/python3.13/site-packages/django/template/base.py", line 154, in __init__
    self.nodelist = self.compile_nodelist()
                    ~~~~~~~~~~~~~~~~~~~~~^^
  File "/home/mohamed/Desktop/Lab System/.venv/lib64/python3.13/site-packages/django/template/base.py", line 196, in compile_nodelist
    nodelist = parser.parse()
  File "/home/mohamed/Desktop/Lab System/.venv/lib64/python3.13/site-packages/django/template/base.py", line 518, in parse
    raise self.error(token, e)
  File "/home/mohamed/Desktop/Lab System/.venv/lib64/python3.13/site-packages/django/template/base.py", line 516, in parse
    compiled_result = compile_func(self, token)
  File "/home/mohamed/Desktop/Lab System/.venv/lib64/python3.13/site-packages/django/template/loader_tags.py", line 299, in do_extends
    nodelist = parser.parse()
  File "/home/mohamed/Desktop/Lab System/.venv/lib64/python3.13/site-packages/django/template/base.py", line 512, in parse
    self.invalid_block_tag(token, command, parse_until)
    ~~~~~~~~~~~~~~~~~~~~~~^^^^^^^^^^^^^^^^^^^^^^^^^^^^^
  File "/home/mohamed/Desktop/Lab System/.venv/lib64/python3.13/site-packages/django/template/base.py", line 577, in invalid_block_tag
    raise self.error(
    ...<3 lines>...
    )
django.template.exceptions.TemplateSyntaxError: Invalid block tag on line 66: 'endblock'. Did you forget to register or load this tag?
[19/Sep/2025 01:54:15] "GET /admin/auth/user/ HTTP/1.1" 500 239110
Not Found: /.well-known/appspecific/com.chrome.devtools.json
[19/Sep/2025 01:54:15] "GET /.well-known/appspecific/com.chrome.devtools.json HTTP/1.1" 404 2770
Internal Server Error: /admin/auth/group/
Traceback (most recent call last):
  File "/home/mohamed/Desktop/Lab System/.venv/lib64/python3.13/site-packages/django/template/base.py", line 510, in parse
    compile_func = self.tags[command]
                   ~~~~~~~~~^^^^^^^^^
KeyError: 'endblock'

During handling of the above exception, another exception occurred:

Traceback (most recent call last):
  File "/home/mohamed/Desktop/Lab System/.venv/lib64/python3.13/site-packages/django/core/handlers/exception.py", line 55, in inner
    response = get_response(request)
  File "/home/mohamed/Desktop/Lab System/.venv/lib64/python3.13/site-packages/django/core/handlers/base.py", line 220, in _get_response
    response = response.render()
  File "/home/mohamed/Desktop/Lab System/.venv/lib64/python3.13/site-packages/django/template/response.py", line 114, in render
    self.content = self.rendered_content
                   ^^^^^^^^^^^^^^^^^^^^^
  File "/home/mohamed/Desktop/Lab System/.venv/lib64/python3.13/site-packages/django/template/response.py", line 92, in rendered_content
    return template.render(context, self._request)
           ~~~~~~~~~~~~~~~^^^^^^^^^^^^^^^^^^^^^^^^
  File "/home/mohamed/Desktop/Lab System/.venv/lib64/python3.13/site-packages/django/template/backends/django.py", line 107, in render
    return self.template.render(context)
           ~~~~~~~~~~~~~~~~~~~~^^^^^^^^^
  File "/home/mohamed/Desktop/Lab System/.venv/lib64/python3.13/site-packages/django/template/base.py", line 171, in render
    return self._render(context)
           ~~~~~~~~~~~~^^^^^^^^^
  File "/home/mohamed/Desktop/Lab System/.venv/lib64/python3.13/site-packages/django/template/base.py", line 163, in _render
    return self.nodelist.render(context)
           ~~~~~~~~~~~~~~~~~~~~^^^^^^^^^
  File "/home/mohamed/Desktop/Lab System/.venv/lib64/python3.13/site-packages/django/template/base.py", line 1016, in render
    return SafeString("".join([node.render_annotated(context) for node in self]))
                               ~~~~~~~~~~~~~~~~~~~~~^^^^^^^^^
  File "/home/mohamed/Desktop/Lab System/.venv/lib64/python3.13/site-packages/django/template/base.py", line 977, in render_annotated
    return self.render(context)
           ~~~~~~~~~~~^^^^^^^^^
  File "/home/mohamed/Desktop/Lab System/.venv/lib64/python3.13/site-packages/django/template/loader_tags.py", line 134, in render
    compiled_parent = self.get_parent(context)
  File "/home/mohamed/Desktop/Lab System/.venv/lib64/python3.13/site-packages/django/template/loader_tags.py", line 131, in get_parent
    return self.find_template(parent, context)
           ~~~~~~~~~~~~~~~~~~^^^^^^^^^^^^^^^^^
  File "/home/mohamed/Desktop/Lab System/.venv/lib64/python3.13/site-packages/django/template/loader_tags.py", line 109, in find_template
    template, origin = context.template.engine.find_template(
                       ~~~~~~~~~~~~~~~~~~~~~~~~~~~~~~~~~~~~~^
        template_name,
        ^^^^^^^^^^^^^^
        skip=history,
        ^^^^^^^^^^^^^
    )
    ^
  File "/home/mohamed/Desktop/Lab System/.venv/lib64/python3.13/site-packages/django/template/engine.py", line 159, in find_template
    template = loader.get_template(name, skip=skip)
  File "/home/mohamed/Desktop/Lab System/.venv/lib64/python3.13/site-packages/django/template/loaders/cached.py", line 57, in get_template
    template = super().get_template(template_name, skip)
  File "/home/mohamed/Desktop/Lab System/.venv/lib64/python3.13/site-packages/django/template/loaders/base.py", line 28, in get_template
    return Template(
        contents,
    ...<2 lines>...
        self.engine,
    )
  File "/home/mohamed/Desktop/Lab System/.venv/lib64/python3.13/site-packages/django/template/base.py", line 154, in __init__
    self.nodelist = self.compile_nodelist()
                    ~~~~~~~~~~~~~~~~~~~~~^^
  File "/home/mohamed/Desktop/Lab System/.venv/lib64/python3.13/site-packages/django/template/base.py", line 196, in compile_nodelist
    nodelist = parser.parse()
  File "/home/mohamed/Desktop/Lab System/.venv/lib64/python3.13/site-packages/django/template/base.py", line 518, in parse
    raise self.error(token, e)
  File "/home/mohamed/Desktop/Lab System/.venv/lib64/python3.13/site-packages/django/template/base.py", line 516, in parse
    compiled_result = compile_func(self, token)
  File "/home/mohamed/Desktop/Lab System/.venv/lib64/python3.13/site-packages/django/template/loader_tags.py", line 299, in do_extends
    nodelist = parser.parse()
  File "/home/mohamed/Desktop/Lab System/.venv/lib64/python3.13/site-packages/django/template/base.py", line 512, in parse
    self.invalid_block_tag(token, command, parse_until)
    ~~~~~~~~~~~~~~~~~~~~~~^^^^^^^^^^^^^^^^^^^^^^^^^^^^^
  File "/home/mohamed/Desktop/Lab System/.venv/lib64/python3.13/site-packages/django/template/base.py", line 577, in invalid_block_tag
    raise self.error(
    ...<3 lines>...
    )
django.template.exceptions.TemplateSyntaxError: Invalid block tag on line 66: 'endblock'. Did you forget to register or load this tag?
[19/Sep/2025 01:54:16] "GET /admin/auth/group/ HTTP/1.1" 500 239134
Not Found: /.well-known/appspecific/com.chrome.devtools.json
[19/Sep/2025 01:54:16] "GET /.well-known/appspecific/com.chrome.devtools.json HTTP/1.1" 404 2770
Not Found: /.well-known/appspecific/com.chrome.devtools.json
[19/Sep/2025 01:54:16] "GET /.well-known/appspecific/com.chrome.devtools.json HTTP/1.1" 404 2770
Not Found: /.well-known/appspecific/com.chrome.devtools.json
[19/Sep/2025 01:54:17] "GET /.well-known/appspecific/com.chrome.devtools.json HTTP/1.1" 404 2770
[19/Sep/2025 01:54:25] "GET / HTTP/1.1" 302 0
Internal Server Error: /admin/
Traceback (most recent call last):
  File "/home/mohamed/Desktop/Lab System/.venv/lib64/python3.13/site-packages/django/template/base.py", line 510, in parse
    compile_func = self.tags[command]
                   ~~~~~~~~~^^^^^^^^^
KeyError: 'endblock'

During handling of the above exception, another exception occurred:

Traceback (most recent call last):
  File "/home/mohamed/Desktop/Lab System/.venv/lib64/python3.13/site-packages/django/core/handlers/exception.py", line 55, in inner
    response = get_response(request)
  File "/home/mohamed/Desktop/Lab System/.venv/lib64/python3.13/site-packages/django/core/handlers/base.py", line 220, in _get_response
    response = response.render()
  File "/home/mohamed/Desktop/Lab System/.venv/lib64/python3.13/site-packages/django/template/response.py", line 114, in render
    self.content = self.rendered_content
                   ^^^^^^^^^^^^^^^^^^^^^
  File "/home/mohamed/Desktop/Lab System/.venv/lib64/python3.13/site-packages/django/template/response.py", line 92, in rendered_content
    return template.render(context, self._request)
           ~~~~~~~~~~~~~~~^^^^^^^^^^^^^^^^^^^^^^^^
  File "/home/mohamed/Desktop/Lab System/.venv/lib64/python3.13/site-packages/django/template/backends/django.py", line 107, in render
    return self.template.render(context)
           ~~~~~~~~~~~~~~~~~~~~^^^^^^^^^
  File "/home/mohamed/Desktop/Lab System/.venv/lib64/python3.13/site-packages/django/template/base.py", line 171, in render
    return self._render(context)
           ~~~~~~~~~~~~^^^^^^^^^
  File "/home/mohamed/Desktop/Lab System/.venv/lib64/python3.13/site-packages/django/template/base.py", line 163, in _render
    return self.nodelist.render(context)
           ~~~~~~~~~~~~~~~~~~~~^^^^^^^^^
  File "/home/mohamed/Desktop/Lab System/.venv/lib64/python3.13/site-packages/django/template/base.py", line 1016, in render
    return SafeString("".join([node.render_annotated(context) for node in self]))
                               ~~~~~~~~~~~~~~~~~~~~~^^^^^^^^^
  File "/home/mohamed/Desktop/Lab System/.venv/lib64/python3.13/site-packages/django/template/base.py", line 977, in render_annotated
    return self.render(context)
           ~~~~~~~~~~~^^^^^^^^^
  File "/home/mohamed/Desktop/Lab System/.venv/lib64/python3.13/site-packages/django/template/loader_tags.py", line 134, in render
    compiled_parent = self.get_parent(context)
  File "/home/mohamed/Desktop/Lab System/.venv/lib64/python3.13/site-packages/django/template/loader_tags.py", line 131, in get_parent
    return self.find_template(parent, context)
           ~~~~~~~~~~~~~~~~~~^^^^^^^^^^^^^^^^^
  File "/home/mohamed/Desktop/Lab System/.venv/lib64/python3.13/site-packages/django/template/loader_tags.py", line 109, in find_template
    template, origin = context.template.engine.find_template(
                       ~~~~~~~~~~~~~~~~~~~~~~~~~~~~~~~~~~~~~^
        template_name,
        ^^^^^^^^^^^^^^
        skip=history,
        ^^^^^^^^^^^^^
    )
    ^
  File "/home/mohamed/Desktop/Lab System/.venv/lib64/python3.13/site-packages/django/template/engine.py", line 159, in find_template
    template = loader.get_template(name, skip=skip)
  File "/home/mohamed/Desktop/Lab System/.venv/lib64/python3.13/site-packages/django/template/loaders/cached.py", line 57, in get_template
    template = super().get_template(template_name, skip)
  File "/home/mohamed/Desktop/Lab System/.venv/lib64/python3.13/site-packages/django/template/loaders/base.py", line 28, in get_template
    return Template(
        contents,
    ...<2 lines>...
        self.engine,
    )
  File "/home/mohamed/Desktop/Lab System/.venv/lib64/python3.13/site-packages/django/template/base.py", line 154, in __init__
    self.nodelist = self.compile_nodelist()
                    ~~~~~~~~~~~~~~~~~~~~~^^
  File "/home/mohamed/Desktop/Lab System/.venv/lib64/python3.13/site-packages/django/template/base.py", line 196, in compile_nodelist
    nodelist = parser.parse()
  File "/home/mohamed/Desktop/Lab System/.venv/lib64/python3.13/site-packages/django/template/base.py", line 518, in parse
    raise self.error(token, e)
  File "/home/mohamed/Desktop/Lab System/.venv/lib64/python3.13/site-packages/django/template/base.py", line 516, in parse
    compiled_result = compile_func(self, token)
  File "/home/mohamed/Desktop/Lab System/.venv/lib64/python3.13/site-packages/django/template/loader_tags.py", line 299, in do_extends
    nodelist = parser.parse()
  File "/home/mohamed/Desktop/Lab System/.venv/lib64/python3.13/site-packages/django/template/base.py", line 512, in parse
    self.invalid_block_tag(token, command, parse_until)
    ~~~~~~~~~~~~~~~~~~~~~~^^^^^^^^^^^^^^^^^^^^^^^^^^^^^
  File "/home/mohamed/Desktop/Lab System/.venv/lib64/python3.13/site-packages/django/template/base.py", line 577, in invalid_block_tag
    raise self.error(
    ...<3 lines>...
    )
django.template.exceptions.TemplateSyntaxError: Invalid block tag on line 66: 'endblock'. Did you forget to register or load this tag?
[19/Sep/2025 01:54:25] "GET /admin/ HTTP/1.1" 500 239002
Not Found: /.well-known/appspecific/com.chrome.devtools.json
[19/Sep/2025 01:54:25] "GET /.well-known/appspecific/com.chrome.devtools.json HTTP/1.1" 404 2770
Internal Server Error: /admin/
Traceback (most recent call last):
  File "/home/mohamed/Desktop/Lab System/.venv/lib64/python3.13/site-packages/django/template/base.py", line 510, in parse
    compile_func = self.tags[command]
                   ~~~~~~~~~^^^^^^^^^
KeyError: 'endblock'

During handling of the above exception, another exception occurred:

Traceback (most recent call last):
  File "/home/mohamed/Desktop/Lab System/.venv/lib64/python3.13/site-packages/django/core/handlers/exception.py", line 55, in inner
    response = get_response(request)
  File "/home/mohamed/Desktop/Lab System/.venv/lib64/python3.13/site-packages/django/core/handlers/base.py", line 220, in _get_response
    response = response.render()
  File "/home/mohamed/Desktop/Lab System/.venv/lib64/python3.13/site-packages/django/template/response.py", line 114, in render
    self.content = self.rendered_content
                   ^^^^^^^^^^^^^^^^^^^^^
  File "/home/mohamed/Desktop/Lab System/.venv/lib64/python3.13/site-packages/django/template/response.py", line 92, in rendered_content
    return template.render(context, self._request)
           ~~~~~~~~~~~~~~~^^^^^^^^^^^^^^^^^^^^^^^^
  File "/home/mohamed/Desktop/Lab System/.venv/lib64/python3.13/site-packages/django/template/backends/django.py", line 107, in render
    return self.template.render(context)
           ~~~~~~~~~~~~~~~~~~~~^^^^^^^^^
  File "/home/mohamed/Desktop/Lab System/.venv/lib64/python3.13/site-packages/django/template/base.py", line 171, in render
    return self._render(context)
           ~~~~~~~~~~~~^^^^^^^^^
  File "/home/mohamed/Desktop/Lab System/.venv/lib64/python3.13/site-packages/django/template/base.py", line 163, in _render
    return self.nodelist.render(context)
           ~~~~~~~~~~~~~~~~~~~~^^^^^^^^^
  File "/home/mohamed/Desktop/Lab System/.venv/lib64/python3.13/site-packages/django/template/base.py", line 1016, in render
    return SafeString("".join([node.render_annotated(context) for node in self]))
                               ~~~~~~~~~~~~~~~~~~~~~^^^^^^^^^
  File "/home/mohamed/Desktop/Lab System/.venv/lib64/python3.13/site-packages/django/template/base.py", line 977, in render_annotated
    return self.render(context)
           ~~~~~~~~~~~^^^^^^^^^
  File "/home/mohamed/Desktop/Lab System/.venv/lib64/python3.13/site-packages/django/template/loader_tags.py", line 134, in render
    compiled_parent = self.get_parent(context)
  File "/home/mohamed/Desktop/Lab System/.venv/lib64/python3.13/site-packages/django/template/loader_tags.py", line 131, in get_parent
    return self.find_template(parent, context)
           ~~~~~~~~~~~~~~~~~~^^^^^^^^^^^^^^^^^
  File "/home/mohamed/Desktop/Lab System/.venv/lib64/python3.13/site-packages/django/template/loader_tags.py", line 109, in find_template
    template, origin = context.template.engine.find_template(
                       ~~~~~~~~~~~~~~~~~~~~~~~~~~~~~~~~~~~~~^
        template_name,
        ^^^^^^^^^^^^^^
        skip=history,
        ^^^^^^^^^^^^^
    )
    ^
  File "/home/mohamed/Desktop/Lab System/.venv/lib64/python3.13/site-packages/django/template/engine.py", line 159, in find_template
    template = loader.get_template(name, skip=skip)
  File "/home/mohamed/Desktop/Lab System/.venv/lib64/python3.13/site-packages/django/template/loaders/cached.py", line 57, in get_template
    template = super().get_template(template_name, skip)
  File "/home/mohamed/Desktop/Lab System/.venv/lib64/python3.13/site-packages/django/template/loaders/base.py", line 28, in get_template
    return Template(
        contents,
    ...<2 lines>...
        self.engine,
    )
  File "/home/mohamed/Desktop/Lab System/.venv/lib64/python3.13/site-packages/django/template/base.py", line 154, in __init__
    self.nodelist = self.compile_nodelist()
                    ~~~~~~~~~~~~~~~~~~~~~^^
  File "/home/mohamed/Desktop/Lab System/.venv/lib64/python3.13/site-packages/django/template/base.py", line 196, in compile_nodelist
    nodelist = parser.parse()
  File "/home/mohamed/Desktop/Lab System/.venv/lib64/python3.13/site-packages/django/template/base.py", line 518, in parse
    raise self.error(token, e)
  File "/home/mohamed/Desktop/Lab System/.venv/lib64/python3.13/site-packages/django/template/base.py", line 516, in parse
    compiled_result = compile_func(self, token)
  File "/home/mohamed/Desktop/Lab System/.venv/lib64/python3.13/site-packages/django/template/loader_tags.py", line 299, in do_extends
    nodelist = parser.parse()
  File "/home/mohamed/Desktop/Lab System/.venv/lib64/python3.13/site-packages/django/template/base.py", line 512, in parse
    self.invalid_block_tag(token, command, parse_until)
    ~~~~~~~~~~~~~~~~~~~~~~^^^^^^^^^^^^^^^^^^^^^^^^^^^^^
  File "/home/mohamed/Desktop/Lab System/.venv/lib64/python3.13/site-packages/django/template/base.py", line 577, in invalid_block_tag
    raise self.error(
    ...<3 lines>...
    )
django.template.exceptions.TemplateSyntaxError: Invalid block tag on line 66: 'endblock'. Did you forget to register or load this tag?
[19/Sep/2025 01:56:08] "GET /admin/ HTTP/1.1" 500 239139
Not Found: /.well-known/appspecific/com.chrome.devtools.json
[19/Sep/2025 01:56:08] "GET /.well-known/appspecific/com.chrome.devtools.json HTTP/1.1" 404 2770
Internal Server Error: /admin/
Traceback (most recent call last):
  File "/home/mohamed/Desktop/Lab System/.venv/lib64/python3.13/site-packages/django/template/base.py", line 510, in parse
    compile_func = self.tags[command]
                   ~~~~~~~~~^^^^^^^^^
KeyError: 'endblock'

During handling of the above exception, another exception occurred:

Traceback (most recent call last):
  File "/home/mohamed/Desktop/Lab System/.venv/lib64/python3.13/site-packages/django/core/handlers/exception.py", line 55, in inner
    response = get_response(request)
  File "/home/mohamed/Desktop/Lab System/.venv/lib64/python3.13/site-packages/django/core/handlers/base.py", line 220, in _get_response
    response = response.render()
  File "/home/mohamed/Desktop/Lab System/.venv/lib64/python3.13/site-packages/django/template/response.py", line 114, in render
    self.content = self.rendered_content
                   ^^^^^^^^^^^^^^^^^^^^^
  File "/home/mohamed/Desktop/Lab System/.venv/lib64/python3.13/site-packages/django/template/response.py", line 92, in rendered_content
    return template.render(context, self._request)
           ~~~~~~~~~~~~~~~^^^^^^^^^^^^^^^^^^^^^^^^
  File "/home/mohamed/Desktop/Lab System/.venv/lib64/python3.13/site-packages/django/template/backends/django.py", line 107, in render
    return self.template.render(context)
           ~~~~~~~~~~~~~~~~~~~~^^^^^^^^^
  File "/home/mohamed/Desktop/Lab System/.venv/lib64/python3.13/site-packages/django/template/base.py", line 171, in render
    return self._render(context)
           ~~~~~~~~~~~~^^^^^^^^^
  File "/home/mohamed/Desktop/Lab System/.venv/lib64/python3.13/site-packages/django/template/base.py", line 163, in _render
    return self.nodelist.render(context)
           ~~~~~~~~~~~~~~~~~~~~^^^^^^^^^
  File "/home/mohamed/Desktop/Lab System/.venv/lib64/python3.13/site-packages/django/template/base.py", line 1016, in render
    return SafeString("".join([node.render_annotated(context) for node in self]))
                               ~~~~~~~~~~~~~~~~~~~~~^^^^^^^^^
  File "/home/mohamed/Desktop/Lab System/.venv/lib64/python3.13/site-packages/django/template/base.py", line 977, in render_annotated
    return self.render(context)
           ~~~~~~~~~~~^^^^^^^^^
  File "/home/mohamed/Desktop/Lab System/.venv/lib64/python3.13/site-packages/django/template/loader_tags.py", line 134, in render
    compiled_parent = self.get_parent(context)
  File "/home/mohamed/Desktop/Lab System/.venv/lib64/python3.13/site-packages/django/template/loader_tags.py", line 131, in get_parent
    return self.find_template(parent, context)
           ~~~~~~~~~~~~~~~~~~^^^^^^^^^^^^^^^^^
  File "/home/mohamed/Desktop/Lab System/.venv/lib64/python3.13/site-packages/django/template/loader_tags.py", line 109, in find_template
    template, origin = context.template.engine.find_template(
                       ~~~~~~~~~~~~~~~~~~~~~~~~~~~~~~~~~~~~~^
        template_name,
        ^^^^^^^^^^^^^^
        skip=history,
        ^^^^^^^^^^^^^
    )
    ^
  File "/home/mohamed/Desktop/Lab System/.venv/lib64/python3.13/site-packages/django/template/engine.py", line 159, in find_template
    template = loader.get_template(name, skip=skip)
  File "/home/mohamed/Desktop/Lab System/.venv/lib64/python3.13/site-packages/django/template/loaders/cached.py", line 57, in get_template
    template = super().get_template(template_name, skip)
  File "/home/mohamed/Desktop/Lab System/.venv/lib64/python3.13/site-packages/django/template/loaders/base.py", line 28, in get_template
    return Template(
        contents,
    ...<2 lines>...
        self.engine,
    )
  File "/home/mohamed/Desktop/Lab System/.venv/lib64/python3.13/site-packages/django/template/base.py", line 154, in __init__
    self.nodelist = self.compile_nodelist()
                    ~~~~~~~~~~~~~~~~~~~~~^^
  File "/home/mohamed/Desktop/Lab System/.venv/lib64/python3.13/site-packages/django/template/base.py", line 196, in compile_nodelist
    nodelist = parser.parse()
  File "/home/mohamed/Desktop/Lab System/.venv/lib64/python3.13/site-packages/django/template/base.py", line 518, in parse
    raise self.error(token, e)
  File "/home/mohamed/Desktop/Lab System/.venv/lib64/python3.13/site-packages/django/template/base.py", line 516, in parse
    compiled_result = compile_func(self, token)
  File "/home/mohamed/Desktop/Lab System/.venv/lib64/python3.13/site-packages/django/template/loader_tags.py", line 299, in do_extends
    nodelist = parser.parse()
  File "/home/mohamed/Desktop/Lab System/.venv/lib64/python3.13/site-packages/django/template/base.py", line 512, in parse
    self.invalid_block_tag(token, command, parse_until)
    ~~~~~~~~~~~~~~~~~~~~~~^^^^^^^^^^^^^^^^^^^^^^^^^^^^^
  File "/home/mohamed/Desktop/Lab System/.venv/lib64/python3.13/site-packages/django/template/base.py", line 577, in invalid_block_tag
    raise self.error(
    ...<3 lines>...
    )
django.template.exceptions.TemplateSyntaxError: Invalid block tag on line 66: 'endblock'. Did you forget to register or load this tag?
[19/Sep/2025 01:56:09] "GET /admin/ HTTP/1.1" 500 239139
Not Found: /.well-known/appspecific/com.chrome.devtools.json
[19/Sep/2025 01:56:09] "GET /.well-known/appspecific/com.chrome.devtools.json HTTP/1.1" 404 2770
/home/mohamed/Desktop/Lab System/lab_system/__init__.py changed, reloading.
Performing system checks...

System check identified no issues (0 silenced).
September 19, 2025 - 01:45:53
Django version 5.2.6, using settings 'lab_system.settings'
Starting development server at http://0.0.0.0:8000/
Quit the server with CONTROL-C.

WARNING: This is a development server. Do not use it in a production setting. Use a production WSGI or ASGI server instead.
For more information on production servers see: https://docs.djangoproject.com/en/5.2/howto/deployment/
Watching for file changes with StatReloader
[19/Sep/2025 01:58:51] "GET /admin/ HTTP/1.1" 200 13008
[19/Sep/2025 01:58:51] "GET /static/admin/css/dark_mode.css HTTP/1.1" 304 0
[19/Sep/2025 01:58:51] "GET /static/admin/css/base.css HTTP/1.1" 304 0
[19/Sep/2025 01:58:51] "GET /static/admin/js/theme.js HTTP/1.1" 304 0
[19/Sep/2025 01:58:51] "GET /static/admin/css/responsive.css HTTP/1.1" 304 0
[19/Sep/2025 01:58:51] "GET /static/admin/css/nav_sidebar.css HTTP/1.1" 304 0
Not Found: /.well-known/appspecific/com.chrome.devtools.json
[19/Sep/2025 01:58:51] "GET /.well-known/appspecific/com.chrome.devtools.json HTTP/1.1" 404 2770
[19/Sep/2025 01:58:51] "GET /static/admin/js/nav_sidebar.js HTTP/1.1" 304 0
[19/Sep/2025 01:58:51] "GET /static/admin/img/icon-addlink.svg HTTP/1.1" 304 0
[19/Sep/2025 01:58:55] "GET /admin/analyses/analysis/ HTTP/1.1" 200 25756
Not Found: /.well-known/appspecific/com.chrome.devtools.json
[19/Sep/2025 01:58:55] "GET /.well-known/appspecific/com.chrome.devtools.json HTTP/1.1" 404 2770
[19/Sep/2025 01:58:55] "GET /static/admin/js/core.js HTTP/1.1" 304 0
[19/Sep/2025 01:58:55] "GET /static/admin/js/vendor/jquery/jquery.js HTTP/1.1" 304 0
[19/Sep/2025 01:58:55] "GET /static/admin/js/jquery.init.js HTTP/1.1" 304 0
[19/Sep/2025 01:58:55] "GET /static/admin/js/admin/RelatedObjectLookups.js HTTP/1.1" 304 0
[19/Sep/2025 01:58:55] "GET /static/admin/css/changelists.css HTTP/1.1" 304 0
[19/Sep/2025 01:58:55] "GET /static/admin/js/prepopulate.js HTTP/1.1" 304 0
[19/Sep/2025 01:58:55] "GET /static/admin/js/vendor/xregexp/xregexp.js HTTP/1.1" 304 0
[19/Sep/2025 01:58:55] "GET /static/admin/js/urlify.js HTTP/1.1" 304 0
[19/Sep/2025 01:58:55] "GET /static/admin/js/actions.js HTTP/1.1" 304 0
[19/Sep/2025 01:58:55] "GET /admin/jsi18n/ HTTP/1.1" 200 3342
[19/Sep/2025 01:58:55] "GET /static/admin/img/search.svg HTTP/1.1" 304 0
[19/Sep/2025 01:58:55] "GET /static/admin/js/filters.js HTTP/1.1" 304 0
[19/Sep/2025 01:58:59] "GET /admin/analyses/testcatalog/ HTTP/1.1" 200 40545
Not Found: /.well-known/appspecific/com.chrome.devtools.json
[19/Sep/2025 01:58:59] "GET /.well-known/appspecific/com.chrome.devtools.json HTTP/1.1" 404 2770
[19/Sep/2025 01:58:59] "GET /admin/jsi18n/ HTTP/1.1" 200 3342
[19/Sep/2025 01:59:00] "GET /admin/analyses/analysisrequest/ HTTP/1.1" 200 18723
Not Found: /.well-known/appspecific/com.chrome.devtools.json
[19/Sep/2025 01:59:00] "GET /.well-known/appspecific/com.chrome.devtools.json HTTP/1.1" 404 2770
[19/Sep/2025 01:59:00] "GET /admin/jsi18n/ HTTP/1.1" 200 3342
[19/Sep/2025 01:59:01] "GET /admin/analyses/todaysanalysis/ HTTP/1.1" 200 19436
Not Found: /.well-known/appspecific/com.chrome.devtools.json
[19/Sep/2025 01:59:01] "GET /.well-known/appspecific/com.chrome.devtools.json HTTP/1.1" 404 2770
[19/Sep/2025 01:59:01] "GET /static/analyses/css/todays_analysis_admin.css HTTP/1.1" 404 1928
[19/Sep/2025 01:59:02] "GET /static/admin/img/icon-viewlink.svg HTTP/1.1" 304 0
[19/Sep/2025 01:59:03] "GET /admin/analyses/analysisrequest/ HTTP/1.1" 200 18723
Not Found: /.well-known/appspecific/com.chrome.devtools.json
[19/Sep/2025 01:59:03] "GET /.well-known/appspecific/com.chrome.devtools.json HTTP/1.1" 404 2770
[19/Sep/2025 01:59:03] "GET /admin/jsi18n/ HTTP/1.1" 200 3342
[19/Sep/2025 01:59:07] "GET /admin/analyses/todaysanalysis/ HTTP/1.1" 200 19436
Not Found: /.well-known/appspecific/com.chrome.devtools.json
[19/Sep/2025 01:59:07] "GET /.well-known/appspecific/com.chrome.devtools.json HTTP/1.1" 404 2770
[19/Sep/2025 01:59:07] "GET /static/analyses/css/todays_analysis_admin.css HTTP/1.1" 404 1928
[19/Sep/2025 01:59:13] "GET /admin/analyses/analysisrequest/ HTTP/1.1" 200 18723
Not Found: /.well-known/appspecific/com.chrome.devtools.json
[19/Sep/2025 01:59:13] "GET /.well-known/appspecific/com.chrome.devtools.json HTTP/1.1" 404 2770
[19/Sep/2025 01:59:13] "GET /admin/jsi18n/ HTTP/1.1" 200 3342
[19/Sep/2025 01:59:16] "GET /admin/analyses/todaysanalysis/ HTTP/1.1" 200 19436
Not Found: /.well-known/appspecific/com.chrome.devtools.json
[19/Sep/2025 01:59:16] "GET /.well-known/appspecific/com.chrome.devtools.json HTTP/1.1" 404 2770
[19/Sep/2025 01:59:16] "GET /static/analyses/css/todays_analysis_admin.css HTTP/1.1" 404 1928
[19/Sep/2025 01:59:16] "GET /static/admin/img/icon-yes.svg HTTP/1.1" 304 0
[19/Sep/2025 01:59:21] "HEAD /admin/ HTTP/1.1" 302 0
[19/Sep/2025 01:59:38] "GET /admin/analyses/todaysanalysis/ HTTP/1.1" 200 19436
Not Found: /.well-known/appspecific/com.chrome.devtools.json
[19/Sep/2025 01:59:38] "GET /.well-known/appspecific/com.chrome.devtools.json HTTP/1.1" 404 2770
[19/Sep/2025 01:59:38] "GET /static/analyses/css/todays_analysis_admin.css HTTP/1.1" 404 1928
[19/Sep/2025 01:59:39] "GET /admin/analyses/todaysanalysis/ HTTP/1.1" 200 19436
Not Found: /.well-known/appspecific/com.chrome.devtools.json
[19/Sep/2025 01:59:39] "GET /static/analyses/css/todays_analysis_admin.css HTTP/1.1" 404 1928
[19/Sep/2025 01:59:39] "GET /.well-known/appspecific/com.chrome.devtools.json HTTP/1.1" 404 2770
[19/Sep/2025 01:59:47] "GET /admin/analyses/analysisrequest/ HTTP/1.1" 200 18723
Not Found: /.well-known/appspecific/com.chrome.devtools.json
[19/Sep/2025 01:59:47] "GET /.well-known/appspecific/com.chrome.devtools.json HTTP/1.1" 404 2770
[19/Sep/2025 01:59:47] "GET /admin/jsi18n/ HTTP/1.1" 200 3342
[19/Sep/2025 01:59:48] "GET /admin/analyses/testcatalog/ HTTP/1.1" 200 40545
Not Found: /.well-known/appspecific/com.chrome.devtools.json
[19/Sep/2025 01:59:48] "GET /.well-known/appspecific/com.chrome.devtools.json HTTP/1.1" 404 2770
[19/Sep/2025 01:59:48] "GET /admin/jsi18n/ HTTP/1.1" 200 3342
[19/Sep/2025 01:59:51] "GET /admin/patients/doctor/ HTTP/1.1" 200 16095
Not Found: /.well-known/appspecific/com.chrome.devtools.json
[19/Sep/2025 01:59:51] "GET /.well-known/appspecific/com.chrome.devtools.json HTTP/1.1" 404 2770
[19/Sep/2025 01:59:53] "GET /admin/patients/patient/ HTTP/1.1" 200 20053
Not Found: /.well-known/appspecific/com.chrome.devtools.json
[19/Sep/2025 01:59:53] "GET /.well-known/appspecific/com.chrome.devtools.json HTTP/1.1" 404 2770
[19/Sep/2025 01:59:53] "GET /admin/jsi18n/ HTTP/1.1" 200 3342
[19/Sep/2025 01:59:56] "GET /admin/analyses/analysisrequest/ HTTP/1.1" 200 18723
Not Found: /.well-known/appspecific/com.chrome.devtools.json
[19/Sep/2025 01:59:56] "GET /.well-known/appspecific/com.chrome.devtools.json HTTP/1.1" 404 2770
[19/Sep/2025 01:59:56] "GET /admin/jsi18n/ HTTP/1.1" 200 3342
[19/Sep/2025 01:59:58] "GET /admin/analyses/todaysanalysis/ HTTP/1.1" 200 19436
Not Found: /.well-known/appspecific/com.chrome.devtools.json
[19/Sep/2025 01:59:58] "GET /.well-known/appspecific/com.chrome.devtools.json HTTP/1.1" 404 2770
[19/Sep/2025 01:59:58] "GET /static/analyses/css/todays_analysis_admin.css HTTP/1.1" 404 1928
[19/Sep/2025 02:00:07] "GET /admin/analyses/todaysanalysis/?date=2025-09-20 HTTP/1.1" 302 0
[19/Sep/2025 02:00:07] "GET /admin/analyses/todaysanalysis/?e=1 HTTP/1.1" 200 19488
Not Found: /.well-known/appspecific/com.chrome.devtools.json
[19/Sep/2025 02:00:07] "GET /.well-known/appspecific/com.chrome.devtools.json HTTP/1.1" 404 2770
[19/Sep/2025 02:00:07] "GET /static/analyses/css/todays_analysis_admin.css HTTP/1.1" 404 1928
[19/Sep/2025 02:00:21] "GET /admin/analyses/todaysanalysis/?date=2025-09-20 HTTP/1.1" 302 0
[19/Sep/2025 02:00:21] "GET /admin/analyses/todaysanalysis/?e=1 HTTP/1.1" 200 19488
Not Found: /.well-known/appspecific/com.chrome.devtools.json
[19/Sep/2025 02:00:21] "GET /.well-known/appspecific/com.chrome.devtools.json HTTP/1.1" 404 2770
[19/Sep/2025 02:00:21] "GET /static/analyses/css/todays_analysis_admin.css HTTP/1.1" 404 1928
[19/Sep/2025 02:02:18] "GET /admin/analyses/todaysanalysis/?e=1 HTTP/1.1" 200 21532
Not Found: /.well-known/appspecific/com.chrome.devtools.json
[19/Sep/2025 02:02:18] "GET /.well-known/appspecific/com.chrome.devtools.json HTTP/1.1" 404 2770
[19/Sep/2025 02:02:18] "GET /static/analyses/css/todays_analysis_admin.css HTTP/1.1" 404 1928
[19/Sep/2025 02:03:54] "GET /admin/analyses/todaysanalysis/?e=1 HTTP/1.1" 200 21352
Not Found: /.well-known/appspecific/com.chrome.devtools.json
[19/Sep/2025 02:03:54] "GET /.well-known/appspecific/com.chrome.devtools.json HTTP/1.1" 404 2770
[19/Sep/2025 02:03:54] "GET /static/analyses/css/todays_analysis_admin.css HTTP/1.1" 404 1928
[19/Sep/2025 02:05:25] "GET /admin/analyses/todaysanalysis/?e=1 HTTP/1.1" 200 22094
Not Found: /.well-known/appspecific/com.chrome.devtools.json
[19/Sep/2025 02:05:25] "GET /.well-known/appspecific/com.chrome.devtools.json HTTP/1.1" 404 2770
[19/Sep/2025 02:05:25] "GET /static/admin/css/base.css HTTP/1.1" 304 0
[19/Sep/2025 02:05:25] "GET /static/admin/css/nav_sidebar.css HTTP/1.1" 304 0
[19/Sep/2025 02:05:25] "GET /static/admin/css/dark_mode.css HTTP/1.1" 304 0
[19/Sep/2025 02:05:25] "GET /static/analyses/css/todays_analysis_admin.css HTTP/1.1" 404 1928
[19/Sep/2025 02:05:25] "GET /static/admin/css/changelists.css HTTP/1.1" 304 0
[19/Sep/2025 02:05:25] "GET /static/admin/js/vendor/jquery/jquery.js HTTP/1.1" 304 0
[19/Sep/2025 02:05:25] "GET /static/admin/css/responsive.css HTTP/1.1" 304 0
[19/Sep/2025 02:05:25] "GET /static/admin/js/jquery.init.js HTTP/1.1" 304 0
[19/Sep/2025 02:05:25] "GET /static/admin/js/theme.js HTTP/1.1" 304 0
[19/Sep/2025 02:05:25] "GET /static/admin/js/admin/RelatedObjectLookups.js HTTP/1.1" 304 0
[19/Sep/2025 02:05:25] "GET /static/admin/js/core.js HTTP/1.1" 304 0
[19/Sep/2025 02:05:25] "GET /static/admin/js/actions.js HTTP/1.1" 304 0
[19/Sep/2025 02:05:25] "GET /static/admin/js/vendor/xregexp/xregexp.js HTTP/1.1" 304 0
[19/Sep/2025 02:05:25] "GET /static/admin/img/icon-yes.svg HTTP/1.1" 304 0
[19/Sep/2025 02:05:25] "GET /static/admin/img/search.svg HTTP/1.1" 304 0
[19/Sep/2025 02:05:25] "GET /static/admin/js/prepopulate.js HTTP/1.1" 304 0
[19/Sep/2025 02:05:25] "GET /static/admin/js/urlify.js HTTP/1.1" 304 0
[19/Sep/2025 02:05:25] "GET /static/admin/js/nav_sidebar.js HTTP/1.1" 304 0
[19/Sep/2025 02:05:25] "GET /static/admin/js/filters.js HTTP/1.1" 304 0
[19/Sep/2025 02:05:25] "GET /static/admin/img/icon-addlink.svg HTTP/1.1" 304 0
[19/Sep/2025 02:05:25] "GET /static/admin/img/icon-viewlink.svg HTTP/1.1" 304 0
[19/Sep/2025 02:05:25] "GET /static/admin/img/icon-viewlink.svg HTTP/1.1" 200 581
[19/Sep/2025 02:05:30] "GET /admin/analyses/analysisrequest/ HTTP/1.1" 200 21329
Not Found: /.well-known/appspecific/com.chrome.devtools.json
[19/Sep/2025 02:05:30] "GET /.well-known/appspecific/com.chrome.devtools.json HTTP/1.1" 404 2770
[19/Sep/2025 02:05:30] "GET /admin/jsi18n/ HTTP/1.1" 200 3342
[19/Sep/2025 02:05:46] "GET /admin/analyses/analysisrequest/ HTTP/1.1" 200 21329
[19/Sep/2025 02:05:46] "GET /admin/jsi18n/ HTTP/1.1" 200 3342
[19/Sep/2025 02:05:46] "GET /admin/analyses/analysisrequest/ HTTP/1.1" 200 21329
[19/Sep/2025 02:05:46] "GET /admin/jsi18n/ HTTP/1.1" 200 3342
[19/Sep/2025 02:05:47] "GET /admin/analyses/analysisrequest/ HTTP/1.1" 200 21329
[19/Sep/2025 02:05:47] "GET /admin/jsi18n/ HTTP/1.1" 200 3342
[19/Sep/2025 02:07:03] "GET /admin/analyses/analysisrequest/ HTTP/1.1" 200 21205
[19/Sep/2025 02:07:03] "GET /admin/jsi18n/ HTTP/1.1" 200 3342
[19/Sep/2025 02:07:04] "GET /admin/analyses/analysisrequest/ HTTP/1.1" 200 21205
[19/Sep/2025 02:07:04] "GET /admin/jsi18n/ HTTP/1.1" 200 3342
[19/Sep/2025 02:07:05] "GET /admin/analyses/analysisrequest/ HTTP/1.1" 200 21205
[19/Sep/2025 02:07:05] "GET /admin/jsi18n/ HTTP/1.1" 200 3342
[19/Sep/2025 02:07:06] "GET /admin/analyses/analysisrequest/ HTTP/1.1" 200 21205
[19/Sep/2025 02:07:06] "GET /admin/jsi18n/ HTTP/1.1" 200 3342
[19/Sep/2025 02:07:08] "GET /admin/patients/doctor/ HTTP/1.1" 200 18577
[19/Sep/2025 02:07:19] "GET /admin/analyses/todaysanalysis/ HTTP/1.1" 200 21918
[19/Sep/2025 02:07:19] "GET /static/analyses/css/todays_analysis_admin.css HTTP/1.1" 404 1928
[19/Sep/2025 02:07:19] "GET /static/admin/img/icon-viewlink.svg HTTP/1.1" 200 581
[19/Sep/2025 02:07:27] "GET /static/analyses/css/todays_analysis_admin.css HTTP/1.1" 404 1928
Not Found: /.well-known/appspecific/com.chrome.devtools.json
[19/Sep/2025 02:07:27] "GET /.well-known/appspecific/com.chrome.devtools.json HTTP/1.1" 404 2770
[19/Sep/2025 02:07:30] "GET /admin/analyses/analysisrequest/ HTTP/1.1" 200 21205
Not Found: /.well-known/appspecific/com.chrome.devtools.json
[19/Sep/2025 02:07:30] "GET /.well-known/appspecific/com.chrome.devtools.json HTTP/1.1" 404 2770
[19/Sep/2025 02:07:30] "GET /admin/jsi18n/ HTTP/1.1" 200 3342
[19/Sep/2025 02:07:31] "GET /admin/analyses/testcatalog/ HTTP/1.1" 200 43027
Not Found: /.well-known/appspecific/com.chrome.devtools.json
[19/Sep/2025 02:07:31] "GET /.well-known/appspecific/com.chrome.devtools.json HTTP/1.1" 404 2770
[19/Sep/2025 02:07:31] "GET /admin/jsi18n/ HTTP/1.1" 200 3342
[19/Sep/2025 02:07:33] "GET /admin/analyses/analysisresultslink/ HTTP/1.1" 302 0
[19/Sep/2025 02:07:33] "GET /analyses/results/ HTTP/1.1" 200 8625
Not Found: /.well-known/appspecific/com.chrome.devtools.json
[19/Sep/2025 02:07:33] "GET /.well-known/appspecific/com.chrome.devtools.json HTTP/1.1" 404 2770
[19/Sep/2025 02:07:34] "GET /admin/analyses/testcatalog/ HTTP/1.1" 200 43027
Not Found: /.well-known/appspecific/com.chrome.devtools.json
[19/Sep/2025 02:07:34] "GET /.well-known/appspecific/com.chrome.devtools.json HTTP/1.1" 404 2770
[19/Sep/2025 02:07:35] "GET /admin/analyses/analysis/ HTTP/1.1" 200 28238
Not Found: /.well-known/appspecific/com.chrome.devtools.json
[19/Sep/2025 02:07:35] "GET /.well-known/appspecific/com.chrome.devtools.json HTTP/1.1" 404 2770
[19/Sep/2025 02:07:35] "GET /admin/jsi18n/ HTTP/1.1" 200 3342
[19/Sep/2025 02:07:36] "GET /admin/analyses/todaysanalysis/ HTTP/1.1" 200 21918
Not Found: /.well-known/appspecific/com.chrome.devtools.json
[19/Sep/2025 02:07:36] "GET /.well-known/appspecific/com.chrome.devtools.json HTTP/1.1" 404 2770
[19/Sep/2025 02:07:36] "GET /static/analyses/css/todays_analysis_admin.css HTTP/1.1" 404 1928
[19/Sep/2025 02:09:27] "GET /admin/analyses/todaysanalysis/ HTTP/1.1" 200 21918
Not Found: /.well-known/appspecific/com.chrome.devtools.json
[19/Sep/2025 02:09:27] "GET /.well-known/appspecific/com.chrome.devtools.json HTTP/1.1" 404 2770
[19/Sep/2025 02:09:27] "GET /static/analyses/css/todays_analysis_admin.css HTTP/1.1" 404 1928
[19/Sep/2025 02:09:28] "GET /admin/analyses/todaysanalysis/ HTTP/1.1" 200 21918
Not Found: /.well-known/appspecific/com.chrome.devtools.json
[19/Sep/2025 02:09:28] "GET /.well-known/appspecific/com.chrome.devtools.json HTTP/1.1" 404 2770
[19/Sep/2025 02:09:28] "GET /static/analyses/css/todays_analysis_admin.css HTTP/1.1" 404 1928
[19/Sep/2025 02:09:52] "GET /admin/analyses/todaysanalysis/ HTTP/1.1" 200 21918
Not Found: /.well-known/appspecific/com.chrome.devtools.json
[19/Sep/2025 02:09:52] "GET /.well-known/appspecific/com.chrome.devtools.json HTTP/1.1" 404 2770
[19/Sep/2025 02:09:52] "GET /static/analyses/css/todays_analysis_admin.css HTTP/1.1" 404 1928
[19/Sep/2025 02:09:52] "GET /admin/analyses/todaysanalysis/ HTTP/1.1" 200 21918
Not Found: /.well-known/appspecific/com.chrome.devtools.json
[19/Sep/2025 02:09:52] "GET /.well-known/appspecific/com.chrome.devtools.json HTTP/1.1" 404 2770
[19/Sep/2025 02:09:52] "GET /static/analyses/css/todays_analysis_admin.css HTTP/1.1" 404 1928
[19/Sep/2025 02:09:53] "GET /admin/analyses/todaysanalysis/ HTTP/1.1" 200 21918
Not Found: /.well-known/appspecific/com.chrome.devtools.json
[19/Sep/2025 02:09:53] "GET /.well-known/appspecific/com.chrome.devtools.json HTTP/1.1" 404 2770
[19/Sep/2025 02:09:53] "GET /static/analyses/css/todays_analysis_admin.css HTTP/1.1" 404 1928
[19/Sep/2025 02:18:58] "GET /admin/analyses/todaysanalysis/ HTTP/1.1" 200 21918
Not Found: /.well-known/appspecific/com.chrome.devtools.json
[19/Sep/2025 02:18:58] "GET /.well-known/appspecific/com.chrome.devtools.json HTTP/1.1" 404 2770
[19/Sep/2025 02:18:58] "GET /static/admin/css/nav_sidebar.css HTTP/1.1" 304 0
[19/Sep/2025 02:18:58] "GET /static/admin/css/base.css HTTP/1.1" 304 0
[19/Sep/2025 02:18:58] "GET /static/analyses/css/todays_analysis_admin.css HTTP/1.1" 404 1928
[19/Sep/2025 02:18:58] "GET /static/admin/css/dark_mode.css HTTP/1.1" 304 0
[19/Sep/2025 02:18:58] "GET /static/admin/css/changelists.css HTTP/1.1" 304 0
[19/Sep/2025 02:18:58] "GET /static/admin/css/responsive.css HTTP/1.1" 304 0
[19/Sep/2025 02:18:58] "GET /static/admin/js/vendor/jquery/jquery.js HTTP/1.1" 304 0
[19/Sep/2025 02:18:58] "GET /static/analyses/auto_fill_price.js HTTP/1.1" 304 0
[19/Sep/2025 02:18:58] "GET /static/admin/js/core.js HTTP/1.1" 304 0
[19/Sep/2025 02:18:58] "GET /static/admin/js/theme.js HTTP/1.1" 304 0
[19/Sep/2025 02:18:58] "GET /static/admin/js/jquery.init.js HTTP/1.1" 304 0
[19/Sep/2025 02:18:58] "GET /static/admin/js/admin/RelatedObjectLookups.js HTTP/1.1" 304 0
[19/Sep/2025 02:18:58] "GET /static/admin/js/actions.js HTTP/1.1" 304 0
[19/Sep/2025 02:18:58] "GET /static/admin/js/urlify.js HTTP/1.1" 304 0
[19/Sep/2025 02:18:58] "GET /static/admin/js/prepopulate.js HTTP/1.1" 304 0
[19/Sep/2025 02:18:58] "GET /static/admin/js/vendor/xregexp/xregexp.js HTTP/1.1" 304 0
[19/Sep/2025 02:18:58] "GET /static/admin/img/icon-yes.svg HTTP/1.1" 304 0
[19/Sep/2025 02:18:58] "GET /static/admin/img/search.svg HTTP/1.1" 304 0
[19/Sep/2025 02:18:58] "GET /static/admin/js/nav_sidebar.js HTTP/1.1" 304 0
[19/Sep/2025 02:18:58] "GET /static/admin/js/filters.js HTTP/1.1" 304 0
[19/Sep/2025 02:18:59] "GET /static/admin/img/icon-addlink.svg HTTP/1.1" 304 0
[19/Sep/2025 02:18:59] "GET /static/admin/img/icon-viewlink.svg HTTP/1.1" 304 0
[19/Sep/2025 02:18:59] "GET /admin/analyses/todaysanalysis/ HTTP/1.1" 200 21918
Not Found: /.well-known/appspecific/com.chrome.devtools.json
[19/Sep/2025 02:18:59] "GET /.well-known/appspecific/com.chrome.devtools.json HTTP/1.1" 404 2770
[19/Sep/2025 02:18:59] "GET /static/analyses/css/todays_analysis_admin.css HTTP/1.1" 404 1928
[19/Sep/2025 02:19:11] "GET /admin/analyses/todaysanalysis/ HTTP/1.1" 200 21918
Not Found: /.well-known/appspecific/com.chrome.devtools.json
[19/Sep/2025 02:19:11] "GET /.well-known/appspecific/com.chrome.devtools.json HTTP/1.1" 404 2770
[19/Sep/2025 02:19:11] "GET /static/analyses/css/todays_analysis_admin.css HTTP/1.1" 404 1928
[19/Sep/2025 02:19:12] "GET /admin/analyses/todaysanalysis/ HTTP/1.1" 200 21918
Not Found: /.well-known/appspecific/com.chrome.devtools.json
[19/Sep/2025 02:19:12] "GET /.well-known/appspecific/com.chrome.devtools.json HTTP/1.1" 404 2770
[19/Sep/2025 02:19:12] "GET /static/analyses/css/todays_analysis_admin.css HTTP/1.1" 404 1928
[19/Sep/2025 02:59:03] "GET /admin/analyses/todaysanalysis/ HTTP/1.1" 200 17458
Not Found: /.well-known/appspecific/com.chrome.devtools.json
[19/Sep/2025 02:59:03] "GET /.well-known/appspecific/com.chrome.devtools.json HTTP/1.1" 404 2770
[19/Sep/2025 02:59:03] "GET /static/admin/css/base.css HTTP/1.1" 304 0
[19/Sep/2025 02:59:03] "GET /static/admin/css/changelists.css HTTP/1.1" 304 0
[19/Sep/2025 02:59:03] "GET /static/admin/css/dark_mode.css HTTP/1.1" 304 0
[19/Sep/2025 02:59:03] "GET /static/admin/css/responsive.css HTTP/1.1" 304 0
[19/Sep/2025 02:59:03] "GET /static/analyses/css/todays_analysis_admin.css HTTP/1.1" 404 1928
[19/Sep/2025 02:59:03] "GET /static/admin/css/nav_sidebar.css HTTP/1.1" 304 0
[19/Sep/2025 02:59:03] "GET /static/admin/js/jquery.init.js HTTP/1.1" 304 0
[19/Sep/2025 02:59:03] "GET /static/admin/js/theme.js HTTP/1.1" 304 0
[19/Sep/2025 02:59:03] "GET /static/admin/js/admin/RelatedObjectLookups.js HTTP/1.1" 304 0
[19/Sep/2025 02:59:03] "GET /static/admin/js/vendor/jquery/jquery.js HTTP/1.1" 304 0
[19/Sep/2025 02:59:03] "GET /static/admin/js/core.js HTTP/1.1" 304 0
[19/Sep/2025 02:59:03] "GET /static/admin/js/actions.js HTTP/1.1" 304 0
[19/Sep/2025 02:59:03] "GET /static/admin/js/urlify.js HTTP/1.1" 304 0
[19/Sep/2025 02:59:03] "GET /static/admin/img/icon-yes.svg HTTP/1.1" 304 0
[19/Sep/2025 02:59:03] "GET /static/admin/js/vendor/xregexp/xregexp.js HTTP/1.1" 304 0
[19/Sep/2025 02:59:03] "GET /static/admin/js/prepopulate.js HTTP/1.1" 304 0
[19/Sep/2025 02:59:03] "GET /static/admin/img/search.svg HTTP/1.1" 304 0
[19/Sep/2025 02:59:03] "GET /static/admin/js/nav_sidebar.js HTTP/1.1" 304 0
[19/Sep/2025 02:59:03] "GET /static/admin/js/filters.js HTTP/1.1" 304 0
[19/Sep/2025 02:59:04] "GET /static/admin/img/icon-addlink.svg HTTP/1.1" 304 0
[19/Sep/2025 02:59:04] "GET /static/admin/img/icon-viewlink.svg HTTP/1.1" 304 0
[19/Sep/2025 02:59:04] "GET /static/admin/img/icon-viewlink.svg HTTP/1.1" 304 0
[19/Sep/2025 02:59:17] "GET /admin/analyses/todaysanalysis/ HTTP/1.1" 200 21918
Not Found: /.well-known/appspecific/com.chrome.devtools.json
[19/Sep/2025 02:59:17] "GET /.well-known/appspecific/com.chrome.devtools.json HTTP/1.1" 404 2770
[19/Sep/2025 02:59:17] "GET /static/analyses/css/todays_analysis_admin.css HTTP/1.1" 404 1928
[19/Sep/2025 02:59:17] "GET /static/admin/img/icon-viewlink.svg HTTP/1.1" 200 581
[19/Sep/2025 02:59:21] "GET /admin/analyses/analysisrequest/ HTTP/1.1" 200 21205
Not Found: /.well-known/appspecific/com.chrome.devtools.json
[19/Sep/2025 02:59:21] "GET /.well-known/appspecific/com.chrome.devtools.json HTTP/1.1" 404 2770
[19/Sep/2025 02:59:21] "GET /admin/jsi18n/ HTTP/1.1" 200 3342
[19/Sep/2025 02:59:25] "GET /admin/analyses/todaysanalysis/ HTTP/1.1" 200 21918
[19/Sep/2025 02:59:25] "GET /static/analyses/css/todays_analysis_admin.css HTTP/1.1" 404 1928
[19/Sep/2025 02:59:29] "GET /admin/patients/patient/ HTTP/1.1" 200 22535
[19/Sep/2025 02:59:29] "GET /admin/jsi18n/ HTTP/1.1" 200 3342
[19/Sep/2025 02:59:34] "GET /admin/analyses/analysisrequest/ HTTP/1.1" 200 21205
[19/Sep/2025 02:59:34] "GET /admin/jsi18n/ HTTP/1.1" 200 3342
[19/Sep/2025 02:59:35] "GET /admin/analyses/analysisrequest/add/ HTTP/1.1" 200 26772
[19/Sep/2025 02:59:35] "GET /static/admin/js/calendar.js HTTP/1.1" 304 0
[19/Sep/2025 02:59:35] "GET /static/admin/css/forms.css HTTP/1.1" 304 0
[19/Sep/2025 02:59:35] "GET /static/admin/css/autocomplete.css HTTP/1.1" 304 0
[19/Sep/2025 02:59:35] "GET /static/admin/js/vendor/select2/i18n/en.js HTTP/1.1" 304 0
[19/Sep/2025 02:59:35] "GET /static/admin/css/vendor/select2/select2.css HTTP/1.1" 304 0
[19/Sep/2025 02:59:35] "GET /static/admin/js/admin/DateTimeShortcuts.js HTTP/1.1" 304 0
[19/Sep/2025 02:59:35] "GET /static/admin/js/vendor/select2/select2.full.js HTTP/1.1" 304 0
[19/Sep/2025 02:59:35] "GET /static/admin/js/autocomplete.js HTTP/1.1" 304 0
[19/Sep/2025 02:59:35] "GET /admin/jsi18n/ HTTP/1.1" 200 3342
[19/Sep/2025 02:59:35] "GET /static/admin/css/widgets.css HTTP/1.1" 304 0
[19/Sep/2025 02:59:35] "GET /static/admin/js/prepopulate_init.js HTTP/1.1" 304 0
[19/Sep/2025 02:59:35] "GET /static/admin/img/icon-changelink.svg HTTP/1.1" 304 0
[19/Sep/2025 02:59:35] "GET /static/admin/js/change_form.js HTTP/1.1" 304 0
[19/Sep/2025 02:59:35] "GET /static/admin/img/icon-clock.svg HTTP/1.1" 304 0
[19/Sep/2025 02:59:35] "GET /static/admin/img/icon-calendar.svg HTTP/1.1" 304 0
[19/Sep/2025 02:59:36] "GET /static/admin/img/calendar-icons.svg HTTP/1.1" 304 0
[19/Sep/2025 02:59:37] "GET /admin/patients/patient/add/?_to_field=id&_popup=1 HTTP/1.1" 200 14453
[19/Sep/2025 02:59:37] "GET /admin/jsi18n/ HTTP/1.1" 200 3342
[19/Sep/2025 02:59:57] "POST /admin/patients/patient/add/?_to_field=id&_popup=1 HTTP/1.1" 200 338
[19/Sep/2025 02:59:57] "GET /static/admin/js/popup_response.js HTTP/1.1" 200 532
[19/Sep/2025 02:59:59] "GET /admin/analyses/testcatalog/add/?_to_field=id&_popup=1 HTTP/1.1" 200 12355
[19/Sep/2025 02:59:59] "GET /admin/jsi18n/ HTTP/1.1" 200 3342
[19/Sep/2025 03:00:14] "POST /admin/analyses/testcatalog/add/?_to_field=id&_popup=1 HTTP/1.1" 200 334
[19/Sep/2025 03:00:14] "GET /analyses/test-price/211/ HTTP/1.1" 200 19
[19/Sep/2025 03:00:20] "GET /admin/patients/doctor/add/?_to_field=id&_popup=1 HTTP/1.1" 200 11689
[19/Sep/2025 03:00:20] "GET /admin/jsi18n/ HTTP/1.1" 200 3342
[19/Sep/2025 03:00:40] "POST /admin/patients/doctor/add/?_to_field=id&_popup=1 HTTP/1.1" 200 391
[19/Sep/2025 03:00:42] "POST /admin/analyses/analysisrequest/add/ HTTP/1.1" 302 0
[19/Sep/2025 03:00:42] "GET /admin/analyses/analysisrequest/13/change/ HTTP/1.1" 200 27448
[19/Sep/2025 03:00:42] "GET /admin/jsi18n/ HTTP/1.1" 200 3342
[19/Sep/2025 03:00:42] "GET /analyses/test-price/211/ HTTP/1.1" 200 19
[19/Sep/2025 03:00:42] "GET /analyses/test-price/211/ HTTP/1.1" 200 19
[19/Sep/2025 03:00:44] "GET /admin/analyses/todaysanalysis/ HTTP/1.1" 200 22360
[19/Sep/2025 03:00:44] "GET /static/analyses/css/todays_analysis_admin.css HTTP/1.1" 404 1928
[19/Sep/2025 03:00:44] "GET /static/admin/img/icon-no.svg HTTP/1.1" 304 0
[19/Sep/2025 03:00:49] "GET /admin/analyses/analysis/add/?patient=5&test=211 HTTP/1.1" 200 22756
[19/Sep/2025 03:00:49] "GET /admin/jsi18n/ HTTP/1.1" 200 3342
[19/Sep/2025 03:00:49] "GET /analyses/test-price/211/ HTTP/1.1" 200 19
[19/Sep/2025 03:00:49] "GET /analyses/test-price/211/ HTTP/1.1" 200 19
[19/Sep/2025 03:00:54] "POST /admin/analyses/analysis/add/?patient=5&test=211 HTTP/1.1" 302 0
[19/Sep/2025 03:00:54] "GET /admin/analyses/analysis/7/change/?patient=5&test=211 HTTP/1.1" 200 23218
[19/Sep/2025 03:00:54] "GET /admin/jsi18n/ HTTP/1.1" 200 3342
[19/Sep/2025 03:00:54] "GET /analyses/test-price/211/ HTTP/1.1" 200 19
[19/Sep/2025 03:00:54] "GET /analyses/test-price/211/ HTTP/1.1" 200 19
[19/Sep/2025 03:00:59] "GET /admin/analyses/analysisrequest/ HTTP/1.1" 200 21645
[19/Sep/2025 03:00:59] "GET /admin/jsi18n/ HTTP/1.1" 200 3342
[19/Sep/2025 03:01:02] "GET /admin/analyses/todaysanalysis/ HTTP/1.1" 200 22472
[19/Sep/2025 03:01:02] "GET /static/analyses/css/todays_analysis_admin.css HTTP/1.1" 404 1928
[19/Sep/2025 03:01:03] "GET /analyses/analysis/7/report/ HTTP/1.1" 200 8707
[19/Sep/2025 03:01:11] "GET /admin/analyses/analysis/7/change/ HTTP/1.1" 200 22972
[19/Sep/2025 03:01:11] "GET /admin/jsi18n/ HTTP/1.1" 200 3342
[19/Sep/2025 03:01:11] "GET /analyses/test-price/211/ HTTP/1.1" 200 19
[19/Sep/2025 03:01:11] "GET /analyses/test-price/211/ HTTP/1.1" 200 19
[19/Sep/2025 03:01:13] "GET /admin/patients/patient/ HTTP/1.1" 200 23057
[19/Sep/2025 03:01:13] "GET /admin/jsi18n/ HTTP/1.1" 200 3342
[19/Sep/2025 03:01:14] "GET /admin/patients/patient/5/change/ HTTP/1.1" 200 22695
[19/Sep/2025 03:01:14] "GET /admin/jsi18n/ HTTP/1.1" 200 3342
[19/Sep/2025 03:01:19] "GET /admin/analyses/analysisresultslink/ HTTP/1.1" 302 0
[19/Sep/2025 03:01:19] "GET /analyses/results/ HTTP/1.1" 200 8625
[19/Sep/2025 03:01:24] "POST /analyses/results/ HTTP/1.1" 200 9273
[19/Sep/2025 03:01:27] "POST /analyses/results/ HTTP/1.1" 200 8788
[19/Sep/2025 03:02:06] "GET /analyses/results/ HTTP/1.1" 200 8625
[19/Sep/2025 03:02:07] "GET /admin/patients/patient/5/change/ HTTP/1.1" 200 22695
